{
  "stats": {
    "suites": 1,
    "tests": 4,
    "passes": 0,
    "pending": 0,
    "failures": 4,
    "start": "2023-06-04T19:06:03.187Z",
    "end": "2023-06-04T19:06:03.322Z",
    "duration": 135,
    "testsRegistered": 4,
    "passPercent": 0,
    "pendingPercent": 0,
    "other": 0,
    "hasOther": false,
    "skipped": 0,
    "hasSkipped": false
  },
  "results": [
    {
      "uuid": "fc109bc3-3c9d-4cbb-a0d2-ef6c407d19d5",
      "title": "",
      "fullFile": "cypress/e2e/08.testCoverage60.cy.js",
      "file": "cypress/e2e/08.testCoverage60.cy.js",
      "beforeHooks": [],
      "afterHooks": [],
      "tests": [],
      "suites": [
        {
          "uuid": "fdf0d3a4-64ab-46dd-bdbc-bf4f01db3eca",
          "title": "8 - Desenvolva testes para atingir 60% de cobertura total da aplicação",
          "fullFile": "",
          "file": "",
          "beforeHooks": [],
          "afterHooks": [],
          "tests": [
            {
              "title": "Cobertura de \"Statements\" total deverá ser maior ou igual a 60.",
              "fullTitle": "8 - Desenvolva testes para atingir 60% de cobertura total da aplicação Cobertura de \"Statements\" total deverá ser maior ou igual a 60.",
              "timedOut": null,
              "duration": 31,
              "state": "failed",
              "speed": null,
              "pass": false,
              "fail": true,
              "pending": false,
              "context": null,
              "code": "cy.getCoverage().its('total.statements.pct', {\n  timeout: 0\n}).should('be.gte', 60.00);",
              "err": {
                "message": "AssertionError: Timed out retrying after 0ms: expected 13.72 to be at least 60",
                "estack": "AssertionError: Timed out retrying after 0ms: expected 13.72 to be at least 60\n    at Context.eval (webpack:///./cypress/e2e/08.testCoverage60.cy.js:3:65)",
                "diff": "- 13.72\n+ 60\n"
              },
              "uuid": "9a12914d-002f-40e1-bd57-0e7fc0d69a22",
              "parentUUID": "fdf0d3a4-64ab-46dd-bdbc-bf4f01db3eca",
              "isHook": false,
              "skipped": false
            },
            {
              "title": "Cobertura de \"Functions\" total deverá ser maior ou igual a 60.",
              "fullTitle": "8 - Desenvolva testes para atingir 60% de cobertura total da aplicação Cobertura de \"Functions\" total deverá ser maior ou igual a 60.",
              "timedOut": null,
              "duration": 12,
              "state": "failed",
              "speed": null,
              "pass": false,
              "fail": true,
              "pending": false,
              "context": null,
              "code": "cy.getCoverage().its('total.functions.pct', {\n  timeout: 0\n}).should('be.gte', 60.00);",
              "err": {
                "message": "AssertionError: Timed out retrying after 0ms: expected 15 to be at least 60",
                "estack": "AssertionError: Timed out retrying after 0ms: expected 15 to be at least 60\n    at Context.eval (webpack:///./cypress/e2e/08.testCoverage60.cy.js:7:64)",
                "diff": "- 15\n+ 60\n"
              },
              "uuid": "f1698caf-8f8a-4ec0-8f88-11c159c0bb4a",
              "parentUUID": "fdf0d3a4-64ab-46dd-bdbc-bf4f01db3eca",
              "isHook": false,
              "skipped": false
            },
            {
              "title": "Cobertura de \"Branches\" total deverá ser maior ou igual a 60.",
              "fullTitle": "8 - Desenvolva testes para atingir 60% de cobertura total da aplicação Cobertura de \"Branches\" total deverá ser maior ou igual a 60.",
              "timedOut": null,
              "duration": 9,
              "state": "failed",
              "speed": null,
              "pass": false,
              "fail": true,
              "pending": false,
              "context": null,
              "code": "cy.getCoverage().its('total.branches.pct', {\n  timeout: 0\n}).should('be.gte', 60.00);",
              "err": {
                "message": "AssertionError: Timed out retrying after 0ms: expected 0 to be at least 60",
                "estack": "AssertionError: Timed out retrying after 0ms: expected 0 to be at least 60\n    at Context.eval (webpack:///./cypress/e2e/08.testCoverage60.cy.js:11:63)",
                "diff": null
              },
              "uuid": "3b74157e-fe25-4fa6-ab64-e684a833a10d",
              "parentUUID": "fdf0d3a4-64ab-46dd-bdbc-bf4f01db3eca",
              "isHook": false,
              "skipped": false
            },
            {
              "title": "Cobertura de \"Lines\" total deverá ser maior ou igual a 60.",
              "fullTitle": "8 - Desenvolva testes para atingir 60% de cobertura total da aplicação Cobertura de \"Lines\" total deverá ser maior ou igual a 60.",
              "timedOut": null,
              "duration": 13,
              "state": "failed",
              "speed": null,
              "pass": false,
              "fail": true,
              "pending": false,
              "context": null,
              "code": "cy.getCoverage().its('total.lines.pct', {\n  timeout: 0\n}).should('be.gte', 60.00);",
              "err": {
                "message": "AssertionError: Timed out retrying after 0ms: expected 14.14 to be at least 60",
                "estack": "AssertionError: Timed out retrying after 0ms: expected 14.14 to be at least 60\n    at Context.eval (webpack:///./cypress/e2e/08.testCoverage60.cy.js:15:60)",
                "diff": "- 14.14\n+ 60\n"
              },
              "uuid": "8279bccc-6a80-4f2f-b7ae-fbd945250f75",
              "parentUUID": "fdf0d3a4-64ab-46dd-bdbc-bf4f01db3eca",
              "isHook": false,
              "skipped": false
            }
          ],
          "suites": [],
          "passes": [],
          "failures": [
            "9a12914d-002f-40e1-bd57-0e7fc0d69a22",
            "f1698caf-8f8a-4ec0-8f88-11c159c0bb4a",
            "3b74157e-fe25-4fa6-ab64-e684a833a10d",
            "8279bccc-6a80-4f2f-b7ae-fbd945250f75"
          ],
          "pending": [],
          "skipped": [],
          "duration": 65,
          "root": false,
          "rootEmpty": false,
          "_timeout": 2000
        }
      ],
      "passes": [],
      "failures": [],
      "pending": [],
      "skipped": [],
      "duration": 0,
      "root": true,
      "rootEmpty": true,
      "_timeout": 2000
    }
  ],
  "meta": {
    "mocha": {
      "version": "7.0.1"
    },
    "mochawesome": {
      "options": {
        "quiet": false,
        "reportFilename": "mochawesome",
        "saveHtml": false,
        "saveJson": true,
        "consoleReporter": "spec",
        "useInlineDiffs": false,
        "code": true
      },
      "version": "7.1.3"
    },
    "marge": {
      "options": {
        "id": "default",
        "reportDir": "cypress/reports",
        "overwrite": false,
        "html": false,
        "json": true
      },
      "version": "6.2.0"
    }
  }
}