{
  "stats": {
    "suites": 1,
    "tests": 5,
    "passes": 5,
    "pending": 0,
    "failures": 0,
    "start": "2023-06-04T19:05:49.909Z",
    "end": "2023-06-04T19:05:55.163Z",
    "duration": 5254,
    "testsRegistered": 5,
    "passPercent": 100,
    "pendingPercent": 0,
    "other": 0,
    "hasOther": false,
    "skipped": 0,
    "hasSkipped": false
  },
  "results": [
    {
      "uuid": "65b004a8-5886-447e-ba8d-ddea95704976",
      "title": "",
      "fullFile": "cypress/e2e/06.repeatedFilters.cy.js",
      "file": "cypress/e2e/06.repeatedFilters.cy.js",
      "beforeHooks": [],
      "afterHooks": [],
      "tests": [],
      "suites": [
        {
          "uuid": "046def99-60c8-43af-8e85-3fcb3da62a0d",
          "title": "6 - Não utilize filtros repetidos",
          "fullFile": "",
          "file": "",
          "beforeHooks": [],
          "afterHooks": [],
          "tests": [
            {
              "title": "Filtre por população e o remove das opções",
              "fullTitle": "6 - Não utilize filtros repetidos Filtre por população e o remove das opções",
              "timedOut": null,
              "duration": 1031,
              "state": "passed",
              "speed": "fast",
              "pass": true,
              "fail": false,
              "pending": false,
              "context": null,
              "code": "const allColumnsOptions = [\"population\", \"orbital_period\", \"diameter\", \"rotation_period\", \"surface_water\"];\ncy.getByTestId(_dataTestIds.COLUMN_FILTER).find(\"option\").should(options => {\n  expect(options).to.have.length(allColumnsOptions.length);\n  allColumnsOptions.forEach(option => {\n    expect(options).to.contain(option);\n  });\n});\ncy.addFilter(\"population\", \"maior que\", \"8000\");\ncy.get(\"table tr\").should(\"have.length\", FILTERED_ROWS_COUNT_POPULATION);\ncy.getByTestId(_dataTestIds.COLUMN_FILTER).find(\"option\").should(options => {\n  expect(options).to.have.length(allColumnsOptions.length - 1);\n  expect(options).to.not.contain(\"population\");\n});",
              "err": {},
              "uuid": "201f8ee7-50e4-49d9-a7c1-d645e309bfdd",
              "parentUUID": "046def99-60c8-43af-8e85-3fcb3da62a0d",
              "isHook": false,
              "skipped": false
            },
            {
              "title": "Filtre por diâmetro e o remove das opções",
              "fullTitle": "6 - Não utilize filtros repetidos Filtre por diâmetro e o remove das opções",
              "timedOut": null,
              "duration": 816,
              "state": "passed",
              "speed": "fast",
              "pass": true,
              "fail": false,
              "pending": false,
              "context": null,
              "code": "const allColumnsOptions = [\"population\", \"orbital_period\", \"diameter\", \"rotation_period\", \"surface_water\"];\ncy.getByTestId(_dataTestIds.COLUMN_FILTER).find(\"option\").should(options => {\n  expect(options).to.have.length(allColumnsOptions.length);\n  allColumnsOptions.forEach(option => {\n    expect(options).to.contain(option);\n  });\n});\ncy.addFilter(\"diameter\", \"maior que\", \"12240\");\ncy.get(\"table tr\").should(\"have.length\", FILTERED_ROWS_COUNT_DIAMETER);\ncy.getByTestId(_dataTestIds.COLUMN_FILTER).find(\"option\").should(options => {\n  expect(options).to.have.length(allColumnsOptions.length - 1);\n  expect(options).to.not.contain(\"diameter\");\n});",
              "err": {},
              "uuid": "4047564d-b687-4ac6-aa48-e56dbd0162d3",
              "parentUUID": "046def99-60c8-43af-8e85-3fcb3da62a0d",
              "isHook": false,
              "skipped": false
            },
            {
              "title": "Filtre por período de rotação e o remove das opções",
              "fullTitle": "6 - Não utilize filtros repetidos Filtre por período de rotação e o remove das opções",
              "timedOut": null,
              "duration": 791,
              "state": "passed",
              "speed": "fast",
              "pass": true,
              "fail": false,
              "pending": false,
              "context": null,
              "code": "const allColumnsOptions = [\"population\", \"orbital_period\", \"diameter\", \"rotation_period\", \"surface_water\"];\ncy.getByTestId(_dataTestIds.COLUMN_FILTER).find(\"option\").should(options => {\n  expect(options).to.have.length(allColumnsOptions.length);\n  allColumnsOptions.forEach(option => {\n    expect(options).to.contain(option);\n  });\n});\ncy.addFilter(\"rotation_period\", \"maior que\", \"25\");\ncy.get(\"table tr\").should(\"have.length\", FILTERED_ROWS_COUNT_ROTATION_PERIOD);\ncy.getByTestId(_dataTestIds.COLUMN_FILTER).find(\"option\").should(options => {\n  expect(options).to.have.length(allColumnsOptions.length - 1);\n  expect(options).to.not.contain(\"rotation_period\");\n});",
              "err": {},
              "uuid": "df90ef70-3760-4b8e-b4bc-f3baae7a6154",
              "parentUUID": "046def99-60c8-43af-8e85-3fcb3da62a0d",
              "isHook": false,
              "skipped": false
            },
            {
              "title": "Filtre por período de órbita e o remove das opções",
              "fullTitle": "6 - Não utilize filtros repetidos Filtre por período de órbita e o remove das opções",
              "timedOut": null,
              "duration": 854,
              "state": "passed",
              "speed": "fast",
              "pass": true,
              "fail": false,
              "pending": false,
              "context": null,
              "code": "const allColumnsOptions = [\"population\", \"orbital_period\", \"diameter\", \"rotation_period\", \"surface_water\"];\ncy.getByTestId(_dataTestIds.COLUMN_FILTER).find(\"option\").should(options => {\n  expect(options).to.have.length(allColumnsOptions.length);\n  allColumnsOptions.forEach(option => {\n    expect(options).to.contain(option);\n  });\n});\ncy.addFilter(\"orbital_period\", \"maior que\", \"350\");\ncy.get(\"table tr\").should(\"have.length\", FILTERED_ROWS_COUNT_ORBITAL_PERIOD);\ncy.getByTestId(_dataTestIds.COLUMN_FILTER).find(\"option\").should(options => {\n  expect(options).to.have.length(allColumnsOptions.length - 1);\n  expect(options).to.not.contain(\"orbital_period\");\n});",
              "err": {},
              "uuid": "b98d083b-9ee3-413f-a280-516bc5dac583",
              "parentUUID": "046def99-60c8-43af-8e85-3fcb3da62a0d",
              "isHook": false,
              "skipped": false
            },
            {
              "title": "Filtre por superfície aquática e o remove das opções",
              "fullTitle": "6 - Não utilize filtros repetidos Filtre por superfície aquática e o remove das opções",
              "timedOut": null,
              "duration": 805,
              "state": "passed",
              "speed": "fast",
              "pass": true,
              "fail": false,
              "pending": false,
              "context": null,
              "code": "const allColumnsOptions = [\"population\", \"orbital_period\", \"diameter\", \"rotation_period\", \"surface_water\"];\ncy.getByTestId(_dataTestIds.COLUMN_FILTER).find(\"option\").should(options => {\n  expect(options).to.have.length(allColumnsOptions.length);\n  allColumnsOptions.forEach(option => {\n    expect(options).to.contain(option);\n  });\n});\ncy.addFilter(\"surface_water\", \"maior que\", \"99\");\ncy.get(\"table tr\").should(\"have.length\", FILTERED_ROWS_COUNT_SURFACE_WATER);\ncy.getByTestId(_dataTestIds.COLUMN_FILTER).find(\"option\").should(options => {\n  expect(options).to.have.length(allColumnsOptions.length - 1);\n  expect(options).to.not.contain(\"surface_water\");\n});",
              "err": {},
              "uuid": "d88c7404-6022-4a22-bfb7-4ab0f8eb6c8a",
              "parentUUID": "046def99-60c8-43af-8e85-3fcb3da62a0d",
              "isHook": false,
              "skipped": false
            }
          ],
          "suites": [],
          "passes": [
            "201f8ee7-50e4-49d9-a7c1-d645e309bfdd",
            "4047564d-b687-4ac6-aa48-e56dbd0162d3",
            "df90ef70-3760-4b8e-b4bc-f3baae7a6154",
            "b98d083b-9ee3-413f-a280-516bc5dac583",
            "d88c7404-6022-4a22-bfb7-4ab0f8eb6c8a"
          ],
          "failures": [],
          "pending": [],
          "skipped": [],
          "duration": 4297,
          "root": false,
          "rootEmpty": false,
          "_timeout": 2000
        }
      ],
      "passes": [],
      "failures": [],
      "pending": [],
      "skipped": [],
      "duration": 0,
      "root": true,
      "rootEmpty": true,
      "_timeout": 2000
    }
  ],
  "meta": {
    "mocha": {
      "version": "7.0.1"
    },
    "mochawesome": {
      "options": {
        "quiet": false,
        "reportFilename": "mochawesome",
        "saveHtml": false,
        "saveJson": true,
        "consoleReporter": "spec",
        "useInlineDiffs": false,
        "code": true
      },
      "version": "7.1.3"
    },
    "marge": {
      "options": {
        "id": "default",
        "reportDir": "cypress/reports",
        "overwrite": false,
        "html": false,
        "json": true
      },
      "version": "6.2.0"
    }
  }
}