{
  "stats": {
    "suites": 1,
    "tests": 4,
    "passes": 4,
    "pending": 0,
    "failures": 0,
    "start": "2023-06-01T13:46:41.390Z",
    "end": "2023-06-01T13:46:42.987Z",
    "duration": 1597,
    "testsRegistered": 4,
    "passPercent": 100,
    "pendingPercent": 0,
    "other": 0,
    "hasOther": false,
    "skipped": 0,
    "hasSkipped": false
  },
  "results": [
    {
      "uuid": "14eb6c8e-bc9a-401b-afcf-b15c3536e05a",
      "title": "",
      "fullFile": "cypress/e2e/01.starwarsApi.cy.js",
      "file": "cypress/e2e/01.starwarsApi.cy.js",
      "beforeHooks": [],
      "afterHooks": [],
      "tests": [],
      "suites": [
        {
          "uuid": "80aecf14-0c46-4285-be26-77d37aa38052",
          "title": "1 - Faça uma requisição para o endpoint `/planets` da API de Star Wars e preencha uma tabela com os dados retornados, com exceção dos da coluna `residents`",
          "fullFile": "",
          "file": "",
          "beforeHooks": [],
          "afterHooks": [],
          "tests": [
            {
              "title": "Realize uma requisição para a API",
              "fullTitle": "1 - Faça uma requisição para o endpoint `/planets` da API de Star Wars e preencha uma tabela com os dados retornados, com exceção dos da coluna `residents` Realize uma requisição para a API",
              "timedOut": null,
              "duration": 265,
              "state": "passed",
              "speed": "fast",
              "pass": true,
              "fail": false,
              "pending": false,
              "context": null,
              "code": "cy.get('@mockFetch').should('be.called');",
              "err": {},
              "uuid": "cee20c3f-4c95-415a-a96b-b9d1dab8aa43",
              "parentUUID": "80aecf14-0c46-4285-be26-77d37aa38052",
              "isHook": false,
              "skipped": false
            },
            {
              "title": "Preencha a tabela com os dados retornados",
              "fullTitle": "1 - Faça uma requisição para o endpoint `/planets` da API de Star Wars e preencha uma tabela com os dados retornados, com exceção dos da coluna `residents` Preencha a tabela com os dados retornados",
              "timedOut": null,
              "duration": 261,
              "state": "passed",
              "speed": "fast",
              "pass": true,
              "fail": false,
              "pending": false,
              "context": null,
              "code": "planets.forEach(planet => {\n  cy.contains(planet.name);\n  cy.contains(planet.rotation_period);\n  cy.contains(planet.orbital_period);\n  cy.contains(planet.diameter);\n  cy.contains(planet.climate);\n  cy.contains(planet.gravity);\n  cy.contains(planet.terrain);\n  cy.contains(planet.surface_water);\n  cy.contains(planet.population);\n});",
              "err": {},
              "uuid": "00ee2c07-9a67-4c93-b0ad-39edf5e3caa7",
              "parentUUID": "80aecf14-0c46-4285-be26-77d37aa38052",
              "isHook": false,
              "skipped": false
            },
            {
              "title": "Verifique se a tabela tem 13 colunas",
              "fullTitle": "1 - Faça uma requisição para o endpoint `/planets` da API de Star Wars e preencha uma tabela com os dados retornados, com exceção dos da coluna `residents` Verifique se a tabela tem 13 colunas",
              "timedOut": null,
              "duration": 78,
              "state": "passed",
              "speed": "fast",
              "pass": true,
              "fail": false,
              "pending": false,
              "context": null,
              "code": "// a requisição (mock) retorna 14 chaves em cada planeta, mas a chave `residents` não deve ser exibida totalizando 13 colunas\ncy.get('table tr:first th').should('have.length', MAX_COLUMNS_COUNT);",
              "err": {},
              "uuid": "16d3960e-9f0d-4943-b625-c926a2e9397a",
              "parentUUID": "80aecf14-0c46-4285-be26-77d37aa38052",
              "isHook": false,
              "skipped": false
            },
            {
              "title": "Verifique se a tabela tem uma linha para cada planeta retornado",
              "fullTitle": "1 - Faça uma requisição para o endpoint `/planets` da API de Star Wars e preencha uma tabela com os dados retornados, com exceção dos da coluna `residents` Verifique se a tabela tem uma linha para cada planeta retornado",
              "timedOut": null,
              "duration": 70,
              "state": "passed",
              "speed": "fast",
              "pass": true,
              "fail": false,
              "pending": false,
              "context": null,
              "code": "// a requisição (mock) retorna 10 planetas, somando com mais um linha do header totalizando 11 linhas\ncy.get('table tr').should('have.length', planets.length + 1);",
              "err": {},
              "uuid": "d043a498-4585-4ac3-aded-81adf11c7715",
              "parentUUID": "80aecf14-0c46-4285-be26-77d37aa38052",
              "isHook": false,
              "skipped": false
            }
          ],
          "suites": [],
          "passes": [
            "cee20c3f-4c95-415a-a96b-b9d1dab8aa43",
            "00ee2c07-9a67-4c93-b0ad-39edf5e3caa7",
            "16d3960e-9f0d-4943-b625-c926a2e9397a",
            "d043a498-4585-4ac3-aded-81adf11c7715"
          ],
          "failures": [],
          "pending": [],
          "skipped": [],
          "duration": 674,
          "root": false,
          "rootEmpty": false,
          "_timeout": 2000
        }
      ],
      "passes": [],
      "failures": [],
      "pending": [],
      "skipped": [],
      "duration": 0,
      "root": true,
      "rootEmpty": true,
      "_timeout": 2000
    }
  ],
  "meta": {
    "mocha": {
      "version": "7.0.1"
    },
    "mochawesome": {
      "options": {
        "quiet": false,
        "reportFilename": "mochawesome",
        "saveHtml": false,
        "saveJson": true,
        "consoleReporter": "spec",
        "useInlineDiffs": false,
        "code": true
      },
      "version": "7.1.3"
    },
    "marge": {
      "options": {
        "id": "default",
        "reportDir": "cypress/reports",
        "overwrite": false,
        "html": false,
        "json": true
      },
      "version": "6.2.0"
    }
  }
}