{
  "stats": {
    "suites": 1,
    "tests": 4,
    "passes": 4,
    "pending": 0,
    "failures": 0,
    "start": "2023-06-01T21:43:14.480Z",
    "end": "2023-06-01T21:43:18.915Z",
    "duration": 4435,
    "testsRegistered": 4,
    "passPercent": 100,
    "pendingPercent": 0,
    "other": 0,
    "hasOther": false,
    "skipped": 0,
    "hasSkipped": false
  },
  "results": [
    {
      "uuid": "2c8dc77e-d90c-4413-9be6-9b009a1c860d",
      "title": "",
      "fullFile": "cypress/e2e/06.repeatedFilters.cy.js",
      "file": "cypress/e2e/06.repeatedFilters.cy.js",
      "beforeHooks": [],
      "afterHooks": [],
      "tests": [],
      "suites": [
        {
          "uuid": "88d2ae0e-27ff-4286-8876-f4fa884412a7",
          "title": "6 - Não utilize filtros repetidos",
          "fullFile": "",
          "file": "",
          "beforeHooks": [],
          "afterHooks": [],
          "tests": [
            {
              "title": "Filtre por diâmetro e o remove das opções",
              "fullTitle": "6 - Não utilize filtros repetidos Filtre por diâmetro e o remove das opções",
              "timedOut": null,
              "duration": 1062,
              "state": "passed",
              "speed": "fast",
              "pass": true,
              "fail": false,
              "pending": false,
              "context": null,
              "code": "const allColumnsOptions = ['population', 'orbital_period', 'diameter', 'rotation_period', 'surface_water'];\ncy.getByTestId(_dataTestIds.COLUMN_FILTER).find('option').should(options => {\n  expect(options).to.have.length(allColumnsOptions.length);\n  allColumnsOptions.forEach(option => {\n    expect(options).to.contain(option);\n  });\n});\ncy.addFilter('diameter', 'maior que', '12240');\ncy.get('table tr').should('have.length', FILTERED_ROWS_COUNT_DIAMETER);\ncy.getByTestId(_dataTestIds.COLUMN_FILTER).find('option').should(options => {\n  expect(options).to.have.length(allColumnsOptions.length - 1);\n  expect(options).to.not.contain('diameter');\n});",
              "err": {},
              "uuid": "b43eeaf9-a2b8-4fa1-9888-decbf3693cbc",
              "parentUUID": "88d2ae0e-27ff-4286-8876-f4fa884412a7",
              "isHook": false,
              "skipped": false
            },
            {
              "title": "Filtre por período de rotação e o remove das opções",
              "fullTitle": "6 - Não utilize filtros repetidos Filtre por período de rotação e o remove das opções",
              "timedOut": null,
              "duration": 723,
              "state": "passed",
              "speed": "fast",
              "pass": true,
              "fail": false,
              "pending": false,
              "context": null,
              "code": "const allColumnsOptions = ['population', 'orbital_period', 'diameter', 'rotation_period', 'surface_water'];\ncy.getByTestId(_dataTestIds.COLUMN_FILTER).find('option').should(options => {\n  expect(options).to.have.length(allColumnsOptions.length);\n  allColumnsOptions.forEach(option => {\n    expect(options).to.contain(option);\n  });\n});\ncy.addFilter('rotation_period', 'maior que', '25');\ncy.get('table tr').should('have.length', FILTERED_ROWS_COUNT_ROTATION_PERIOD);\ncy.getByTestId(_dataTestIds.COLUMN_FILTER).find('option').should(options => {\n  expect(options).to.have.length(allColumnsOptions.length - 1);\n  expect(options).to.not.contain('rotation_period');\n});",
              "err": {},
              "uuid": "9bff730c-e1ec-486d-bf32-4c6104539230",
              "parentUUID": "88d2ae0e-27ff-4286-8876-f4fa884412a7",
              "isHook": false,
              "skipped": false
            },
            {
              "title": "Filtre por período de órbita e o remove das opções",
              "fullTitle": "6 - Não utilize filtros repetidos Filtre por período de órbita e o remove das opções",
              "timedOut": null,
              "duration": 836,
              "state": "passed",
              "speed": "fast",
              "pass": true,
              "fail": false,
              "pending": false,
              "context": null,
              "code": "const allColumnsOptions = ['population', 'orbital_period', 'diameter', 'rotation_period', 'surface_water'];\ncy.getByTestId(_dataTestIds.COLUMN_FILTER).find('option').should(options => {\n  expect(options).to.have.length(allColumnsOptions.length);\n  allColumnsOptions.forEach(option => {\n    expect(options).to.contain(option);\n  });\n});\ncy.addFilter('orbital_period', 'maior que', '350');\ncy.get('table tr').should('have.length', FILTERED_ROWS_COUNT_ORBITAL_PERIOD);\ncy.getByTestId(_dataTestIds.COLUMN_FILTER).find('option').should(options => {\n  expect(options).to.have.length(allColumnsOptions.length - 1);\n  expect(options).to.not.contain('orbital_period');\n});",
              "err": {},
              "uuid": "7d48214b-554e-47dc-b048-62f189f1d095",
              "parentUUID": "88d2ae0e-27ff-4286-8876-f4fa884412a7",
              "isHook": false,
              "skipped": false
            },
            {
              "title": "Filtre por superfície aquática e o remove das opções",
              "fullTitle": "6 - Não utilize filtros repetidos Filtre por superfície aquática e o remove das opções",
              "timedOut": null,
              "duration": 801,
              "state": "passed",
              "speed": "fast",
              "pass": true,
              "fail": false,
              "pending": false,
              "context": null,
              "code": "const allColumnsOptions = ['population', 'orbital_period', 'diameter', 'rotation_period', 'surface_water'];\ncy.getByTestId(_dataTestIds.COLUMN_FILTER).find('option').should(options => {\n  expect(options).to.have.length(allColumnsOptions.length);\n  allColumnsOptions.forEach(option => {\n    expect(options).to.contain(option);\n  });\n});\ncy.addFilter('surface_water', 'maior que', '99');\ncy.get('table tr').should('have.length', FILTERED_ROWS_COUNT_SURFACE_WATER);\ncy.getByTestId(_dataTestIds.COLUMN_FILTER).find('option').should(options => {\n  expect(options).to.have.length(allColumnsOptions.length - 1);\n  expect(options).to.not.contain('surface_water');\n});",
              "err": {},
              "uuid": "df089236-796c-47a5-8a97-bb278da79d28",
              "parentUUID": "88d2ae0e-27ff-4286-8876-f4fa884412a7",
              "isHook": false,
              "skipped": false
            }
          ],
          "suites": [],
          "passes": [
            "b43eeaf9-a2b8-4fa1-9888-decbf3693cbc",
            "9bff730c-e1ec-486d-bf32-4c6104539230",
            "7d48214b-554e-47dc-b048-62f189f1d095",
            "df089236-796c-47a5-8a97-bb278da79d28"
          ],
          "failures": [],
          "pending": [],
          "skipped": [],
          "duration": 3422,
          "root": false,
          "rootEmpty": false,
          "_timeout": 2000
        }
      ],
      "passes": [],
      "failures": [],
      "pending": [],
      "skipped": [],
      "duration": 0,
      "root": true,
      "rootEmpty": true,
      "_timeout": 2000
    }
  ],
  "meta": {
    "mocha": {
      "version": "7.0.1"
    },
    "mochawesome": {
      "options": {
        "quiet": false,
        "reportFilename": "mochawesome",
        "saveHtml": false,
        "saveJson": true,
        "consoleReporter": "spec",
        "useInlineDiffs": false,
        "code": true
      },
      "version": "7.1.3"
    },
    "marge": {
      "options": {
        "id": "default",
        "reportDir": "cypress/reports",
        "overwrite": false,
        "html": false,
        "json": true
      },
      "version": "6.2.0"
    }
  }
}