{
  "stats": {
    "suites": 1,
    "tests": 2,
    "passes": 0,
    "pending": 0,
    "failures": 2,
    "start": "2023-06-01T21:05:23.548Z",
    "end": "2023-06-01T21:05:47.708Z",
    "duration": 24160,
    "testsRegistered": 2,
    "passPercent": 0,
    "pendingPercent": 0,
    "other": 0,
    "hasOther": false,
    "skipped": 0,
    "hasSkipped": false
  },
  "results": [
    {
      "uuid": "d14d6842-9721-4e65-9c9d-6cfe3cee9a00",
      "title": "",
      "fullFile": "cypress/e2e/04.multipleFilters.cy.js",
      "file": "cypress/e2e/04.multipleFilters.cy.js",
      "beforeHooks": [],
      "afterHooks": [],
      "tests": [],
      "suites": [
        {
          "uuid": "6cb82815-688c-497e-8ad9-54d230adc2f6",
          "title": "4 - Implemente múltiplos filtros numéricos",
          "fullFile": "",
          "file": "",
          "beforeHooks": [],
          "afterHooks": [],
          "tests": [
            {
              "title": "Adicione dois filtros e verifique se a tabela foi atualizada com as informações filtradas",
              "fullTitle": "4 - Implemente múltiplos filtros numéricos Adicione dois filtros e verifique se a tabela foi atualizada com as informações filtradas",
              "timedOut": null,
              "duration": 11759,
              "state": "failed",
              "speed": null,
              "pass": false,
              "fail": true,
              "pending": false,
              "context": null,
              "code": "cy.get('table tr').should('have.length', ROWS_TOTAL);\ncy.addFilter('diameter', 'maior que', '9000');\ncy.get('table tr').should('have.length', FILTERED_ROWS);\ncy.addFilter('population', 'menor que', '1000000');\ncy.get('table tr').should('have.length', DOUBLE_FILTERED_ROWS);",
              "err": {
                "message": "AssertionError: Timed out retrying after 10000ms: Not enough elements found. Found '1', expected '3'.",
                "estack": "AssertionError: Timed out retrying after 10000ms: Not enough elements found. Found '1', expected '3'.\n    at Context.eval (webpack:///./cypress/e2e/04.multipleFilters.cy.js:27:23)",
                "diff": "- 1\n+ 3\n"
              },
              "uuid": "b5e50901-cf90-4427-8a90-3a1e2cac6ef0",
              "parentUUID": "6cb82815-688c-497e-8ad9-54d230adc2f6",
              "isHook": false,
              "skipped": false
            },
            {
              "title": "Adicione três filtros e verifique se a tabela foi atualizada com as informações filtradas",
              "fullTitle": "4 - Implemente múltiplos filtros numéricos Adicione três filtros e verifique se a tabela foi atualizada com as informações filtradas",
              "timedOut": null,
              "duration": 11434,
              "state": "failed",
              "speed": null,
              "pass": false,
              "fail": true,
              "pending": false,
              "context": null,
              "code": "cy.get('table tr').should('have.length', ROWS_TOTAL);\ncy.addFilter('diameter', 'maior que', '9000');\ncy.get('table tr').should('have.length', FILTERED_ROWS);\ncy.addFilter('population', 'menor que', '1000000');\ncy.get('table tr').should('have.length', DOUBLE_FILTERED_ROWS);\ncy.addFilter('rotation_period', 'igual a', '23');\ncy.get('table tr').should('have.length', TRIPLE_FILTERED_ROWS);",
              "err": {
                "message": "AssertionError: Timed out retrying after 10000ms: Not enough elements found. Found '1', expected '3'.",
                "estack": "AssertionError: Timed out retrying after 10000ms: Not enough elements found. Found '1', expected '3'.\n    at Context.eval (webpack:///./cypress/e2e/04.multipleFilters.cy.js:37:23)",
                "diff": "- 1\n+ 3\n"
              },
              "uuid": "6197f854-27de-42aa-b921-138b1997c133",
              "parentUUID": "6cb82815-688c-497e-8ad9-54d230adc2f6",
              "isHook": false,
              "skipped": false
            }
          ],
          "suites": [],
          "passes": [],
          "failures": [
            "b5e50901-cf90-4427-8a90-3a1e2cac6ef0",
            "6197f854-27de-42aa-b921-138b1997c133"
          ],
          "pending": [],
          "skipped": [],
          "duration": 23193,
          "root": false,
          "rootEmpty": false,
          "_timeout": 2000
        }
      ],
      "passes": [],
      "failures": [],
      "pending": [],
      "skipped": [],
      "duration": 0,
      "root": true,
      "rootEmpty": true,
      "_timeout": 2000
    }
  ],
  "meta": {
    "mocha": {
      "version": "7.0.1"
    },
    "mochawesome": {
      "options": {
        "quiet": false,
        "reportFilename": "mochawesome",
        "saveHtml": false,
        "saveJson": true,
        "consoleReporter": "spec",
        "useInlineDiffs": false,
        "code": true
      },
      "version": "7.1.3"
    },
    "marge": {
      "options": {
        "id": "default",
        "reportDir": "cypress/reports",
        "overwrite": false,
        "html": false,
        "json": true
      },
      "version": "6.2.0"
    }
  }
}