{
  "stats": {
    "suites": 1,
    "tests": 5,
    "passes": 1,
    "pending": 0,
    "failures": 4,
    "start": "2023-06-01T21:07:00.313Z",
    "end": "2023-06-01T21:07:42.530Z",
    "duration": 42217,
    "testsRegistered": 5,
    "passPercent": 20,
    "pendingPercent": 0,
    "other": 0,
    "hasOther": false,
    "skipped": 0,
    "hasSkipped": false
  },
  "results": [
    {
      "uuid": "5395b110-43db-42ba-a77b-3ffb1c7bec0d",
      "title": "",
      "fullFile": "cypress/e2e/06.repeatedFilters.cy.js",
      "file": "cypress/e2e/06.repeatedFilters.cy.js",
      "beforeHooks": [],
      "afterHooks": [],
      "tests": [
        {
          "title": "Filtre por diâmetro e o remove das opções",
          "fullTitle": "Filtre por diâmetro e o remove das opções",
          "timedOut": null,
          "duration": 10029,
          "state": "failed",
          "speed": null,
          "pass": false,
          "fail": true,
          "pending": false,
          "context": null,
          "code": "const allColumnsOptions = ['population', 'orbital_period', 'diameter', 'rotation_period', 'surface_water'];\ncy.getByTestId(_dataTestIds.COLUMN_FILTER).find('option').should(options => {\n  expect(options).to.have.length(allColumnsOptions.length);\n  allColumnsOptions.forEach(option => {\n    expect(options).to.contain(option);\n  });\n});\ncy.addFilter('diameter', 'maior que', '12240');\ncy.get('table tr').should('have.length', FILTERED_ROWS_COUNT_DIAMETER);\ncy.getByTestId(_dataTestIds.COLUMN_FILTER).find('option').should(options => {\n  expect(options).to.have.length(allColumnsOptions.length - 1);\n  expect(options).to.not.contain('diameter');\n});",
          "err": {
            "message": "AssertionError: Timed out retrying after 10000ms: Expected to find element: `[data-testid=\"column-filter\"]`, but never found it.",
            "estack": "AssertionError: Timed out retrying after 10000ms: Expected to find element: `[data-testid=\"column-filter\"]`, but never found it.\n    at Context.eval (webpack:///./cypress/support/commands.js:34:62)",
            "diff": null
          },
          "uuid": "0ea79443-effa-484b-85aa-454bf0731f7d",
          "parentUUID": "5395b110-43db-42ba-a77b-3ffb1c7bec0d",
          "isHook": false,
          "skipped": false
        },
        {
          "title": "Filtre por período de rotação e o remove das opções",
          "fullTitle": "Filtre por período de rotação e o remove das opções",
          "timedOut": null,
          "duration": 10016,
          "state": "failed",
          "speed": null,
          "pass": false,
          "fail": true,
          "pending": false,
          "context": null,
          "code": "const allColumnsOptions = ['population', 'orbital_period', 'diameter', 'rotation_period', 'surface_water'];\ncy.getByTestId(_dataTestIds.COLUMN_FILTER).find('option').should(options => {\n  expect(options).to.have.length(allColumnsOptions.length);\n  allColumnsOptions.forEach(option => {\n    expect(options).to.contain(option);\n  });\n});\ncy.addFilter('rotation_period', 'maior que', '25');\ncy.get('table tr').should('have.length', FILTERED_ROWS_COUNT_ROTATION_PERIOD);\ncy.getByTestId(_dataTestIds.COLUMN_FILTER).find('option').should(options => {\n  expect(options).to.have.length(allColumnsOptions.length - 1);\n  expect(options).to.not.contain('rotation_period');\n});",
          "err": {
            "message": "AssertionError: Timed out retrying after 10000ms: Expected to find element: `[data-testid=\"column-filter\"]`, but never found it.",
            "estack": "AssertionError: Timed out retrying after 10000ms: Expected to find element: `[data-testid=\"column-filter\"]`, but never found it.\n    at Context.eval (webpack:///./cypress/support/commands.js:34:62)",
            "diff": null
          },
          "uuid": "f77d06bb-720c-4988-b4b3-781b26d37234",
          "parentUUID": "5395b110-43db-42ba-a77b-3ffb1c7bec0d",
          "isHook": false,
          "skipped": false
        },
        {
          "title": "Filtre por período de órbita e o remove das opções",
          "fullTitle": "Filtre por período de órbita e o remove das opções",
          "timedOut": null,
          "duration": 10010,
          "state": "failed",
          "speed": null,
          "pass": false,
          "fail": true,
          "pending": false,
          "context": null,
          "code": "const allColumnsOptions = ['population', 'orbital_period', 'diameter', 'rotation_period', 'surface_water'];\ncy.getByTestId(_dataTestIds.COLUMN_FILTER).find('option').should(options => {\n  expect(options).to.have.length(allColumnsOptions.length);\n  allColumnsOptions.forEach(option => {\n    expect(options).to.contain(option);\n  });\n});\ncy.addFilter('orbital_period', 'maior que', '350');\ncy.get('table tr').should('have.length', FILTERED_ROWS_COUNT_ORBITAL_PERIOD);\ncy.getByTestId(_dataTestIds.COLUMN_FILTER).find('option').should(options => {\n  expect(options).to.have.length(allColumnsOptions.length - 1);\n  expect(options).to.not.contain('orbital_period');\n});",
          "err": {
            "message": "AssertionError: Timed out retrying after 10000ms: Expected to find element: `[data-testid=\"column-filter\"]`, but never found it.",
            "estack": "AssertionError: Timed out retrying after 10000ms: Expected to find element: `[data-testid=\"column-filter\"]`, but never found it.\n    at Context.eval (webpack:///./cypress/support/commands.js:34:62)",
            "diff": null
          },
          "uuid": "757f30c6-26f5-40c5-8ca8-d6a8d78391d9",
          "parentUUID": "5395b110-43db-42ba-a77b-3ffb1c7bec0d",
          "isHook": false,
          "skipped": false
        },
        {
          "title": "Filtre por superfície aquática e o remove das opções",
          "fullTitle": "Filtre por superfície aquática e o remove das opções",
          "timedOut": null,
          "duration": 10028,
          "state": "failed",
          "speed": null,
          "pass": false,
          "fail": true,
          "pending": false,
          "context": null,
          "code": "const allColumnsOptions = ['population', 'orbital_period', 'diameter', 'rotation_period', 'surface_water'];\ncy.getByTestId(_dataTestIds.COLUMN_FILTER).find('option').should(options => {\n  expect(options).to.have.length(allColumnsOptions.length);\n  allColumnsOptions.forEach(option => {\n    expect(options).to.contain(option);\n  });\n});\ncy.addFilter('surface_water', 'maior que', '99');\ncy.get('table tr').should('have.length', FILTERED_ROWS_COUNT_SURFACE_WATER);\ncy.getByTestId(_dataTestIds.COLUMN_FILTER).find('option').should(options => {\n  expect(options).to.have.length(allColumnsOptions.length - 1);\n  expect(options).to.not.contain('surface_water');\n});",
          "err": {
            "message": "AssertionError: Timed out retrying after 10000ms: Expected to find element: `[data-testid=\"column-filter\"]`, but never found it.",
            "estack": "AssertionError: Timed out retrying after 10000ms: Expected to find element: `[data-testid=\"column-filter\"]`, but never found it.\n    at Context.eval (webpack:///./cypress/support/commands.js:34:62)",
            "diff": null
          },
          "uuid": "99b3d8a9-0399-43f1-bb8e-9112c41e105e",
          "parentUUID": "5395b110-43db-42ba-a77b-3ffb1c7bec0d",
          "isHook": false,
          "skipped": false
        }
      ],
      "suites": [
        {
          "uuid": "dcb8e9a6-1506-470a-b940-4d6e9fc004cf",
          "title": "6 - Não utilize filtros repetidos",
          "fullFile": "",
          "file": "",
          "beforeHooks": [],
          "afterHooks": [],
          "tests": [
            {
              "title": "Filtre por população e o remove das opções",
              "fullTitle": "6 - Não utilize filtros repetidos Filtre por população e o remove das opções",
              "timedOut": null,
              "duration": 1069,
              "state": "passed",
              "speed": "fast",
              "pass": true,
              "fail": false,
              "pending": false,
              "context": null,
              "code": "const allColumnsOptions = ['population', 'orbital_period', 'diameter', 'rotation_period', 'surface_water'];\ncy.getByTestId(_dataTestIds.COLUMN_FILTER).find('option').should(options => {\n  expect(options).to.have.length(allColumnsOptions.length);\n  allColumnsOptions.forEach(option => {\n    expect(options).to.contain(option);\n  });\n});\ncy.addFilter('population', 'maior que', '8000');\ncy.get('table tr').should('have.length', FILTERED_ROWS_COUNT_POPULATION);\ncy.getByTestId(_dataTestIds.COLUMN_FILTER).find('option').should(options => {\n  expect(options).to.have.length(allColumnsOptions.length - 1);\n  expect(options).to.not.contain('population');\n});",
              "err": {},
              "uuid": "eaa514af-ed73-4e43-972b-1be8ee1ea9b8",
              "parentUUID": "dcb8e9a6-1506-470a-b940-4d6e9fc004cf",
              "isHook": false,
              "skipped": false
            }
          ],
          "suites": [],
          "passes": [
            "eaa514af-ed73-4e43-972b-1be8ee1ea9b8"
          ],
          "failures": [],
          "pending": [],
          "skipped": [],
          "duration": 1069,
          "root": false,
          "rootEmpty": false,
          "_timeout": 2000
        }
      ],
      "passes": [],
      "failures": [
        "0ea79443-effa-484b-85aa-454bf0731f7d",
        "f77d06bb-720c-4988-b4b3-781b26d37234",
        "757f30c6-26f5-40c5-8ca8-d6a8d78391d9",
        "99b3d8a9-0399-43f1-bb8e-9112c41e105e"
      ],
      "pending": [],
      "skipped": [],
      "duration": 40083,
      "root": true,
      "rootEmpty": false,
      "_timeout": 2000
    }
  ],
  "meta": {
    "mocha": {
      "version": "7.0.1"
    },
    "mochawesome": {
      "options": {
        "quiet": false,
        "reportFilename": "mochawesome",
        "saveHtml": false,
        "saveJson": true,
        "consoleReporter": "spec",
        "useInlineDiffs": false,
        "code": true
      },
      "version": "7.1.3"
    },
    "marge": {
      "options": {
        "id": "default",
        "reportDir": "cypress/reports",
        "overwrite": false,
        "html": false,
        "json": true
      },
      "version": "6.2.0"
    }
  }
}