{
  "stats": {
    "suites": 1,
    "tests": 2,
    "passes": 0,
    "pending": 0,
    "failures": 2,
    "start": "2023-06-01T21:44:43.368Z",
    "end": "2023-06-01T21:45:07.393Z",
    "duration": 24025,
    "testsRegistered": 2,
    "passPercent": 0,
    "pendingPercent": 0,
    "other": 0,
    "hasOther": false,
    "skipped": 0,
    "hasSkipped": false
  },
  "results": [
    {
      "uuid": "31ca0cc0-9767-435d-bf3b-673e9bb3c3ac",
      "title": "",
      "fullFile": "cypress/e2e/04.multipleFilters.cy.js",
      "file": "cypress/e2e/04.multipleFilters.cy.js",
      "beforeHooks": [],
      "afterHooks": [],
      "tests": [],
      "suites": [
        {
          "uuid": "c4947850-4c55-4f8d-8bd6-d825c47d8e39",
          "title": "4 - Implemente múltiplos filtros numéricos",
          "fullFile": "",
          "file": "",
          "beforeHooks": [],
          "afterHooks": [],
          "tests": [
            {
              "title": "Adicione dois filtros e verifique se a tabela foi atualizada com as informações filtradas",
              "fullTitle": "4 - Implemente múltiplos filtros numéricos Adicione dois filtros e verifique se a tabela foi atualizada com as informações filtradas",
              "timedOut": null,
              "duration": 11657,
              "state": "failed",
              "speed": null,
              "pass": false,
              "fail": true,
              "pending": false,
              "context": null,
              "code": "cy.get('table tr').should('have.length', ROWS_TOTAL);\ncy.addFilter('diameter', 'maior que', '9000');\ncy.get('table tr').should('have.length', FILTERED_ROWS);\ncy.addFilter('population', 'menor que', '1000000');\ncy.get('table tr').should('have.length', DOUBLE_FILTERED_ROWS);",
              "err": {
                "message": "AssertionError: Timed out retrying after 10000ms: Too many elements found. Found '8', expected '3'.",
                "estack": "AssertionError: Timed out retrying after 10000ms: Too many elements found. Found '8', expected '3'.\n    at Context.eval (webpack:///./cypress/e2e/04.multipleFilters.cy.js:27:23)",
                "diff": "- 8\n+ 3\n"
              },
              "uuid": "4373d2bf-75fc-4d47-b54b-0ae49415d05e",
              "parentUUID": "c4947850-4c55-4f8d-8bd6-d825c47d8e39",
              "isHook": false,
              "skipped": false
            },
            {
              "title": "Adicione três filtros e verifique se a tabela foi atualizada com as informações filtradas",
              "fullTitle": "4 - Implemente múltiplos filtros numéricos Adicione três filtros e verifique se a tabela foi atualizada com as informações filtradas",
              "timedOut": null,
              "duration": 11424,
              "state": "failed",
              "speed": null,
              "pass": false,
              "fail": true,
              "pending": false,
              "context": null,
              "code": "cy.get('table tr').should('have.length', ROWS_TOTAL);\ncy.addFilter('diameter', 'maior que', '9000');\ncy.get('table tr').should('have.length', FILTERED_ROWS);\ncy.addFilter('population', 'menor que', '1000000');\ncy.get('table tr').should('have.length', DOUBLE_FILTERED_ROWS);\ncy.addFilter('rotation_period', 'igual a', '23');\ncy.get('table tr').should('have.length', TRIPLE_FILTERED_ROWS);",
              "err": {
                "message": "AssertionError: Timed out retrying after 10000ms: Too many elements found. Found '8', expected '3'.",
                "estack": "AssertionError: Timed out retrying after 10000ms: Too many elements found. Found '8', expected '3'.\n    at Context.eval (webpack:///./cypress/e2e/04.multipleFilters.cy.js:37:23)",
                "diff": "- 8\n+ 3\n"
              },
              "uuid": "e3b437d8-d0f5-4442-a05e-fed777faca45",
              "parentUUID": "c4947850-4c55-4f8d-8bd6-d825c47d8e39",
              "isHook": false,
              "skipped": false
            }
          ],
          "suites": [],
          "passes": [],
          "failures": [
            "4373d2bf-75fc-4d47-b54b-0ae49415d05e",
            "e3b437d8-d0f5-4442-a05e-fed777faca45"
          ],
          "pending": [],
          "skipped": [],
          "duration": 23081,
          "root": false,
          "rootEmpty": false,
          "_timeout": 2000
        }
      ],
      "passes": [],
      "failures": [],
      "pending": [],
      "skipped": [],
      "duration": 0,
      "root": true,
      "rootEmpty": true,
      "_timeout": 2000
    }
  ],
  "meta": {
    "mocha": {
      "version": "7.0.1"
    },
    "mochawesome": {
      "options": {
        "quiet": false,
        "reportFilename": "mochawesome",
        "saveHtml": false,
        "saveJson": true,
        "consoleReporter": "spec",
        "useInlineDiffs": false,
        "code": true
      },
      "version": "7.1.3"
    },
    "marge": {
      "options": {
        "id": "default",
        "reportDir": "cypress/reports",
        "overwrite": false,
        "html": false,
        "json": true
      },
      "version": "6.2.0"
    }
  }
}