{
  "stats": {
    "suites": 1,
    "tests": 4,
    "passes": 4,
    "pending": 0,
    "failures": 0,
    "start": "2023-06-01T22:47:19.573Z",
    "end": "2023-06-01T22:47:24.043Z",
    "duration": 4470,
    "testsRegistered": 4,
    "passPercent": 100,
    "pendingPercent": 0,
    "other": 0,
    "hasOther": false,
    "skipped": 0,
    "hasSkipped": false
  },
  "results": [
    {
      "uuid": "fe7a8f3b-7bc6-4086-b654-248df9a85903",
      "title": "",
      "fullFile": "cypress/e2e/06.repeatedFilters.cy.js",
      "file": "cypress/e2e/06.repeatedFilters.cy.js",
      "beforeHooks": [],
      "afterHooks": [],
      "tests": [],
      "suites": [
        {
          "uuid": "faba877c-f63a-42e6-8653-b251b2174290",
          "title": "6 - Não utilize filtros repetidos",
          "fullFile": "",
          "file": "",
          "beforeHooks": [],
          "afterHooks": [],
          "tests": [
            {
              "title": "Filtre por diâmetro e o remove das opções",
              "fullTitle": "6 - Não utilize filtros repetidos Filtre por diâmetro e o remove das opções",
              "timedOut": null,
              "duration": 1116,
              "state": "passed",
              "speed": "fast",
              "pass": true,
              "fail": false,
              "pending": false,
              "context": null,
              "code": "const allColumnsOptions = ['population', 'orbital_period', 'diameter', 'rotation_period', 'surface_water'];\ncy.getByTestId(_dataTestIds.COLUMN_FILTER).find('option').should(options => {\n  expect(options).to.have.length(allColumnsOptions.length);\n  allColumnsOptions.forEach(option => {\n    expect(options).to.contain(option);\n  });\n});\ncy.addFilter('diameter', 'maior que', '12240');\ncy.get('table tr').should('have.length', FILTERED_ROWS_COUNT_DIAMETER);\ncy.getByTestId(_dataTestIds.COLUMN_FILTER).find('option').should(options => {\n  expect(options).to.have.length(allColumnsOptions.length - 1);\n  expect(options).to.not.contain('diameter');\n});",
              "err": {},
              "uuid": "8482d762-3f4a-4363-ace5-86bb8336df69",
              "parentUUID": "faba877c-f63a-42e6-8653-b251b2174290",
              "isHook": false,
              "skipped": false
            },
            {
              "title": "Filtre por período de rotação e o remove das opções",
              "fullTitle": "6 - Não utilize filtros repetidos Filtre por período de rotação e o remove das opções",
              "timedOut": null,
              "duration": 826,
              "state": "passed",
              "speed": "fast",
              "pass": true,
              "fail": false,
              "pending": false,
              "context": null,
              "code": "const allColumnsOptions = ['population', 'orbital_period', 'diameter', 'rotation_period', 'surface_water'];\ncy.getByTestId(_dataTestIds.COLUMN_FILTER).find('option').should(options => {\n  expect(options).to.have.length(allColumnsOptions.length);\n  allColumnsOptions.forEach(option => {\n    expect(options).to.contain(option);\n  });\n});\ncy.addFilter('rotation_period', 'maior que', '25');\ncy.get('table tr').should('have.length', FILTERED_ROWS_COUNT_ROTATION_PERIOD);\ncy.getByTestId(_dataTestIds.COLUMN_FILTER).find('option').should(options => {\n  expect(options).to.have.length(allColumnsOptions.length - 1);\n  expect(options).to.not.contain('rotation_period');\n});",
              "err": {},
              "uuid": "74d04071-14b6-47f1-8d88-949047f1c33f",
              "parentUUID": "faba877c-f63a-42e6-8653-b251b2174290",
              "isHook": false,
              "skipped": false
            },
            {
              "title": "Filtre por período de órbita e o remove das opções",
              "fullTitle": "6 - Não utilize filtros repetidos Filtre por período de órbita e o remove das opções",
              "timedOut": null,
              "duration": 783,
              "state": "passed",
              "speed": "fast",
              "pass": true,
              "fail": false,
              "pending": false,
              "context": null,
              "code": "const allColumnsOptions = ['population', 'orbital_period', 'diameter', 'rotation_period', 'surface_water'];\ncy.getByTestId(_dataTestIds.COLUMN_FILTER).find('option').should(options => {\n  expect(options).to.have.length(allColumnsOptions.length);\n  allColumnsOptions.forEach(option => {\n    expect(options).to.contain(option);\n  });\n});\ncy.addFilter('orbital_period', 'maior que', '350');\ncy.get('table tr').should('have.length', FILTERED_ROWS_COUNT_ORBITAL_PERIOD);\ncy.getByTestId(_dataTestIds.COLUMN_FILTER).find('option').should(options => {\n  expect(options).to.have.length(allColumnsOptions.length - 1);\n  expect(options).to.not.contain('orbital_period');\n});",
              "err": {},
              "uuid": "552eeb4f-f854-42d8-b0e8-05212e9595a4",
              "parentUUID": "faba877c-f63a-42e6-8653-b251b2174290",
              "isHook": false,
              "skipped": false
            },
            {
              "title": "Filtre por superfície aquática e o remove das opções",
              "fullTitle": "6 - Não utilize filtros repetidos Filtre por superfície aquática e o remove das opções",
              "timedOut": null,
              "duration": 800,
              "state": "passed",
              "speed": "fast",
              "pass": true,
              "fail": false,
              "pending": false,
              "context": null,
              "code": "const allColumnsOptions = ['population', 'orbital_period', 'diameter', 'rotation_period', 'surface_water'];\ncy.getByTestId(_dataTestIds.COLUMN_FILTER).find('option').should(options => {\n  expect(options).to.have.length(allColumnsOptions.length);\n  allColumnsOptions.forEach(option => {\n    expect(options).to.contain(option);\n  });\n});\ncy.addFilter('surface_water', 'maior que', '99');\ncy.get('table tr').should('have.length', FILTERED_ROWS_COUNT_SURFACE_WATER);\ncy.getByTestId(_dataTestIds.COLUMN_FILTER).find('option').should(options => {\n  expect(options).to.have.length(allColumnsOptions.length - 1);\n  expect(options).to.not.contain('surface_water');\n});",
              "err": {},
              "uuid": "4b29fcab-2d83-4930-b2b3-86831d63c98e",
              "parentUUID": "faba877c-f63a-42e6-8653-b251b2174290",
              "isHook": false,
              "skipped": false
            }
          ],
          "suites": [],
          "passes": [
            "8482d762-3f4a-4363-ace5-86bb8336df69",
            "74d04071-14b6-47f1-8d88-949047f1c33f",
            "552eeb4f-f854-42d8-b0e8-05212e9595a4",
            "4b29fcab-2d83-4930-b2b3-86831d63c98e"
          ],
          "failures": [],
          "pending": [],
          "skipped": [],
          "duration": 3525,
          "root": false,
          "rootEmpty": false,
          "_timeout": 2000
        }
      ],
      "passes": [],
      "failures": [],
      "pending": [],
      "skipped": [],
      "duration": 0,
      "root": true,
      "rootEmpty": true,
      "_timeout": 2000
    }
  ],
  "meta": {
    "mocha": {
      "version": "7.0.1"
    },
    "mochawesome": {
      "options": {
        "quiet": false,
        "reportFilename": "mochawesome",
        "saveHtml": false,
        "saveJson": true,
        "consoleReporter": "spec",
        "useInlineDiffs": false,
        "code": true
      },
      "version": "7.1.3"
    },
    "marge": {
      "options": {
        "id": "default",
        "reportDir": "cypress/reports",
        "overwrite": false,
        "html": false,
        "json": true
      },
      "version": "6.2.0"
    }
  }
}