{
  "stats": {
    "suites": 1,
    "tests": 1,
    "passes": 0,
    "pending": 0,
    "failures": 1,
    "start": "2023-05-31T22:31:54.441Z",
    "end": "2023-05-31T22:31:55.614Z",
    "duration": 1173,
    "testsRegistered": 9,
    "passPercent": 0,
    "pendingPercent": 0,
    "other": 0,
    "hasOther": false,
    "skipped": 8,
    "hasSkipped": true
  },
  "results": [
    {
      "uuid": "76fedf29-b03e-4231-a70e-d55678325dbd",
      "title": "",
      "fullFile": "cypress/e2e/03.starwarsNumericFilter.cy.js",
      "file": "cypress/e2e/03.starwarsNumericFilter.cy.js",
      "beforeHooks": [],
      "afterHooks": [],
      "tests": [],
      "suites": [
        {
          "uuid": "03646a40-59e5-4fc4-98ce-dcc8d4e9fae3",
          "title": "3 - Crie um filtro para valores numéricos",
          "fullFile": "",
          "file": "",
          "beforeHooks": [],
          "afterHooks": [],
          "tests": [
            {
              "title": "Renderize o filtro de coluna",
              "fullTitle": "3 - Crie um filtro para valores numéricos Renderize o filtro de coluna",
              "timedOut": null,
              "duration": 292,
              "state": "failed",
              "speed": null,
              "pass": false,
              "fail": true,
              "pending": false,
              "context": null,
              "code": "const options = ['population', 'orbital_period', 'diameter', 'rotation_period', 'surface_water'];\ncy.getByTestId(_dataTestIds.COLUMN_FILTER).children().should('have.length', options.length).each(el => {\n  expect(el.text()).to.be.oneOf(options);\n});",
              "err": {
                "message": "TypeError: The following error originated from your application code, not from Cypress.\n\n  > movies.map is not a function\n\nWhen Cypress detects uncaught errors originating from your application it will automatically fail the current test.\n\nThis behavior is configurable, and you can choose to turn this off by listening to the `uncaught:exception` event.\n\nhttps://on.cypress.io/uncaught-exception-from-application\n\nBecause this error occurred during a `before each` hook we are skipping the remaining tests in the current suite: `3 - Crie um filtro para val...`",
                "estack": "TypeError: The following error originated from your application code, not from Cypress.\n\n  > movies.map is not a function\n\nWhen Cypress detects uncaught errors originating from your application it will automatically fail the current test.\n\nThis behavior is configurable, and you can choose to turn this off by listening to the `uncaught:exception` event.\n\nhttps://on.cypress.io/uncaught-exception-from-application\n\nBecause this error occurred during a `before each` hook we are skipping the remaining tests in the current suite: `3 - Crie um filtro para val...`\n    at Home (http://localhost:3000/static/js/bundle.js:666:24)\n    at renderWithHooks (http://localhost:3000/static/js/bundle.js:24278:22)\n    at updateFunctionComponent (http://localhost:3000/static/js/bundle.js:27160:24)\n    at beginWork (http://localhost:3000/static/js/bundle.js:28872:20)\n    at HTMLUnknownElement.callCallback (http://localhost:3000/static/js/bundle.js:13870:18)\n    at Object.invokeGuardedCallbackDev (http://localhost:3000/static/js/bundle.js:13914:20)\n    at invokeGuardedCallback (http://localhost:3000/static/js/bundle.js:13971:35)\n    at beginWork$1 (http://localhost:3000/static/js/bundle.js:33845:11)\n    at performUnitOfWork (http://localhost:3000/static/js/bundle.js:33092:16)\n    at workLoopSync (http://localhost:3000/static/js/bundle.js:33015:9)",
                "diff": null
              },
              "uuid": "af954283-b2ee-4f00-ac18-89081011ff62",
              "parentUUID": "03646a40-59e5-4fc4-98ce-dcc8d4e9fae3",
              "isHook": false,
              "skipped": false
            },
            {
              "title": "Renderize o filtro de comparação",
              "fullTitle": "3 - Crie um filtro para valores numéricos Renderize o filtro de comparação",
              "timedOut": null,
              "duration": 0,
              "state": "skipped",
              "speed": null,
              "pass": false,
              "fail": false,
              "pending": false,
              "context": null,
              "code": "const options = ['maior que', 'menor que', 'igual a'];\ncy.getByTestId(_dataTestIds.COMPARISON_FILTER).children().should('have.length', options.length).each(el => {\n  expect(el.text()).to.be.oneOf(options);\n});",
              "err": {},
              "uuid": "68fe7aac-64db-4c91-ad75-e467ab63cfb4",
              "parentUUID": "03646a40-59e5-4fc4-98ce-dcc8d4e9fae3",
              "isHook": false,
              "skipped": true
            },
            {
              "title": "Renderize o campo para o valor do filtro",
              "fullTitle": "3 - Crie um filtro para valores numéricos Renderize o campo para o valor do filtro",
              "timedOut": null,
              "duration": 0,
              "state": "skipped",
              "speed": null,
              "pass": false,
              "fail": false,
              "pending": false,
              "context": null,
              "code": "cy.getByTestId(_dataTestIds.VALUE_FILTER).should('be.visible');",
              "err": {},
              "uuid": "c75fc901-75af-405c-a93c-06d98deb128c",
              "parentUUID": "03646a40-59e5-4fc4-98ce-dcc8d4e9fae3",
              "isHook": false,
              "skipped": true
            },
            {
              "title": "Renderize o botão para executar a filtragem",
              "fullTitle": "3 - Crie um filtro para valores numéricos Renderize o botão para executar a filtragem",
              "timedOut": null,
              "duration": 0,
              "state": "skipped",
              "speed": null,
              "pass": false,
              "fail": false,
              "pending": false,
              "context": null,
              "code": "cy.getByTestId(_dataTestIds.BUTTON_FILTER).should('be.visible');",
              "err": {},
              "uuid": "7554c0c7-1a64-4487-89bf-a49b9525acf7",
              "parentUUID": "03646a40-59e5-4fc4-98ce-dcc8d4e9fae3",
              "isHook": false,
              "skipped": true
            },
            {
              "title": "Verifica valores iniciais de cada campo",
              "fullTitle": "3 - Crie um filtro para valores numéricos Verifica valores iniciais de cada campo",
              "timedOut": null,
              "duration": 0,
              "state": "skipped",
              "speed": null,
              "pass": false,
              "fail": false,
              "pending": false,
              "context": null,
              "code": "cy.getByTestId(_dataTestIds.COLUMN_FILTER).should('have.value', 'population');\ncy.getByTestId(_dataTestIds.COMPARISON_FILTER).should('have.value', 'maior que');\ncy.getByTestId(_dataTestIds.VALUE_FILTER).should('have.value', '0');",
              "err": {},
              "uuid": "9a75e937-67c7-4886-a394-a9f905fcfe44",
              "parentUUID": "03646a40-59e5-4fc4-98ce-dcc8d4e9fae3",
              "isHook": false,
              "skipped": true
            },
            {
              "title": "Filtre utilizando apenas o botão de filtrar",
              "fullTitle": "3 - Crie um filtro para valores numéricos Filtre utilizando apenas o botão de filtrar",
              "timedOut": null,
              "duration": 0,
              "state": "skipped",
              "speed": null,
              "pass": false,
              "fail": false,
              "pending": false,
              "context": null,
              "code": "const DEFAULT_FILTERED_ROWS = 9;\ncy.getByTestId(_dataTestIds.BUTTON_FILTER).click();\ncy.get('table tr').should('have.length', DEFAULT_FILTERED_ROWS);",
              "err": {},
              "uuid": "6567f6a2-7915-46a6-a68e-7c32dba2c82e",
              "parentUUID": "03646a40-59e5-4fc4-98ce-dcc8d4e9fae3",
              "isHook": false,
              "skipped": true
            },
            {
              "title": "Filtre utilizando a comparação \"menor que\"",
              "fullTitle": "3 - Crie um filtro para valores numéricos Filtre utilizando a comparação \"menor que\"",
              "timedOut": null,
              "duration": 0,
              "state": "skipped",
              "speed": null,
              "pass": false,
              "fail": false,
              "pending": false,
              "context": null,
              "code": "const LESS_FILTERED_ROWS = 7;\ncy.addFilter('surface_water', 'menor que', '40');\ncy.get('table tr').should('have.length', LESS_FILTERED_ROWS);",
              "err": {},
              "uuid": "0141ad1f-9c21-4ad1-bf82-7e616cd98d05",
              "parentUUID": "03646a40-59e5-4fc4-98ce-dcc8d4e9fae3",
              "isHook": false,
              "skipped": true
            },
            {
              "title": "Filtre utilizando a comparação \"maior que\"",
              "fullTitle": "3 - Crie um filtro para valores numéricos Filtre utilizando a comparação \"maior que\"",
              "timedOut": null,
              "duration": 0,
              "state": "skipped",
              "speed": null,
              "pass": false,
              "fail": false,
              "pending": false,
              "context": null,
              "code": "const GREATER_FILTERED_ROWS = 8;\ncy.addFilter('diameter', 'maior que', '8900');\ncy.get('table tr').should('have.length', GREATER_FILTERED_ROWS);",
              "err": {},
              "uuid": "4067fe80-b2cc-46f2-9a0d-319e52d8fca5",
              "parentUUID": "03646a40-59e5-4fc4-98ce-dcc8d4e9fae3",
              "isHook": false,
              "skipped": true
            },
            {
              "title": "Filtre utilizando a comparação \"igual a\"",
              "fullTitle": "3 - Crie um filtro para valores numéricos Filtre utilizando a comparação \"igual a\"",
              "timedOut": null,
              "duration": 0,
              "state": "skipped",
              "speed": null,
              "pass": false,
              "fail": false,
              "pending": false,
              "context": null,
              "code": "const EQUALS_FILTERED_ROWS = 2;\ncy.addFilter('population', 'igual a', '200000');\ncy.get('table tr').should('have.length', EQUALS_FILTERED_ROWS);",
              "err": {},
              "uuid": "81ae4f02-0a95-47e3-8730-cae58b9fce06",
              "parentUUID": "03646a40-59e5-4fc4-98ce-dcc8d4e9fae3",
              "isHook": false,
              "skipped": true
            }
          ],
          "suites": [],
          "passes": [],
          "failures": [
            "af954283-b2ee-4f00-ac18-89081011ff62"
          ],
          "pending": [],
          "skipped": [
            "68fe7aac-64db-4c91-ad75-e467ab63cfb4",
            "c75fc901-75af-405c-a93c-06d98deb128c",
            "7554c0c7-1a64-4487-89bf-a49b9525acf7",
            "9a75e937-67c7-4886-a394-a9f905fcfe44",
            "6567f6a2-7915-46a6-a68e-7c32dba2c82e",
            "0141ad1f-9c21-4ad1-bf82-7e616cd98d05",
            "4067fe80-b2cc-46f2-9a0d-319e52d8fca5",
            "81ae4f02-0a95-47e3-8730-cae58b9fce06"
          ],
          "duration": 292,
          "root": false,
          "rootEmpty": false,
          "_timeout": 2000
        }
      ],
      "passes": [],
      "failures": [],
      "pending": [],
      "skipped": [],
      "duration": 0,
      "root": true,
      "rootEmpty": true,
      "_timeout": 2000
    }
  ],
  "meta": {
    "mocha": {
      "version": "7.0.1"
    },
    "mochawesome": {
      "options": {
        "quiet": false,
        "reportFilename": "mochawesome",
        "saveHtml": false,
        "saveJson": true,
        "consoleReporter": "spec",
        "useInlineDiffs": false,
        "code": true
      },
      "version": "7.1.3"
    },
    "marge": {
      "options": {
        "id": "default",
        "reportDir": "cypress/reports",
        "overwrite": false,
        "html": false,
        "json": true
      },
      "version": "6.2.0"
    }
  }
}