{
  "stats": {
    "suites": 1,
    "tests": 4,
    "passes": 0,
    "pending": 0,
    "failures": 4,
    "start": "2023-05-31T22:37:14.843Z",
    "end": "2023-05-31T22:37:17.328Z",
    "duration": 2485,
    "testsRegistered": 4,
    "passPercent": 0,
    "pendingPercent": 0,
    "other": 0,
    "hasOther": false,
    "skipped": 0,
    "hasSkipped": false
  },
  "results": [
    {
      "uuid": "7f8b4595-ede7-42a1-a972-a1f424785a26",
      "title": "",
      "fullFile": "cypress/e2e/05.testCoverage30.cy.js",
      "file": "cypress/e2e/05.testCoverage30.cy.js",
      "beforeHooks": [],
      "afterHooks": [],
      "tests": [],
      "suites": [
        {
          "uuid": "2f2138c8-b883-4f60-91c8-57b78108c294",
          "title": "5 - Desenvolva testes para atingir 30% de cobertura total da aplicação",
          "fullFile": "",
          "file": "",
          "beforeHooks": [],
          "afterHooks": [],
          "tests": [
            {
              "title": "Cobertura de \"Statements\" total deverá ser maior ou igual a 30.",
              "fullTitle": "5 - Desenvolva testes para atingir 30% de cobertura total da aplicação Cobertura de \"Statements\" total deverá ser maior ou igual a 30.",
              "timedOut": null,
              "duration": 2344,
              "state": "failed",
              "speed": null,
              "pass": false,
              "fail": true,
              "pending": false,
              "context": null,
              "code": "cy.getCoverage().its('total.statements.pct', {\n  timeout: 0\n}).should('be.gte', 30.00);",
              "err": {
                "message": "AssertionError: Timed out retrying after 0ms: expected 16.66 to be at least 30",
                "estack": "AssertionError: Timed out retrying after 0ms: expected 16.66 to be at least 30\n    at Context.eval (webpack:///./cypress/e2e/05.testCoverage30.cy.js:3:65)",
                "diff": "- 16.66\n+ 30\n"
              },
              "uuid": "3f3a8114-45de-4d5e-a98f-f3576a550071",
              "parentUUID": "2f2138c8-b883-4f60-91c8-57b78108c294",
              "isHook": false,
              "skipped": false
            },
            {
              "title": "Cobertura de \"Functions\" total deverá ser maior ou igual a 30.",
              "fullTitle": "5 - Desenvolva testes para atingir 30% de cobertura total da aplicação Cobertura de \"Functions\" total deverá ser maior ou igual a 30.",
              "timedOut": null,
              "duration": 20,
              "state": "failed",
              "speed": null,
              "pass": false,
              "fail": true,
              "pending": false,
              "context": null,
              "code": "cy.getCoverage().its('total.functions.pct', {\n  timeout: 0\n}).should('be.gte', 30.00);",
              "err": {
                "message": "AssertionError: Timed out retrying after 0ms: expected 25 to be at least 30",
                "estack": "AssertionError: Timed out retrying after 0ms: expected 25 to be at least 30\n    at Context.eval (webpack:///./cypress/e2e/05.testCoverage30.cy.js:7:64)",
                "diff": "- 25\n+ 30\n"
              },
              "uuid": "3014f04a-1638-4fd4-ae1a-24ad5c40c1a2",
              "parentUUID": "2f2138c8-b883-4f60-91c8-57b78108c294",
              "isHook": false,
              "skipped": false
            },
            {
              "title": "Cobertura de \"Branches\" total deverá ser maior ou igual a 30.",
              "fullTitle": "5 - Desenvolva testes para atingir 30% de cobertura total da aplicação Cobertura de \"Branches\" total deverá ser maior ou igual a 30.",
              "timedOut": null,
              "duration": 24,
              "state": "failed",
              "speed": null,
              "pass": false,
              "fail": true,
              "pending": false,
              "context": null,
              "code": "cy.getCoverage().its('total.branches.pct', {\n  timeout: 0\n}).should('be.gte', 30.00);",
              "err": {
                "message": "AssertionError: Timed out retrying after 0ms: expected 0 to be at least 30",
                "estack": "AssertionError: Timed out retrying after 0ms: expected 0 to be at least 30\n    at Context.eval (webpack:///./cypress/e2e/05.testCoverage30.cy.js:11:63)",
                "diff": null
              },
              "uuid": "02007fbf-3ba2-4576-8c30-ab51a574e5ed",
              "parentUUID": "2f2138c8-b883-4f60-91c8-57b78108c294",
              "isHook": false,
              "skipped": false
            },
            {
              "title": "Cobertura de \"Lines\" total deverá ser maior ou igual a 30.",
              "fullTitle": "5 - Desenvolva testes para atingir 30% de cobertura total da aplicação Cobertura de \"Lines\" total deverá ser maior ou igual a 30.",
              "timedOut": null,
              "duration": 26,
              "state": "failed",
              "speed": null,
              "pass": false,
              "fail": true,
              "pending": false,
              "context": null,
              "code": "cy.getCoverage().its('total.lines.pct', {\n  timeout: 0\n}).should('be.gte', 30.00);",
              "err": {
                "message": "AssertionError: Timed out retrying after 0ms: expected 16.66 to be at least 30",
                "estack": "AssertionError: Timed out retrying after 0ms: expected 16.66 to be at least 30\n    at Context.eval (webpack:///./cypress/e2e/05.testCoverage30.cy.js:15:60)",
                "diff": "- 16.66\n+ 30\n"
              },
              "uuid": "2fc74438-f1fa-440c-b572-0601405a7187",
              "parentUUID": "2f2138c8-b883-4f60-91c8-57b78108c294",
              "isHook": false,
              "skipped": false
            }
          ],
          "suites": [],
          "passes": [],
          "failures": [
            "3f3a8114-45de-4d5e-a98f-f3576a550071",
            "3014f04a-1638-4fd4-ae1a-24ad5c40c1a2",
            "02007fbf-3ba2-4576-8c30-ab51a574e5ed",
            "2fc74438-f1fa-440c-b572-0601405a7187"
          ],
          "pending": [],
          "skipped": [],
          "duration": 2414,
          "root": false,
          "rootEmpty": false,
          "_timeout": 2000
        }
      ],
      "passes": [],
      "failures": [],
      "pending": [],
      "skipped": [],
      "duration": 0,
      "root": true,
      "rootEmpty": true,
      "_timeout": 2000
    }
  ],
  "meta": {
    "mocha": {
      "version": "7.0.1"
    },
    "mochawesome": {
      "options": {
        "quiet": false,
        "reportFilename": "mochawesome",
        "saveHtml": false,
        "saveJson": true,
        "consoleReporter": "spec",
        "useInlineDiffs": false,
        "code": true
      },
      "version": "7.1.3"
    },
    "marge": {
      "options": {
        "id": "default",
        "reportDir": "cypress/reports",
        "overwrite": false,
        "html": false,
        "json": true
      },
      "version": "6.2.0"
    }
  }
}