{
  "stats": {
    "suites": 1,
    "tests": 4,
    "passes": 0,
    "pending": 0,
    "failures": 4,
    "start": "2023-06-04T19:05:46.202Z",
    "end": "2023-06-04T19:05:48.963Z",
    "duration": 2761,
    "testsRegistered": 4,
    "passPercent": 0,
    "pendingPercent": 0,
    "other": 0,
    "hasOther": false,
    "skipped": 0,
    "hasSkipped": false
  },
  "results": [
    {
      "uuid": "c7bca0b1-cdd1-41a0-a250-ffd836521d8f",
      "title": "",
      "fullFile": "cypress/e2e/05.testCoverage30.cy.js",
      "file": "cypress/e2e/05.testCoverage30.cy.js",
      "beforeHooks": [],
      "afterHooks": [],
      "tests": [],
      "suites": [
        {
          "uuid": "55332665-b213-403e-892a-ca0383b05e1f",
          "title": "5 - Desenvolva testes para atingir 30% de cobertura total da aplicação",
          "fullFile": "",
          "file": "",
          "beforeHooks": [],
          "afterHooks": [],
          "tests": [
            {
              "title": "Cobertura de \"Statements\" total deverá ser maior ou igual a 30.",
              "fullTitle": "5 - Desenvolva testes para atingir 30% de cobertura total da aplicação Cobertura de \"Statements\" total deverá ser maior ou igual a 30.",
              "timedOut": null,
              "duration": 2603,
              "state": "failed",
              "speed": null,
              "pass": false,
              "fail": true,
              "pending": false,
              "context": null,
              "code": "cy.getCoverage().its('total.statements.pct', {\n  timeout: 0\n}).should('be.gte', 30.00);",
              "err": {
                "message": "AssertionError: Timed out retrying after 0ms: expected 13.72 to be at least 30",
                "estack": "AssertionError: Timed out retrying after 0ms: expected 13.72 to be at least 30\n    at Context.eval (webpack:///./cypress/e2e/05.testCoverage30.cy.js:3:65)",
                "diff": "- 13.72\n+ 30\n"
              },
              "uuid": "e2b625f3-190c-46e6-98a7-caf3d2f3eff8",
              "parentUUID": "55332665-b213-403e-892a-ca0383b05e1f",
              "isHook": false,
              "skipped": false
            },
            {
              "title": "Cobertura de \"Functions\" total deverá ser maior ou igual a 30.",
              "fullTitle": "5 - Desenvolva testes para atingir 30% de cobertura total da aplicação Cobertura de \"Functions\" total deverá ser maior ou igual a 30.",
              "timedOut": null,
              "duration": 19,
              "state": "failed",
              "speed": null,
              "pass": false,
              "fail": true,
              "pending": false,
              "context": null,
              "code": "cy.getCoverage().its('total.functions.pct', {\n  timeout: 0\n}).should('be.gte', 30.00);",
              "err": {
                "message": "AssertionError: Timed out retrying after 0ms: expected 15 to be at least 30",
                "estack": "AssertionError: Timed out retrying after 0ms: expected 15 to be at least 30\n    at Context.eval (webpack:///./cypress/e2e/05.testCoverage30.cy.js:7:64)",
                "diff": "- 15\n+ 30\n"
              },
              "uuid": "f2de2876-efb1-48f0-864b-0d601cfcff79",
              "parentUUID": "55332665-b213-403e-892a-ca0383b05e1f",
              "isHook": false,
              "skipped": false
            },
            {
              "title": "Cobertura de \"Branches\" total deverá ser maior ou igual a 30.",
              "fullTitle": "5 - Desenvolva testes para atingir 30% de cobertura total da aplicação Cobertura de \"Branches\" total deverá ser maior ou igual a 30.",
              "timedOut": null,
              "duration": 26,
              "state": "failed",
              "speed": null,
              "pass": false,
              "fail": true,
              "pending": false,
              "context": null,
              "code": "cy.getCoverage().its('total.branches.pct', {\n  timeout: 0\n}).should('be.gte', 30.00);",
              "err": {
                "message": "AssertionError: Timed out retrying after 0ms: expected 0 to be at least 30",
                "estack": "AssertionError: Timed out retrying after 0ms: expected 0 to be at least 30\n    at Context.eval (webpack:///./cypress/e2e/05.testCoverage30.cy.js:11:63)",
                "diff": null
              },
              "uuid": "8fd439c1-6b68-4883-a1e7-a8e2ba9085e3",
              "parentUUID": "55332665-b213-403e-892a-ca0383b05e1f",
              "isHook": false,
              "skipped": false
            },
            {
              "title": "Cobertura de \"Lines\" total deverá ser maior ou igual a 30.",
              "fullTitle": "5 - Desenvolva testes para atingir 30% de cobertura total da aplicação Cobertura de \"Lines\" total deverá ser maior ou igual a 30.",
              "timedOut": null,
              "duration": 30,
              "state": "failed",
              "speed": null,
              "pass": false,
              "fail": true,
              "pending": false,
              "context": null,
              "code": "cy.getCoverage().its('total.lines.pct', {\n  timeout: 0\n}).should('be.gte', 30.00);",
              "err": {
                "message": "AssertionError: Timed out retrying after 0ms: expected 14.14 to be at least 30",
                "estack": "AssertionError: Timed out retrying after 0ms: expected 14.14 to be at least 30\n    at Context.eval (webpack:///./cypress/e2e/05.testCoverage30.cy.js:15:60)",
                "diff": "- 14.14\n+ 30\n"
              },
              "uuid": "724e2bbb-8608-495f-854a-6603a03a46e8",
              "parentUUID": "55332665-b213-403e-892a-ca0383b05e1f",
              "isHook": false,
              "skipped": false
            }
          ],
          "suites": [],
          "passes": [],
          "failures": [
            "e2b625f3-190c-46e6-98a7-caf3d2f3eff8",
            "f2de2876-efb1-48f0-864b-0d601cfcff79",
            "8fd439c1-6b68-4883-a1e7-a8e2ba9085e3",
            "724e2bbb-8608-495f-854a-6603a03a46e8"
          ],
          "pending": [],
          "skipped": [],
          "duration": 2678,
          "root": false,
          "rootEmpty": false,
          "_timeout": 2000
        }
      ],
      "passes": [],
      "failures": [],
      "pending": [],
      "skipped": [],
      "duration": 0,
      "root": true,
      "rootEmpty": true,
      "_timeout": 2000
    }
  ],
  "meta": {
    "mocha": {
      "version": "7.0.1"
    },
    "mochawesome": {
      "options": {
        "quiet": false,
        "reportFilename": "mochawesome",
        "saveHtml": false,
        "saveJson": true,
        "consoleReporter": "spec",
        "useInlineDiffs": false,
        "code": true
      },
      "version": "7.1.3"
    },
    "marge": {
      "options": {
        "id": "default",
        "reportDir": "cypress/reports",
        "overwrite": false,
        "html": false,
        "json": true
      },
      "version": "6.2.0"
    }
  }
}