{
  "stats": {
    "suites": 1,
    "tests": 4,
    "passes": 0,
    "pending": 0,
    "failures": 4,
    "start": "2023-05-31T22:32:49.509Z",
    "end": "2023-05-31T22:32:49.683Z",
    "duration": 174,
    "testsRegistered": 4,
    "passPercent": 0,
    "pendingPercent": 0,
    "other": 0,
    "hasOther": false,
    "skipped": 0,
    "hasSkipped": false
  },
  "results": [
    {
      "uuid": "21e085e6-4cbf-44e1-b406-981d2fda01c4",
      "title": "",
      "fullFile": "cypress/e2e/10.testCoverage90.cy.js",
      "file": "cypress/e2e/10.testCoverage90.cy.js",
      "beforeHooks": [],
      "afterHooks": [],
      "tests": [],
      "suites": [
        {
          "uuid": "228b5ddb-d937-4cd5-81a7-9704fefeb128",
          "title": "10 - Desenvolva testes para atingir 90% de cobertura total da aplicação",
          "fullFile": "",
          "file": "",
          "beforeHooks": [],
          "afterHooks": [],
          "tests": [
            {
              "title": "Cobertura de \"Statements\" total deverá ser maior ou igual a 90.",
              "fullTitle": "10 - Desenvolva testes para atingir 90% de cobertura total da aplicação Cobertura de \"Statements\" total deverá ser maior ou igual a 90.",
              "timedOut": null,
              "duration": 34,
              "state": "failed",
              "speed": null,
              "pass": false,
              "fail": true,
              "pending": false,
              "context": null,
              "code": "cy.getCoverage().its('total.statements.pct', {\n  timeout: 0\n}).should('be.gte', 90.00);",
              "err": {
                "message": "AssertionError: Timed out retrying after 0ms: expected 16.66 to be at least 90",
                "estack": "AssertionError: Timed out retrying after 0ms: expected 16.66 to be at least 90\n    at Context.eval (webpack:///./cypress/e2e/10.testCoverage90.cy.js:3:65)",
                "diff": "- 16.66\n+ 90\n"
              },
              "uuid": "47cd0acc-2384-4b83-8535-e102a3a56330",
              "parentUUID": "228b5ddb-d937-4cd5-81a7-9704fefeb128",
              "isHook": false,
              "skipped": false
            },
            {
              "title": "Cobertura de \"Functions\" total deverá ser maior ou igual a 90.",
              "fullTitle": "10 - Desenvolva testes para atingir 90% de cobertura total da aplicação Cobertura de \"Functions\" total deverá ser maior ou igual a 90.",
              "timedOut": null,
              "duration": 20,
              "state": "failed",
              "speed": null,
              "pass": false,
              "fail": true,
              "pending": false,
              "context": null,
              "code": "cy.getCoverage().its('total.functions.pct', {\n  timeout: 0\n}).should('be.gte', 90.00);",
              "err": {
                "message": "AssertionError: Timed out retrying after 0ms: expected 25 to be at least 90",
                "estack": "AssertionError: Timed out retrying after 0ms: expected 25 to be at least 90\n    at Context.eval (webpack:///./cypress/e2e/10.testCoverage90.cy.js:7:64)",
                "diff": "- 25\n+ 90\n"
              },
              "uuid": "ec3a80ac-2548-4e0c-9f79-2f0c3031c68a",
              "parentUUID": "228b5ddb-d937-4cd5-81a7-9704fefeb128",
              "isHook": false,
              "skipped": false
            },
            {
              "title": "Cobertura de \"Branches\" total deverá ser maior ou igual a 90.",
              "fullTitle": "10 - Desenvolva testes para atingir 90% de cobertura total da aplicação Cobertura de \"Branches\" total deverá ser maior ou igual a 90.",
              "timedOut": null,
              "duration": 22,
              "state": "failed",
              "speed": null,
              "pass": false,
              "fail": true,
              "pending": false,
              "context": null,
              "code": "cy.getCoverage().its('total.branches.pct', {\n  timeout: 0\n}).should('be.gte', 90.00);",
              "err": {
                "message": "AssertionError: Timed out retrying after 0ms: expected 0 to be at least 90",
                "estack": "AssertionError: Timed out retrying after 0ms: expected 0 to be at least 90\n    at Context.eval (webpack:///./cypress/e2e/10.testCoverage90.cy.js:11:63)",
                "diff": null
              },
              "uuid": "fbb120f2-aa25-492e-9068-130e5f166546",
              "parentUUID": "228b5ddb-d937-4cd5-81a7-9704fefeb128",
              "isHook": false,
              "skipped": false
            },
            {
              "title": "Cobertura de \"Lines\" total deverá ser maior ou igual a 90.",
              "fullTitle": "10 - Desenvolva testes para atingir 90% de cobertura total da aplicação Cobertura de \"Lines\" total deverá ser maior ou igual a 90.",
              "timedOut": null,
              "duration": 27,
              "state": "failed",
              "speed": null,
              "pass": false,
              "fail": true,
              "pending": false,
              "context": null,
              "code": "cy.getCoverage().its('total.lines.pct', {\n  timeout: 0\n}).should('be.gte', 90.00);",
              "err": {
                "message": "AssertionError: Timed out retrying after 0ms: expected 16.66 to be at least 90",
                "estack": "AssertionError: Timed out retrying after 0ms: expected 16.66 to be at least 90\n    at Context.eval (webpack:///./cypress/e2e/10.testCoverage90.cy.js:15:60)",
                "diff": "- 16.66\n+ 90\n"
              },
              "uuid": "c6b3f68b-bbbb-423f-a9d3-ccf8f998c5f6",
              "parentUUID": "228b5ddb-d937-4cd5-81a7-9704fefeb128",
              "isHook": false,
              "skipped": false
            }
          ],
          "suites": [],
          "passes": [],
          "failures": [
            "47cd0acc-2384-4b83-8535-e102a3a56330",
            "ec3a80ac-2548-4e0c-9f79-2f0c3031c68a",
            "fbb120f2-aa25-492e-9068-130e5f166546",
            "c6b3f68b-bbbb-423f-a9d3-ccf8f998c5f6"
          ],
          "pending": [],
          "skipped": [],
          "duration": 103,
          "root": false,
          "rootEmpty": false,
          "_timeout": 2000
        }
      ],
      "passes": [],
      "failures": [],
      "pending": [],
      "skipped": [],
      "duration": 0,
      "root": true,
      "rootEmpty": true,
      "_timeout": 2000
    }
  ],
  "meta": {
    "mocha": {
      "version": "7.0.1"
    },
    "mochawesome": {
      "options": {
        "quiet": false,
        "reportFilename": "mochawesome",
        "saveHtml": false,
        "saveJson": true,
        "consoleReporter": "spec",
        "useInlineDiffs": false,
        "code": true
      },
      "version": "7.1.3"
    },
    "marge": {
      "options": {
        "id": "default",
        "reportDir": "cypress/reports",
        "overwrite": false,
        "html": false,
        "json": true
      },
      "version": "6.2.0"
    }
  }
}