{
  "stats": {
    "suites": 1,
    "tests": 1,
    "passes": 0,
    "pending": 0,
    "failures": 1,
    "start": "2023-05-31T22:32:47.308Z",
    "end": "2023-05-31T22:32:48.641Z",
    "duration": 1333,
    "testsRegistered": 4,
    "passPercent": 0,
    "pendingPercent": 0,
    "other": 0,
    "hasOther": false,
    "skipped": 3,
    "hasSkipped": true
  },
  "results": [
    {
      "uuid": "512672c4-936f-45f1-b1c9-31e27fc12c21",
      "title": "",
      "fullFile": "cypress/e2e/09.sortPlanets.cy.js",
      "file": "cypress/e2e/09.sortPlanets.cy.js",
      "beforeHooks": [],
      "afterHooks": [],
      "tests": [],
      "suites": [
        {
          "uuid": "37ed8cca-4215-42c1-a061-5000ad94eab3",
          "title": "9 - Ordene as colunas de forma ascendente ou descendente",
          "fullFile": "",
          "file": "",
          "beforeHooks": [],
          "afterHooks": [],
          "tests": [
            {
              "title": "Ordene os planetas do maior período orbital para o menor período orbital",
              "fullTitle": "9 - Ordene as colunas de forma ascendente ou descendente Ordene os planetas do maior período orbital para o menor período orbital",
              "timedOut": null,
              "duration": 286,
              "state": "failed",
              "speed": null,
              "pass": false,
              "fail": true,
              "pending": false,
              "context": null,
              "code": "sortByColumn('orbital_period', 'desc');\nconst expectedPlanets = ['Bespin', 'Yavin IV', 'Hoth', 'Kamino', 'Endor', 'Coruscant', 'Alderaan', 'Dagobah', 'Naboo', 'Tatooine'];\ncy.getByTestId(_dataTestIds.PLANET_NAME).each((el, index) => {\n  expect(el).to.contain(expectedPlanets[index]);\n});",
              "err": {
                "message": "TypeError: The following error originated from your application code, not from Cypress.\n\n  > movies.map is not a function\n\nWhen Cypress detects uncaught errors originating from your application it will automatically fail the current test.\n\nThis behavior is configurable, and you can choose to turn this off by listening to the `uncaught:exception` event.\n\nhttps://on.cypress.io/uncaught-exception-from-application\n\nBecause this error occurred during a `before each` hook we are skipping the remaining tests in the current suite: `9 - Ordene as colunas de fo...`",
                "estack": "TypeError: The following error originated from your application code, not from Cypress.\n\n  > movies.map is not a function\n\nWhen Cypress detects uncaught errors originating from your application it will automatically fail the current test.\n\nThis behavior is configurable, and you can choose to turn this off by listening to the `uncaught:exception` event.\n\nhttps://on.cypress.io/uncaught-exception-from-application\n\nBecause this error occurred during a `before each` hook we are skipping the remaining tests in the current suite: `9 - Ordene as colunas de fo...`\n    at Home (http://localhost:3000/static/js/bundle.js:666:24)\n    at renderWithHooks (http://localhost:3000/static/js/bundle.js:24278:22)\n    at updateFunctionComponent (http://localhost:3000/static/js/bundle.js:27160:24)\n    at beginWork (http://localhost:3000/static/js/bundle.js:28872:20)\n    at HTMLUnknownElement.callCallback (http://localhost:3000/static/js/bundle.js:13870:18)\n    at Object.invokeGuardedCallbackDev (http://localhost:3000/static/js/bundle.js:13914:20)\n    at invokeGuardedCallback (http://localhost:3000/static/js/bundle.js:13971:35)\n    at beginWork$1 (http://localhost:3000/static/js/bundle.js:33845:11)\n    at performUnitOfWork (http://localhost:3000/static/js/bundle.js:33092:16)\n    at workLoopSync (http://localhost:3000/static/js/bundle.js:33015:9)",
                "diff": null
              },
              "uuid": "81c2d3d7-410b-47f4-80fe-179c2ad6acc4",
              "parentUUID": "37ed8cca-4215-42c1-a061-5000ad94eab3",
              "isHook": false,
              "skipped": false
            },
            {
              "title": "Ordene os planetas do menor diâmetro para o maior diâmetro",
              "fullTitle": "9 - Ordene as colunas de forma ascendente ou descendente Ordene os planetas do menor diâmetro para o maior diâmetro",
              "timedOut": null,
              "duration": 0,
              "state": "skipped",
              "speed": null,
              "pass": false,
              "fail": false,
              "pending": false,
              "context": null,
              "code": "sortByColumn('diameter', 'asc');\nconst expectedPlanets = ['Endor', 'Hoth', 'Dagobah', 'Yavin IV', 'Tatooine', 'Naboo', 'Coruscant', 'Alderaan', 'Kamino', 'Bespin'];\ncy.getByTestId(_dataTestIds.PLANET_NAME).each((el, index) => {\n  expect(el).to.contain(expectedPlanets[index]);\n});",
              "err": {},
              "uuid": "29fff2f8-caa1-42b2-ade1-ce6412a72c2c",
              "parentUUID": "37ed8cca-4215-42c1-a061-5000ad94eab3",
              "isHook": false,
              "skipped": true
            },
            {
              "title": "Ordene os planetas do mais populoso para o menos populoso",
              "fullTitle": "9 - Ordene as colunas de forma ascendente ou descendente Ordene os planetas do mais populoso para o menos populoso",
              "timedOut": null,
              "duration": 0,
              "state": "skipped",
              "speed": null,
              "pass": false,
              "fail": false,
              "pending": false,
              "context": null,
              "code": "sortByColumn('population', 'desc');\nconst expectedPlanets = ['Coruscant', 'Naboo', 'Alderaan', 'Kamino', 'Endor', 'Bespin', 'Tatooine', 'Yavin IV'];\nconst expectedPlanetsWithUnknownValues = ['Dagobah', 'Hoth'];\ncy.getByTestId(_dataTestIds.PLANET_NAME).each((el, index) => {\n  if (expectedPlanets[index]) {\n    expect(el).to.contain(expectedPlanets[index]);\n  } else {\n    expect(el.text()).to.be.oneOf(expectedPlanetsWithUnknownValues);\n  }\n});",
              "err": {},
              "uuid": "9c6e63a1-17dc-46a4-94ce-757d122735b7",
              "parentUUID": "37ed8cca-4215-42c1-a061-5000ad94eab3",
              "isHook": false,
              "skipped": true
            },
            {
              "title": "Ordene os planetas do menos populoso para o mais populoso",
              "fullTitle": "9 - Ordene as colunas de forma ascendente ou descendente Ordene os planetas do menos populoso para o mais populoso",
              "timedOut": null,
              "duration": 0,
              "state": "skipped",
              "speed": null,
              "pass": false,
              "fail": false,
              "pending": false,
              "context": null,
              "code": "sortByColumn('population', 'asc');\nconst expectedPlanets = ['Yavin IV', 'Tatooine', 'Bespin', 'Endor', 'Kamino', 'Alderaan', 'Naboo', 'Coruscant'];\nconst expectedPlanetsWithUnknownValues = ['Dagobah', 'Hoth'];\ncy.getByTestId(_dataTestIds.PLANET_NAME).each((el, index) => {\n  if (expectedPlanets[index]) {\n    expect(el).to.contain(expectedPlanets[index]);\n  } else {\n    expect(el.text()).to.be.oneOf(expectedPlanetsWithUnknownValues);\n  }\n});",
              "err": {},
              "uuid": "b9feafad-a39b-410b-8dc2-7ddbc9a49a0d",
              "parentUUID": "37ed8cca-4215-42c1-a061-5000ad94eab3",
              "isHook": false,
              "skipped": true
            }
          ],
          "suites": [],
          "passes": [],
          "failures": [
            "81c2d3d7-410b-47f4-80fe-179c2ad6acc4"
          ],
          "pending": [],
          "skipped": [
            "29fff2f8-caa1-42b2-ade1-ce6412a72c2c",
            "9c6e63a1-17dc-46a4-94ce-757d122735b7",
            "b9feafad-a39b-410b-8dc2-7ddbc9a49a0d"
          ],
          "duration": 286,
          "root": false,
          "rootEmpty": false,
          "_timeout": 2000
        }
      ],
      "passes": [],
      "failures": [],
      "pending": [],
      "skipped": [],
      "duration": 0,
      "root": true,
      "rootEmpty": true,
      "_timeout": 2000
    }
  ],
  "meta": {
    "mocha": {
      "version": "7.0.1"
    },
    "mochawesome": {
      "options": {
        "quiet": false,
        "reportFilename": "mochawesome",
        "saveHtml": false,
        "saveJson": true,
        "consoleReporter": "spec",
        "useInlineDiffs": false,
        "code": true
      },
      "version": "7.1.3"
    },
    "marge": {
      "options": {
        "id": "default",
        "reportDir": "cypress/reports",
        "overwrite": false,
        "html": false,
        "json": true
      },
      "version": "6.2.0"
    }
  }
}