{
  "stats": {
    "suites": 1,
    "tests": 4,
    "passes": 0,
    "pending": 0,
    "failures": 4,
    "start": "2023-06-02T22:30:33.927Z",
    "end": "2023-06-02T22:30:34.074Z",
    "duration": 147,
    "testsRegistered": 4,
    "passPercent": 0,
    "pendingPercent": 0,
    "other": 0,
    "hasOther": false,
    "skipped": 0,
    "hasSkipped": false
  },
  "results": [
    {
      "uuid": "9de125b4-dc23-451d-a2ae-5d18bc81e05e",
      "title": "",
      "fullFile": "cypress/e2e/08.testCoverage60.cy.js",
      "file": "cypress/e2e/08.testCoverage60.cy.js",
      "beforeHooks": [],
      "afterHooks": [],
      "tests": [],
      "suites": [
        {
          "uuid": "4ce3a714-8f77-4e2e-8ee7-f91840631a47",
          "title": "8 - Desenvolva testes para atingir 60% de cobertura total da aplicação",
          "fullFile": "",
          "file": "",
          "beforeHooks": [],
          "afterHooks": [],
          "tests": [
            {
              "title": "Cobertura de \"Statements\" total deverá ser maior ou igual a 60.",
              "fullTitle": "8 - Desenvolva testes para atingir 60% de cobertura total da aplicação Cobertura de \"Statements\" total deverá ser maior ou igual a 60.",
              "timedOut": null,
              "duration": 31,
              "state": "failed",
              "speed": null,
              "pass": false,
              "fail": true,
              "pending": false,
              "context": null,
              "code": "cy.getCoverage().its('total.statements.pct', {\n  timeout: 0\n}).should('be.gte', 60.00);",
              "err": {
                "message": "AssertionError: Timed out retrying after 0ms: expected 13.72 to be at least 60",
                "estack": "AssertionError: Timed out retrying after 0ms: expected 13.72 to be at least 60\n    at Context.eval (webpack:///./cypress/e2e/08.testCoverage60.cy.js:3:65)",
                "diff": "- 13.72\n+ 60\n"
              },
              "uuid": "56d1fc41-a0e2-4a99-be35-867701d6078e",
              "parentUUID": "4ce3a714-8f77-4e2e-8ee7-f91840631a47",
              "isHook": false,
              "skipped": false
            },
            {
              "title": "Cobertura de \"Functions\" total deverá ser maior ou igual a 60.",
              "fullTitle": "8 - Desenvolva testes para atingir 60% de cobertura total da aplicação Cobertura de \"Functions\" total deverá ser maior ou igual a 60.",
              "timedOut": null,
              "duration": 15,
              "state": "failed",
              "speed": null,
              "pass": false,
              "fail": true,
              "pending": false,
              "context": null,
              "code": "cy.getCoverage().its('total.functions.pct', {\n  timeout: 0\n}).should('be.gte', 60.00);",
              "err": {
                "message": "AssertionError: Timed out retrying after 0ms: expected 15 to be at least 60",
                "estack": "AssertionError: Timed out retrying after 0ms: expected 15 to be at least 60\n    at Context.eval (webpack:///./cypress/e2e/08.testCoverage60.cy.js:7:64)",
                "diff": "- 15\n+ 60\n"
              },
              "uuid": "2391919d-811e-4b15-93ca-8f16fde26ac6",
              "parentUUID": "4ce3a714-8f77-4e2e-8ee7-f91840631a47",
              "isHook": false,
              "skipped": false
            },
            {
              "title": "Cobertura de \"Branches\" total deverá ser maior ou igual a 60.",
              "fullTitle": "8 - Desenvolva testes para atingir 60% de cobertura total da aplicação Cobertura de \"Branches\" total deverá ser maior ou igual a 60.",
              "timedOut": null,
              "duration": 11,
              "state": "failed",
              "speed": null,
              "pass": false,
              "fail": true,
              "pending": false,
              "context": null,
              "code": "cy.getCoverage().its('total.branches.pct', {\n  timeout: 0\n}).should('be.gte', 60.00);",
              "err": {
                "message": "AssertionError: Timed out retrying after 0ms: expected 0 to be at least 60",
                "estack": "AssertionError: Timed out retrying after 0ms: expected 0 to be at least 60\n    at Context.eval (webpack:///./cypress/e2e/08.testCoverage60.cy.js:11:63)",
                "diff": null
              },
              "uuid": "4fc666f3-8f49-4b6e-b4b6-c3103930317f",
              "parentUUID": "4ce3a714-8f77-4e2e-8ee7-f91840631a47",
              "isHook": false,
              "skipped": false
            },
            {
              "title": "Cobertura de \"Lines\" total deverá ser maior ou igual a 60.",
              "fullTitle": "8 - Desenvolva testes para atingir 60% de cobertura total da aplicação Cobertura de \"Lines\" total deverá ser maior ou igual a 60.",
              "timedOut": null,
              "duration": 10,
              "state": "failed",
              "speed": null,
              "pass": false,
              "fail": true,
              "pending": false,
              "context": null,
              "code": "cy.getCoverage().its('total.lines.pct', {\n  timeout: 0\n}).should('be.gte', 60.00);",
              "err": {
                "message": "AssertionError: Timed out retrying after 0ms: expected 14.14 to be at least 60",
                "estack": "AssertionError: Timed out retrying after 0ms: expected 14.14 to be at least 60\n    at Context.eval (webpack:///./cypress/e2e/08.testCoverage60.cy.js:15:60)",
                "diff": "- 14.14\n+ 60\n"
              },
              "uuid": "040774b6-4916-4e4f-8df4-5c7828971fe0",
              "parentUUID": "4ce3a714-8f77-4e2e-8ee7-f91840631a47",
              "isHook": false,
              "skipped": false
            }
          ],
          "suites": [],
          "passes": [],
          "failures": [
            "56d1fc41-a0e2-4a99-be35-867701d6078e",
            "2391919d-811e-4b15-93ca-8f16fde26ac6",
            "4fc666f3-8f49-4b6e-b4b6-c3103930317f",
            "040774b6-4916-4e4f-8df4-5c7828971fe0"
          ],
          "pending": [],
          "skipped": [],
          "duration": 67,
          "root": false,
          "rootEmpty": false,
          "_timeout": 2000
        }
      ],
      "passes": [],
      "failures": [],
      "pending": [],
      "skipped": [],
      "duration": 0,
      "root": true,
      "rootEmpty": true,
      "_timeout": 2000
    }
  ],
  "meta": {
    "mocha": {
      "version": "7.0.1"
    },
    "mochawesome": {
      "options": {
        "quiet": false,
        "reportFilename": "mochawesome",
        "saveHtml": false,
        "saveJson": true,
        "consoleReporter": "spec",
        "useInlineDiffs": false,
        "code": true
      },
      "version": "7.1.3"
    },
    "marge": {
      "options": {
        "id": "default",
        "reportDir": "cypress/reports",
        "overwrite": false,
        "html": false,
        "json": true
      },
      "version": "6.2.0"
    }
  }
}