{
  "stats": {
    "suites": 1,
    "tests": 4,
    "passes": 4,
    "pending": 0,
    "failures": 0,
    "start": "2023-06-01T21:45:11.598Z",
    "end": "2023-06-01T21:45:15.957Z",
    "duration": 4359,
    "testsRegistered": 4,
    "passPercent": 100,
    "pendingPercent": 0,
    "other": 0,
    "hasOther": false,
    "skipped": 0,
    "hasSkipped": false
  },
  "results": [
    {
      "uuid": "ec773a0f-7a04-49ad-a871-32ebe69e4629",
      "title": "",
      "fullFile": "cypress/e2e/06.repeatedFilters.cy.js",
      "file": "cypress/e2e/06.repeatedFilters.cy.js",
      "beforeHooks": [],
      "afterHooks": [],
      "tests": [],
      "suites": [
        {
          "uuid": "a6580ba0-4631-4ee7-87a9-5ce8fbf25f47",
          "title": "6 - Não utilize filtros repetidos",
          "fullFile": "",
          "file": "",
          "beforeHooks": [],
          "afterHooks": [],
          "tests": [
            {
              "title": "Filtre por diâmetro e o remove das opções",
              "fullTitle": "6 - Não utilize filtros repetidos Filtre por diâmetro e o remove das opções",
              "timedOut": null,
              "duration": 1082,
              "state": "passed",
              "speed": "fast",
              "pass": true,
              "fail": false,
              "pending": false,
              "context": null,
              "code": "const allColumnsOptions = ['population', 'orbital_period', 'diameter', 'rotation_period', 'surface_water'];\ncy.getByTestId(_dataTestIds.COLUMN_FILTER).find('option').should(options => {\n  expect(options).to.have.length(allColumnsOptions.length);\n  allColumnsOptions.forEach(option => {\n    expect(options).to.contain(option);\n  });\n});\ncy.addFilter('diameter', 'maior que', '12240');\ncy.get('table tr').should('have.length', FILTERED_ROWS_COUNT_DIAMETER);\ncy.getByTestId(_dataTestIds.COLUMN_FILTER).find('option').should(options => {\n  expect(options).to.have.length(allColumnsOptions.length - 1);\n  expect(options).to.not.contain('diameter');\n});",
              "err": {},
              "uuid": "3e31b22a-8dda-4b76-9df3-a6754efb0948",
              "parentUUID": "a6580ba0-4631-4ee7-87a9-5ce8fbf25f47",
              "isHook": false,
              "skipped": false
            },
            {
              "title": "Filtre por período de rotação e o remove das opções",
              "fullTitle": "6 - Não utilize filtros repetidos Filtre por período de rotação e o remove das opções",
              "timedOut": null,
              "duration": 797,
              "state": "passed",
              "speed": "fast",
              "pass": true,
              "fail": false,
              "pending": false,
              "context": null,
              "code": "const allColumnsOptions = ['population', 'orbital_period', 'diameter', 'rotation_period', 'surface_water'];\ncy.getByTestId(_dataTestIds.COLUMN_FILTER).find('option').should(options => {\n  expect(options).to.have.length(allColumnsOptions.length);\n  allColumnsOptions.forEach(option => {\n    expect(options).to.contain(option);\n  });\n});\ncy.addFilter('rotation_period', 'maior que', '25');\ncy.get('table tr').should('have.length', FILTERED_ROWS_COUNT_ROTATION_PERIOD);\ncy.getByTestId(_dataTestIds.COLUMN_FILTER).find('option').should(options => {\n  expect(options).to.have.length(allColumnsOptions.length - 1);\n  expect(options).to.not.contain('rotation_period');\n});",
              "err": {},
              "uuid": "a8686f34-9f1c-45f0-a159-5b7e9769b15a",
              "parentUUID": "a6580ba0-4631-4ee7-87a9-5ce8fbf25f47",
              "isHook": false,
              "skipped": false
            },
            {
              "title": "Filtre por período de órbita e o remove das opções",
              "fullTitle": "6 - Não utilize filtros repetidos Filtre por período de órbita e o remove das opções",
              "timedOut": null,
              "duration": 797,
              "state": "passed",
              "speed": "fast",
              "pass": true,
              "fail": false,
              "pending": false,
              "context": null,
              "code": "const allColumnsOptions = ['population', 'orbital_period', 'diameter', 'rotation_period', 'surface_water'];\ncy.getByTestId(_dataTestIds.COLUMN_FILTER).find('option').should(options => {\n  expect(options).to.have.length(allColumnsOptions.length);\n  allColumnsOptions.forEach(option => {\n    expect(options).to.contain(option);\n  });\n});\ncy.addFilter('orbital_period', 'maior que', '350');\ncy.get('table tr').should('have.length', FILTERED_ROWS_COUNT_ORBITAL_PERIOD);\ncy.getByTestId(_dataTestIds.COLUMN_FILTER).find('option').should(options => {\n  expect(options).to.have.length(allColumnsOptions.length - 1);\n  expect(options).to.not.contain('orbital_period');\n});",
              "err": {},
              "uuid": "7acb8da0-c3c4-4416-ad98-ffb5ed8ebebd",
              "parentUUID": "a6580ba0-4631-4ee7-87a9-5ce8fbf25f47",
              "isHook": false,
              "skipped": false
            },
            {
              "title": "Filtre por superfície aquática e o remove das opções",
              "fullTitle": "6 - Não utilize filtros repetidos Filtre por superfície aquática e o remove das opções",
              "timedOut": null,
              "duration": 760,
              "state": "passed",
              "speed": "fast",
              "pass": true,
              "fail": false,
              "pending": false,
              "context": null,
              "code": "const allColumnsOptions = ['population', 'orbital_period', 'diameter', 'rotation_period', 'surface_water'];\ncy.getByTestId(_dataTestIds.COLUMN_FILTER).find('option').should(options => {\n  expect(options).to.have.length(allColumnsOptions.length);\n  allColumnsOptions.forEach(option => {\n    expect(options).to.contain(option);\n  });\n});\ncy.addFilter('surface_water', 'maior que', '99');\ncy.get('table tr').should('have.length', FILTERED_ROWS_COUNT_SURFACE_WATER);\ncy.getByTestId(_dataTestIds.COLUMN_FILTER).find('option').should(options => {\n  expect(options).to.have.length(allColumnsOptions.length - 1);\n  expect(options).to.not.contain('surface_water');\n});",
              "err": {},
              "uuid": "e3942c5a-b3a1-49c4-b035-d6113caae5ae",
              "parentUUID": "a6580ba0-4631-4ee7-87a9-5ce8fbf25f47",
              "isHook": false,
              "skipped": false
            }
          ],
          "suites": [],
          "passes": [
            "3e31b22a-8dda-4b76-9df3-a6754efb0948",
            "a8686f34-9f1c-45f0-a159-5b7e9769b15a",
            "7acb8da0-c3c4-4416-ad98-ffb5ed8ebebd",
            "e3942c5a-b3a1-49c4-b035-d6113caae5ae"
          ],
          "failures": [],
          "pending": [],
          "skipped": [],
          "duration": 3436,
          "root": false,
          "rootEmpty": false,
          "_timeout": 2000
        }
      ],
      "passes": [],
      "failures": [],
      "pending": [],
      "skipped": [],
      "duration": 0,
      "root": true,
      "rootEmpty": true,
      "_timeout": 2000
    }
  ],
  "meta": {
    "mocha": {
      "version": "7.0.1"
    },
    "mochawesome": {
      "options": {
        "quiet": false,
        "reportFilename": "mochawesome",
        "saveHtml": false,
        "saveJson": true,
        "consoleReporter": "spec",
        "useInlineDiffs": false,
        "code": true
      },
      "version": "7.1.3"
    },
    "marge": {
      "options": {
        "id": "default",
        "reportDir": "cypress/reports",
        "overwrite": false,
        "html": false,
        "json": true
      },
      "version": "6.2.0"
    }
  }
}