{
  "stats": {
    "suites": 1,
    "tests": 4,
    "passes": 0,
    "pending": 0,
    "failures": 4,
    "start": "2023-06-01T21:06:56.984Z",
    "end": "2023-06-01T21:06:59.367Z",
    "duration": 2383,
    "testsRegistered": 4,
    "passPercent": 0,
    "pendingPercent": 0,
    "other": 0,
    "hasOther": false,
    "skipped": 0,
    "hasSkipped": false
  },
  "results": [
    {
      "uuid": "6b877700-df5c-4329-8f76-934b15d46a4e",
      "title": "",
      "fullFile": "cypress/e2e/05.testCoverage30.cy.js",
      "file": "cypress/e2e/05.testCoverage30.cy.js",
      "beforeHooks": [],
      "afterHooks": [],
      "tests": [],
      "suites": [
        {
          "uuid": "c03a4ff0-b8c5-4ec3-9588-9e168001cf05",
          "title": "5 - Desenvolva testes para atingir 30% de cobertura total da aplicação",
          "fullFile": "",
          "file": "",
          "beforeHooks": [],
          "afterHooks": [],
          "tests": [
            {
              "title": "Cobertura de \"Statements\" total deverá ser maior ou igual a 30.",
              "fullTitle": "5 - Desenvolva testes para atingir 30% de cobertura total da aplicação Cobertura de \"Statements\" total deverá ser maior ou igual a 30.",
              "timedOut": null,
              "duration": 2249,
              "state": "failed",
              "speed": null,
              "pass": false,
              "fail": true,
              "pending": false,
              "context": null,
              "code": "cy.getCoverage().its('total.statements.pct', {\n  timeout: 0\n}).should('be.gte', 30.00);",
              "err": {
                "message": "AssertionError: Timed out retrying after 0ms: expected 20 to be at least 30",
                "estack": "AssertionError: Timed out retrying after 0ms: expected 20 to be at least 30\n    at Context.eval (webpack:///./cypress/e2e/05.testCoverage30.cy.js:3:65)",
                "diff": "- 20\n+ 30\n"
              },
              "uuid": "22cd8ba1-c562-4287-ab91-09d6a5998d3c",
              "parentUUID": "c03a4ff0-b8c5-4ec3-9588-9e168001cf05",
              "isHook": false,
              "skipped": false
            },
            {
              "title": "Cobertura de \"Functions\" total deverá ser maior ou igual a 30.",
              "fullTitle": "5 - Desenvolva testes para atingir 30% de cobertura total da aplicação Cobertura de \"Functions\" total deverá ser maior ou igual a 30.",
              "timedOut": null,
              "duration": 21,
              "state": "failed",
              "speed": null,
              "pass": false,
              "fail": true,
              "pending": false,
              "context": null,
              "code": "cy.getCoverage().its('total.functions.pct', {\n  timeout: 0\n}).should('be.gte', 30.00);",
              "err": {
                "message": "AssertionError: Timed out retrying after 0ms: expected 19.23 to be at least 30",
                "estack": "AssertionError: Timed out retrying after 0ms: expected 19.23 to be at least 30\n    at Context.eval (webpack:///./cypress/e2e/05.testCoverage30.cy.js:7:64)",
                "diff": "- 19.23\n+ 30\n"
              },
              "uuid": "32d58a53-9c91-4867-ba24-b2ed32d239f1",
              "parentUUID": "c03a4ff0-b8c5-4ec3-9588-9e168001cf05",
              "isHook": false,
              "skipped": false
            },
            {
              "title": "Cobertura de \"Branches\" total deverá ser maior ou igual a 30.",
              "fullTitle": "5 - Desenvolva testes para atingir 30% de cobertura total da aplicação Cobertura de \"Branches\" total deverá ser maior ou igual a 30.",
              "timedOut": null,
              "duration": 25,
              "state": "failed",
              "speed": null,
              "pass": false,
              "fail": true,
              "pending": false,
              "context": null,
              "code": "cy.getCoverage().its('total.branches.pct', {\n  timeout: 0\n}).should('be.gte', 30.00);",
              "err": {
                "message": "AssertionError: Timed out retrying after 0ms: expected 0 to be at least 30",
                "estack": "AssertionError: Timed out retrying after 0ms: expected 0 to be at least 30\n    at Context.eval (webpack:///./cypress/e2e/05.testCoverage30.cy.js:11:63)",
                "diff": null
              },
              "uuid": "aa3f438c-79f2-4830-8f0e-cc716d806b63",
              "parentUUID": "c03a4ff0-b8c5-4ec3-9588-9e168001cf05",
              "isHook": false,
              "skipped": false
            },
            {
              "title": "Cobertura de \"Lines\" total deverá ser maior ou igual a 30.",
              "fullTitle": "5 - Desenvolva testes para atingir 30% de cobertura total da aplicação Cobertura de \"Lines\" total deverá ser maior ou igual a 30.",
              "timedOut": null,
              "duration": 27,
              "state": "failed",
              "speed": null,
              "pass": false,
              "fail": true,
              "pending": false,
              "context": null,
              "code": "cy.getCoverage().its('total.lines.pct', {\n  timeout: 0\n}).should('be.gte', 30.00);",
              "err": {
                "message": "AssertionError: Timed out retrying after 0ms: expected 21.05 to be at least 30",
                "estack": "AssertionError: Timed out retrying after 0ms: expected 21.05 to be at least 30\n    at Context.eval (webpack:///./cypress/e2e/05.testCoverage30.cy.js:15:60)",
                "diff": "- 21.05\n+ 30\n"
              },
              "uuid": "75465d6f-b51a-4259-9763-29cc197dd2ea",
              "parentUUID": "c03a4ff0-b8c5-4ec3-9588-9e168001cf05",
              "isHook": false,
              "skipped": false
            }
          ],
          "suites": [],
          "passes": [],
          "failures": [
            "22cd8ba1-c562-4287-ab91-09d6a5998d3c",
            "32d58a53-9c91-4867-ba24-b2ed32d239f1",
            "aa3f438c-79f2-4830-8f0e-cc716d806b63",
            "75465d6f-b51a-4259-9763-29cc197dd2ea"
          ],
          "pending": [],
          "skipped": [],
          "duration": 2322,
          "root": false,
          "rootEmpty": false,
          "_timeout": 2000
        }
      ],
      "passes": [],
      "failures": [],
      "pending": [],
      "skipped": [],
      "duration": 0,
      "root": true,
      "rootEmpty": true,
      "_timeout": 2000
    }
  ],
  "meta": {
    "mocha": {
      "version": "7.0.1"
    },
    "mochawesome": {
      "options": {
        "quiet": false,
        "reportFilename": "mochawesome",
        "saveHtml": false,
        "saveJson": true,
        "consoleReporter": "spec",
        "useInlineDiffs": false,
        "code": true
      },
      "version": "7.1.3"
    },
    "marge": {
      "options": {
        "id": "default",
        "reportDir": "cypress/reports",
        "overwrite": false,
        "html": false,
        "json": true
      },
      "version": "6.2.0"
    }
  }
}