{
  "stats": {
    "suites": 1,
    "tests": 4,
    "passes": 0,
    "pending": 0,
    "failures": 4,
    "start": "2023-06-02T22:30:17.846Z",
    "end": "2023-06-02T22:30:20.059Z",
    "duration": 2213,
    "testsRegistered": 4,
    "passPercent": 0,
    "pendingPercent": 0,
    "other": 0,
    "hasOther": false,
    "skipped": 0,
    "hasSkipped": false
  },
  "results": [
    {
      "uuid": "2d679b67-be32-4898-88b8-274454b4f6f4",
      "title": "",
      "fullFile": "cypress/e2e/05.testCoverage30.cy.js",
      "file": "cypress/e2e/05.testCoverage30.cy.js",
      "beforeHooks": [],
      "afterHooks": [],
      "tests": [],
      "suites": [
        {
          "uuid": "17582cec-4d4e-4273-95a8-d541a6de0425",
          "title": "5 - Desenvolva testes para atingir 30% de cobertura total da aplicação",
          "fullFile": "",
          "file": "",
          "beforeHooks": [],
          "afterHooks": [],
          "tests": [
            {
              "title": "Cobertura de \"Statements\" total deverá ser maior ou igual a 30.",
              "fullTitle": "5 - Desenvolva testes para atingir 30% de cobertura total da aplicação Cobertura de \"Statements\" total deverá ser maior ou igual a 30.",
              "timedOut": null,
              "duration": 2039,
              "state": "failed",
              "speed": null,
              "pass": false,
              "fail": true,
              "pending": false,
              "context": null,
              "code": "cy.getCoverage().its('total.statements.pct', {\n  timeout: 0\n}).should('be.gte', 30.00);",
              "err": {
                "message": "AssertionError: Timed out retrying after 0ms: expected 13.72 to be at least 30",
                "estack": "AssertionError: Timed out retrying after 0ms: expected 13.72 to be at least 30\n    at Context.eval (webpack:///./cypress/e2e/05.testCoverage30.cy.js:3:65)",
                "diff": "- 13.72\n+ 30\n"
              },
              "uuid": "71510180-a000-4be9-b51c-1827ecaab68d",
              "parentUUID": "17582cec-4d4e-4273-95a8-d541a6de0425",
              "isHook": false,
              "skipped": false
            },
            {
              "title": "Cobertura de \"Functions\" total deverá ser maior ou igual a 30.",
              "fullTitle": "5 - Desenvolva testes para atingir 30% de cobertura total da aplicação Cobertura de \"Functions\" total deverá ser maior ou igual a 30.",
              "timedOut": null,
              "duration": 19,
              "state": "failed",
              "speed": null,
              "pass": false,
              "fail": true,
              "pending": false,
              "context": null,
              "code": "cy.getCoverage().its('total.functions.pct', {\n  timeout: 0\n}).should('be.gte', 30.00);",
              "err": {
                "message": "AssertionError: Timed out retrying after 0ms: expected 15 to be at least 30",
                "estack": "AssertionError: Timed out retrying after 0ms: expected 15 to be at least 30\n    at Context.eval (webpack:///./cypress/e2e/05.testCoverage30.cy.js:7:64)",
                "diff": "- 15\n+ 30\n"
              },
              "uuid": "6c5089ed-f159-4831-afca-1efe266b3be1",
              "parentUUID": "17582cec-4d4e-4273-95a8-d541a6de0425",
              "isHook": false,
              "skipped": false
            },
            {
              "title": "Cobertura de \"Branches\" total deverá ser maior ou igual a 30.",
              "fullTitle": "5 - Desenvolva testes para atingir 30% de cobertura total da aplicação Cobertura de \"Branches\" total deverá ser maior ou igual a 30.",
              "timedOut": null,
              "duration": 28,
              "state": "failed",
              "speed": null,
              "pass": false,
              "fail": true,
              "pending": false,
              "context": null,
              "code": "cy.getCoverage().its('total.branches.pct', {\n  timeout: 0\n}).should('be.gte', 30.00);",
              "err": {
                "message": "AssertionError: Timed out retrying after 0ms: expected 0 to be at least 30",
                "estack": "AssertionError: Timed out retrying after 0ms: expected 0 to be at least 30\n    at Context.eval (webpack:///./cypress/e2e/05.testCoverage30.cy.js:11:63)",
                "diff": null
              },
              "uuid": "425e598a-bd55-4c51-a591-9b927471fbf9",
              "parentUUID": "17582cec-4d4e-4273-95a8-d541a6de0425",
              "isHook": false,
              "skipped": false
            },
            {
              "title": "Cobertura de \"Lines\" total deverá ser maior ou igual a 30.",
              "fullTitle": "5 - Desenvolva testes para atingir 30% de cobertura total da aplicação Cobertura de \"Lines\" total deverá ser maior ou igual a 30.",
              "timedOut": null,
              "duration": 32,
              "state": "failed",
              "speed": null,
              "pass": false,
              "fail": true,
              "pending": false,
              "context": null,
              "code": "cy.getCoverage().its('total.lines.pct', {\n  timeout: 0\n}).should('be.gte', 30.00);",
              "err": {
                "message": "AssertionError: Timed out retrying after 0ms: expected 14.14 to be at least 30",
                "estack": "AssertionError: Timed out retrying after 0ms: expected 14.14 to be at least 30\n    at Context.eval (webpack:///./cypress/e2e/05.testCoverage30.cy.js:15:60)",
                "diff": "- 14.14\n+ 30\n"
              },
              "uuid": "1977f273-d83e-4a8b-b14c-d186b0eff6fe",
              "parentUUID": "17582cec-4d4e-4273-95a8-d541a6de0425",
              "isHook": false,
              "skipped": false
            }
          ],
          "suites": [],
          "passes": [],
          "failures": [
            "71510180-a000-4be9-b51c-1827ecaab68d",
            "6c5089ed-f159-4831-afca-1efe266b3be1",
            "425e598a-bd55-4c51-a591-9b927471fbf9",
            "1977f273-d83e-4a8b-b14c-d186b0eff6fe"
          ],
          "pending": [],
          "skipped": [],
          "duration": 2118,
          "root": false,
          "rootEmpty": false,
          "_timeout": 2000
        }
      ],
      "passes": [],
      "failures": [],
      "pending": [],
      "skipped": [],
      "duration": 0,
      "root": true,
      "rootEmpty": true,
      "_timeout": 2000
    }
  ],
  "meta": {
    "mocha": {
      "version": "7.0.1"
    },
    "mochawesome": {
      "options": {
        "quiet": false,
        "reportFilename": "mochawesome",
        "saveHtml": false,
        "saveJson": true,
        "consoleReporter": "spec",
        "useInlineDiffs": false,
        "code": true
      },
      "version": "7.1.3"
    },
    "marge": {
      "options": {
        "id": "default",
        "reportDir": "cypress/reports",
        "overwrite": false,
        "html": false,
        "json": true
      },
      "version": "6.2.0"
    }
  }
}