{
  "stats": {
    "suites": 1,
    "tests": 1,
    "passes": 0,
    "pending": 0,
    "failures": 1,
    "start": "2023-05-31T22:32:44.244Z",
    "end": "2023-05-31T22:32:45.436Z",
    "duration": 1192,
    "testsRegistered": 3,
    "passPercent": 0,
    "pendingPercent": 0,
    "other": 0,
    "hasOther": false,
    "skipped": 2,
    "hasSkipped": true
  },
  "results": [
    {
      "uuid": "31f65bc4-98e2-4b10-b773-c441d10d0857",
      "title": "",
      "fullFile": "cypress/e2e/07.deleteFilters.cy.js",
      "file": "cypress/e2e/07.deleteFilters.cy.js",
      "beforeHooks": [],
      "afterHooks": [],
      "tests": [],
      "suites": [
        {
          "uuid": "f970c702-04aa-43ed-ac09-9a08a6e255fb",
          "title": "7 - Apague um filtro de valor numérico ao clicar no ícone de X de um dos filtros e apague todas filtragens numéricas simultaneamente ao clicar em outro botão de Remover todas filtragens",
          "fullFile": "",
          "file": "",
          "beforeHooks": [],
          "afterHooks": [],
          "tests": [
            {
              "title": "Adicione um filtro e verifique se a tabela foi atualizada com as informações filtradas, depois remova o filtro e verifique se os valores da tabela voltaram ao original",
              "fullTitle": "7 - Apague um filtro de valor numérico ao clicar no ícone de X de um dos filtros e apague todas filtragens numéricas simultaneamente ao clicar em outro botão de Remover todas filtragens Adicione um filtro e verifique se a tabela foi atualizada com as informações filtradas, depois remova o filtro e verifique se os valores da tabela voltaram ao original",
              "timedOut": null,
              "duration": 295,
              "state": "failed",
              "speed": null,
              "pass": false,
              "fail": true,
              "pending": false,
              "context": null,
              "code": "cy.get('table tr').should('have.length', TOTAL_ROWS_COUNT);\ncy.addFilter('diameter', 'maior que', '8900');\ncy.get('table tr').should('have.length', FILTERED_ROWS_COUNT);\nremoveFilter(DIAMETER_FILTER_INDEX);\ncy.get('table tr').should('have.length', TOTAL_ROWS_COUNT);",
              "err": {
                "message": "TypeError: The following error originated from your application code, not from Cypress.\n\n  > movies.map is not a function\n\nWhen Cypress detects uncaught errors originating from your application it will automatically fail the current test.\n\nThis behavior is configurable, and you can choose to turn this off by listening to the `uncaught:exception` event.\n\nhttps://on.cypress.io/uncaught-exception-from-application\n\nBecause this error occurred during a `before each` hook we are skipping the remaining tests in the current suite: `7 - Apague um filtro de val...`",
                "estack": "TypeError: The following error originated from your application code, not from Cypress.\n\n  > movies.map is not a function\n\nWhen Cypress detects uncaught errors originating from your application it will automatically fail the current test.\n\nThis behavior is configurable, and you can choose to turn this off by listening to the `uncaught:exception` event.\n\nhttps://on.cypress.io/uncaught-exception-from-application\n\nBecause this error occurred during a `before each` hook we are skipping the remaining tests in the current suite: `7 - Apague um filtro de val...`\n    at Home (http://localhost:3000/static/js/bundle.js:666:24)\n    at renderWithHooks (http://localhost:3000/static/js/bundle.js:24278:22)\n    at updateFunctionComponent (http://localhost:3000/static/js/bundle.js:27160:24)\n    at beginWork (http://localhost:3000/static/js/bundle.js:28872:20)\n    at HTMLUnknownElement.callCallback (http://localhost:3000/static/js/bundle.js:13870:18)\n    at Object.invokeGuardedCallbackDev (http://localhost:3000/static/js/bundle.js:13914:20)\n    at invokeGuardedCallback (http://localhost:3000/static/js/bundle.js:13971:35)\n    at beginWork$1 (http://localhost:3000/static/js/bundle.js:33845:11)\n    at performUnitOfWork (http://localhost:3000/static/js/bundle.js:33092:16)\n    at workLoopSync (http://localhost:3000/static/js/bundle.js:33015:9)",
                "diff": null
              },
              "uuid": "ac4c07e9-8f9b-45bb-aba9-e22ce430e5f4",
              "parentUUID": "f970c702-04aa-43ed-ac09-9a08a6e255fb",
              "isHook": false,
              "skipped": false
            },
            {
              "title": "Adicione dois filtros e verifique se a tabela foi atualizada com as informações filtradas, depois remova os filtros e verifique se os valores da tabela voltaram ao original",
              "fullTitle": "7 - Apague um filtro de valor numérico ao clicar no ícone de X de um dos filtros e apague todas filtragens numéricas simultaneamente ao clicar em outro botão de Remover todas filtragens Adicione dois filtros e verifique se a tabela foi atualizada com as informações filtradas, depois remova os filtros e verifique se os valores da tabela voltaram ao original",
              "timedOut": null,
              "duration": 0,
              "state": "skipped",
              "speed": null,
              "pass": false,
              "fail": false,
              "pending": false,
              "context": null,
              "code": "cy.get('table tr').should('have.length', TOTAL_ROWS_COUNT);\ncy.addFilter('diameter', 'maior que', '8900');\ncy.addFilter('population', 'menor que', '1000000');\ncy.get('table tr').should('have.length', DOUBLE_FILTERED);\nremoveFilter(POPULATION_FILTER_INDEX);\ncy.get('table tr').should('have.length', FILTERED_ROWS_COUNT);\nremoveFilter(DIAMETER_FILTER_INDEX);\ncy.get('table tr').should('have.length', TOTAL_ROWS_COUNT);",
              "err": {},
              "uuid": "09b07f63-6c9c-4673-a104-a3f8558294fa",
              "parentUUID": "f970c702-04aa-43ed-ac09-9a08a6e255fb",
              "isHook": false,
              "skipped": true
            },
            {
              "title": "Adicione três filtros e clique no botão Remover Filtragens, todos os filtros deverão ser removidos",
              "fullTitle": "7 - Apague um filtro de valor numérico ao clicar no ícone de X de um dos filtros e apague todas filtragens numéricas simultaneamente ao clicar em outro botão de Remover todas filtragens Adicione três filtros e clique no botão Remover Filtragens, todos os filtros deverão ser removidos",
              "timedOut": null,
              "duration": 0,
              "state": "skipped",
              "speed": null,
              "pass": false,
              "fail": false,
              "pending": false,
              "context": null,
              "code": "cy.get('table tr').should('have.length', TOTAL_ROWS_COUNT);\ncy.addFilter('diameter', 'maior que', '8900');\ncy.addFilter('population', 'menor que', '1000000');\ncy.addFilter('rotation_period', 'igual a', '23');\ncy.get('table tr').should('have.length', TRIPLE_FILTERED);\ncy.getByTestId(_dataTestIds.BUTTON_REMOVE_FILTERS).click();\ncy.get('table tr').should('have.length', TOTAL_ROWS_COUNT);",
              "err": {},
              "uuid": "00847062-883c-4486-b063-ea45c30ba773",
              "parentUUID": "f970c702-04aa-43ed-ac09-9a08a6e255fb",
              "isHook": false,
              "skipped": true
            }
          ],
          "suites": [],
          "passes": [],
          "failures": [
            "ac4c07e9-8f9b-45bb-aba9-e22ce430e5f4"
          ],
          "pending": [],
          "skipped": [
            "09b07f63-6c9c-4673-a104-a3f8558294fa",
            "00847062-883c-4486-b063-ea45c30ba773"
          ],
          "duration": 295,
          "root": false,
          "rootEmpty": false,
          "_timeout": 2000
        }
      ],
      "passes": [],
      "failures": [],
      "pending": [],
      "skipped": [],
      "duration": 0,
      "root": true,
      "rootEmpty": true,
      "_timeout": 2000
    }
  ],
  "meta": {
    "mocha": {
      "version": "7.0.1"
    },
    "mochawesome": {
      "options": {
        "quiet": false,
        "reportFilename": "mochawesome",
        "saveHtml": false,
        "saveJson": true,
        "consoleReporter": "spec",
        "useInlineDiffs": false,
        "code": true
      },
      "version": "7.1.3"
    },
    "marge": {
      "options": {
        "id": "default",
        "reportDir": "cypress/reports",
        "overwrite": false,
        "html": false,
        "json": true
      },
      "version": "6.2.0"
    }
  }
}