{
  "stats": {
    "suites": 1,
    "tests": 4,
    "passes": 4,
    "pending": 0,
    "failures": 0,
    "start": "2023-06-01T21:05:12.955Z",
    "end": "2023-06-01T21:05:14.611Z",
    "duration": 1656,
    "testsRegistered": 4,
    "passPercent": 100,
    "pendingPercent": 0,
    "other": 0,
    "hasOther": false,
    "skipped": 0,
    "hasSkipped": false
  },
  "results": [
    {
      "uuid": "f8a8ad8d-4932-4c25-90a1-018ed5407b7a",
      "title": "",
      "fullFile": "cypress/e2e/01.starwarsApi.cy.js",
      "file": "cypress/e2e/01.starwarsApi.cy.js",
      "beforeHooks": [],
      "afterHooks": [],
      "tests": [],
      "suites": [
        {
          "uuid": "ecd0c401-b174-44fc-83db-51156cb29eec",
          "title": "1 - Faça uma requisição para o endpoint `/planets` da API de Star Wars e preencha uma tabela com os dados retornados, com exceção dos da coluna `residents`",
          "fullFile": "",
          "file": "",
          "beforeHooks": [],
          "afterHooks": [],
          "tests": [
            {
              "title": "Realize uma requisição para a API",
              "fullTitle": "1 - Faça uma requisição para o endpoint `/planets` da API de Star Wars e preencha uma tabela com os dados retornados, com exceção dos da coluna `residents` Realize uma requisição para a API",
              "timedOut": null,
              "duration": 278,
              "state": "passed",
              "speed": "fast",
              "pass": true,
              "fail": false,
              "pending": false,
              "context": null,
              "code": "cy.get('@mockFetch').should('be.called');",
              "err": {},
              "uuid": "56f5d343-c138-4b35-a4dc-f975bb538335",
              "parentUUID": "ecd0c401-b174-44fc-83db-51156cb29eec",
              "isHook": false,
              "skipped": false
            },
            {
              "title": "Preencha a tabela com os dados retornados",
              "fullTitle": "1 - Faça uma requisição para o endpoint `/planets` da API de Star Wars e preencha uma tabela com os dados retornados, com exceção dos da coluna `residents` Preencha a tabela com os dados retornados",
              "timedOut": null,
              "duration": 290,
              "state": "passed",
              "speed": "fast",
              "pass": true,
              "fail": false,
              "pending": false,
              "context": null,
              "code": "planets.forEach(planet => {\n  cy.contains(planet.name);\n  cy.contains(planet.rotation_period);\n  cy.contains(planet.orbital_period);\n  cy.contains(planet.diameter);\n  cy.contains(planet.climate);\n  cy.contains(planet.gravity);\n  cy.contains(planet.terrain);\n  cy.contains(planet.surface_water);\n  cy.contains(planet.population);\n});",
              "err": {},
              "uuid": "f825e86c-e91d-480c-a9f1-458f89fd58a7",
              "parentUUID": "ecd0c401-b174-44fc-83db-51156cb29eec",
              "isHook": false,
              "skipped": false
            },
            {
              "title": "Verifique se a tabela tem 13 colunas",
              "fullTitle": "1 - Faça uma requisição para o endpoint `/planets` da API de Star Wars e preencha uma tabela com os dados retornados, com exceção dos da coluna `residents` Verifique se a tabela tem 13 colunas",
              "timedOut": null,
              "duration": 76,
              "state": "passed",
              "speed": "fast",
              "pass": true,
              "fail": false,
              "pending": false,
              "context": null,
              "code": "// a requisição (mock) retorna 14 chaves em cada planeta, mas a chave `residents` não deve ser exibida totalizando 13 colunas\ncy.get('table tr:first th').should('have.length', MAX_COLUMNS_COUNT);",
              "err": {},
              "uuid": "0454b4d5-f4d5-4fda-96a7-5bfdb56b9b6b",
              "parentUUID": "ecd0c401-b174-44fc-83db-51156cb29eec",
              "isHook": false,
              "skipped": false
            },
            {
              "title": "Verifique se a tabela tem uma linha para cada planeta retornado",
              "fullTitle": "1 - Faça uma requisição para o endpoint `/planets` da API de Star Wars e preencha uma tabela com os dados retornados, com exceção dos da coluna `residents` Verifique se a tabela tem uma linha para cada planeta retornado",
              "timedOut": null,
              "duration": 75,
              "state": "passed",
              "speed": "fast",
              "pass": true,
              "fail": false,
              "pending": false,
              "context": null,
              "code": "// a requisição (mock) retorna 10 planetas, somando com mais um linha do header totalizando 11 linhas\ncy.get('table tr').should('have.length', planets.length + 1);",
              "err": {},
              "uuid": "e1734cce-a781-4af3-bcbf-00c1d2f485f7",
              "parentUUID": "ecd0c401-b174-44fc-83db-51156cb29eec",
              "isHook": false,
              "skipped": false
            }
          ],
          "suites": [],
          "passes": [
            "56f5d343-c138-4b35-a4dc-f975bb538335",
            "f825e86c-e91d-480c-a9f1-458f89fd58a7",
            "0454b4d5-f4d5-4fda-96a7-5bfdb56b9b6b",
            "e1734cce-a781-4af3-bcbf-00c1d2f485f7"
          ],
          "failures": [],
          "pending": [],
          "skipped": [],
          "duration": 719,
          "root": false,
          "rootEmpty": false,
          "_timeout": 2000
        }
      ],
      "passes": [],
      "failures": [],
      "pending": [],
      "skipped": [],
      "duration": 0,
      "root": true,
      "rootEmpty": true,
      "_timeout": 2000
    }
  ],
  "meta": {
    "mocha": {
      "version": "7.0.1"
    },
    "mochawesome": {
      "options": {
        "quiet": false,
        "reportFilename": "mochawesome",
        "saveHtml": false,
        "saveJson": true,
        "consoleReporter": "spec",
        "useInlineDiffs": false,
        "code": true
      },
      "version": "7.1.3"
    },
    "marge": {
      "options": {
        "id": "default",
        "reportDir": "cypress/reports",
        "overwrite": false,
        "html": false,
        "json": true
      },
      "version": "6.2.0"
    }
  }
}