{
  "stats": {
    "suites": 1,
    "tests": 4,
    "passes": 3,
    "pending": 0,
    "failures": 1,
    "start": "2023-06-01T21:34:36.155Z",
    "end": "2023-06-01T21:34:50.450Z",
    "duration": 14295,
    "testsRegistered": 4,
    "passPercent": 75,
    "pendingPercent": 0,
    "other": 0,
    "hasOther": false,
    "skipped": 0,
    "hasSkipped": false
  },
  "results": [
    {
      "uuid": "7ecbb1ed-e483-4b7a-93e9-8d41740010ef",
      "title": "",
      "fullFile": "cypress/e2e/06.repeatedFilters.cy.js",
      "file": "cypress/e2e/06.repeatedFilters.cy.js",
      "beforeHooks": [],
      "afterHooks": [],
      "tests": [],
      "suites": [
        {
          "uuid": "40b0729d-1b22-460a-b055-4ddd1c863ad5",
          "title": "6 - Não utilize filtros repetidos",
          "fullFile": "",
          "file": "",
          "beforeHooks": [],
          "afterHooks": [],
          "tests": [
            {
              "title": "Filtre por diâmetro e o remove das opções",
              "fullTitle": "6 - Não utilize filtros repetidos Filtre por diâmetro e o remove das opções",
              "timedOut": null,
              "duration": 10997,
              "state": "failed",
              "speed": null,
              "pass": false,
              "fail": true,
              "pending": false,
              "context": null,
              "code": "const allColumnsOptions = ['population', 'orbital_period', 'diameter', 'rotation_period', 'surface_water'];\ncy.getByTestId(_dataTestIds.COLUMN_FILTER).find('option').should(options => {\n  expect(options).to.have.length(allColumnsOptions.length);\n  allColumnsOptions.forEach(option => {\n    expect(options).to.contain(option);\n  });\n});\ncy.addFilter('diameter', 'maior que', '12240');\ncy.get('table tr').should('have.length', FILTERED_ROWS_COUNT_DIAMETER);\ncy.getByTestId(_dataTestIds.COLUMN_FILTER).find('option').should(options => {\n  expect(options).to.have.length(allColumnsOptions.length - 1);\n  expect(options).to.not.contain('diameter');\n});",
              "err": {
                "message": "AssertionError: Timed out retrying after 10000ms: Too many elements found. Found '5', expected '4'.",
                "estack": "AssertionError: Timed out retrying after 10000ms: Too many elements found. Found '5', expected '4'.\n    at Context.eval (webpack:///./cypress/e2e/06.repeatedFilters.cy.js:54:23)",
                "diff": "- 5\n+ 4\n"
              },
              "uuid": "0d6366e8-2a44-4b5c-a2a1-b9f1e4a6405f",
              "parentUUID": "40b0729d-1b22-460a-b055-4ddd1c863ad5",
              "isHook": false,
              "skipped": false
            },
            {
              "title": "Filtre por período de rotação e o remove das opções",
              "fullTitle": "6 - Não utilize filtros repetidos Filtre por período de rotação e o remove das opções",
              "timedOut": null,
              "duration": 817,
              "state": "passed",
              "speed": "fast",
              "pass": true,
              "fail": false,
              "pending": false,
              "context": null,
              "code": "const allColumnsOptions = ['population', 'orbital_period', 'diameter', 'rotation_period', 'surface_water'];\ncy.getByTestId(_dataTestIds.COLUMN_FILTER).find('option').should(options => {\n  expect(options).to.have.length(allColumnsOptions.length);\n  allColumnsOptions.forEach(option => {\n    expect(options).to.contain(option);\n  });\n});\ncy.addFilter('rotation_period', 'maior que', '25');\ncy.get('table tr').should('have.length', FILTERED_ROWS_COUNT_ROTATION_PERIOD);\ncy.getByTestId(_dataTestIds.COLUMN_FILTER).find('option').should(options => {\n  expect(options).to.have.length(allColumnsOptions.length - 1);\n  expect(options).to.not.contain('rotation_period');\n});",
              "err": {},
              "uuid": "cd1d47b7-bf73-4687-b9bd-9f85f3bd73f8",
              "parentUUID": "40b0729d-1b22-460a-b055-4ddd1c863ad5",
              "isHook": false,
              "skipped": false
            },
            {
              "title": "Filtre por período de órbita e o remove das opções",
              "fullTitle": "6 - Não utilize filtros repetidos Filtre por período de órbita e o remove das opções",
              "timedOut": null,
              "duration": 817,
              "state": "passed",
              "speed": "fast",
              "pass": true,
              "fail": false,
              "pending": false,
              "context": null,
              "code": "const allColumnsOptions = ['population', 'orbital_period', 'diameter', 'rotation_period', 'surface_water'];\ncy.getByTestId(_dataTestIds.COLUMN_FILTER).find('option').should(options => {\n  expect(options).to.have.length(allColumnsOptions.length);\n  allColumnsOptions.forEach(option => {\n    expect(options).to.contain(option);\n  });\n});\ncy.addFilter('orbital_period', 'maior que', '350');\ncy.get('table tr').should('have.length', FILTERED_ROWS_COUNT_ORBITAL_PERIOD);\ncy.getByTestId(_dataTestIds.COLUMN_FILTER).find('option').should(options => {\n  expect(options).to.have.length(allColumnsOptions.length - 1);\n  expect(options).to.not.contain('orbital_period');\n});",
              "err": {},
              "uuid": "a6ba9c92-46e7-4446-b929-31b744b2f598",
              "parentUUID": "40b0729d-1b22-460a-b055-4ddd1c863ad5",
              "isHook": false,
              "skipped": false
            },
            {
              "title": "Filtre por superfície aquática e o remove das opções",
              "fullTitle": "6 - Não utilize filtros repetidos Filtre por superfície aquática e o remove das opções",
              "timedOut": null,
              "duration": 740,
              "state": "passed",
              "speed": "fast",
              "pass": true,
              "fail": false,
              "pending": false,
              "context": null,
              "code": "const allColumnsOptions = ['population', 'orbital_period', 'diameter', 'rotation_period', 'surface_water'];\ncy.getByTestId(_dataTestIds.COLUMN_FILTER).find('option').should(options => {\n  expect(options).to.have.length(allColumnsOptions.length);\n  allColumnsOptions.forEach(option => {\n    expect(options).to.contain(option);\n  });\n});\ncy.addFilter('surface_water', 'maior que', '99');\ncy.get('table tr').should('have.length', FILTERED_ROWS_COUNT_SURFACE_WATER);\ncy.getByTestId(_dataTestIds.COLUMN_FILTER).find('option').should(options => {\n  expect(options).to.have.length(allColumnsOptions.length - 1);\n  expect(options).to.not.contain('surface_water');\n});",
              "err": {},
              "uuid": "fac12556-515a-4ede-8a26-67f85e6df879",
              "parentUUID": "40b0729d-1b22-460a-b055-4ddd1c863ad5",
              "isHook": false,
              "skipped": false
            }
          ],
          "suites": [],
          "passes": [
            "cd1d47b7-bf73-4687-b9bd-9f85f3bd73f8",
            "a6ba9c92-46e7-4446-b929-31b744b2f598",
            "fac12556-515a-4ede-8a26-67f85e6df879"
          ],
          "failures": [
            "0d6366e8-2a44-4b5c-a2a1-b9f1e4a6405f"
          ],
          "pending": [],
          "skipped": [],
          "duration": 13371,
          "root": false,
          "rootEmpty": false,
          "_timeout": 2000
        }
      ],
      "passes": [],
      "failures": [],
      "pending": [],
      "skipped": [],
      "duration": 0,
      "root": true,
      "rootEmpty": true,
      "_timeout": 2000
    }
  ],
  "meta": {
    "mocha": {
      "version": "7.0.1"
    },
    "mochawesome": {
      "options": {
        "quiet": false,
        "reportFilename": "mochawesome",
        "saveHtml": false,
        "saveJson": true,
        "consoleReporter": "spec",
        "useInlineDiffs": false,
        "code": true
      },
      "version": "7.1.3"
    },
    "marge": {
      "options": {
        "id": "default",
        "reportDir": "cypress/reports",
        "overwrite": false,
        "html": false,
        "json": true
      },
      "version": "6.2.0"
    }
  }
}