{
  "stats": {
    "suites": 1,
    "tests": 9,
    "passes": 7,
    "pending": 0,
    "failures": 2,
    "start": "2023-06-01T21:37:36.909Z",
    "end": "2023-06-01T21:38:01.095Z",
    "duration": 24186,
    "testsRegistered": 9,
    "passPercent": 77.77777777777779,
    "pendingPercent": 0,
    "other": 0,
    "hasOther": false,
    "skipped": 0,
    "hasSkipped": false
  },
  "results": [
    {
      "uuid": "fd778a51-c79a-4325-91e7-c6ca868f855a",
      "title": "",
      "fullFile": "cypress/e2e/03.starwarsNumericFilter.cy.js",
      "file": "cypress/e2e/03.starwarsNumericFilter.cy.js",
      "beforeHooks": [],
      "afterHooks": [],
      "tests": [],
      "suites": [
        {
          "uuid": "a2a8922e-c57e-4ada-8269-92a41d7b6ad8",
          "title": "3 - Crie um filtro para valores numéricos",
          "fullFile": "",
          "file": "",
          "beforeHooks": [],
          "afterHooks": [],
          "tests": [
            {
              "title": "Renderize o filtro de coluna",
              "fullTitle": "3 - Crie um filtro para valores numéricos Renderize o filtro de coluna",
              "timedOut": null,
              "duration": 305,
              "state": "passed",
              "speed": "fast",
              "pass": true,
              "fail": false,
              "pending": false,
              "context": null,
              "code": "const options = ['population', 'orbital_period', 'diameter', 'rotation_period', 'surface_water'];\ncy.getByTestId(_dataTestIds.COLUMN_FILTER).children().should('have.length', options.length).each(el => {\n  expect(el.text()).to.be.oneOf(options);\n});",
              "err": {},
              "uuid": "fb202b38-ef02-49bf-bd17-63ff4ce1a41d",
              "parentUUID": "a2a8922e-c57e-4ada-8269-92a41d7b6ad8",
              "isHook": false,
              "skipped": false
            },
            {
              "title": "Renderize o filtro de comparação",
              "fullTitle": "3 - Crie um filtro para valores numéricos Renderize o filtro de comparação",
              "timedOut": null,
              "duration": 91,
              "state": "passed",
              "speed": "fast",
              "pass": true,
              "fail": false,
              "pending": false,
              "context": null,
              "code": "const options = ['maior que', 'menor que', 'igual a'];\ncy.getByTestId(_dataTestIds.COMPARISON_FILTER).children().should('have.length', options.length).each(el => {\n  expect(el.text()).to.be.oneOf(options);\n});",
              "err": {},
              "uuid": "5bfe8b8e-4bf9-4cac-b17c-34a95c01a8b4",
              "parentUUID": "a2a8922e-c57e-4ada-8269-92a41d7b6ad8",
              "isHook": false,
              "skipped": false
            },
            {
              "title": "Renderize o campo para o valor do filtro",
              "fullTitle": "3 - Crie um filtro para valores numéricos Renderize o campo para o valor do filtro",
              "timedOut": null,
              "duration": 73,
              "state": "passed",
              "speed": "fast",
              "pass": true,
              "fail": false,
              "pending": false,
              "context": null,
              "code": "cy.getByTestId(_dataTestIds.VALUE_FILTER).should('be.visible');",
              "err": {},
              "uuid": "002d21b5-75a9-444b-be42-7ba946ae400e",
              "parentUUID": "a2a8922e-c57e-4ada-8269-92a41d7b6ad8",
              "isHook": false,
              "skipped": false
            },
            {
              "title": "Renderize o botão para executar a filtragem",
              "fullTitle": "3 - Crie um filtro para valores numéricos Renderize o botão para executar a filtragem",
              "timedOut": null,
              "duration": 70,
              "state": "passed",
              "speed": "fast",
              "pass": true,
              "fail": false,
              "pending": false,
              "context": null,
              "code": "cy.getByTestId(_dataTestIds.BUTTON_FILTER).should('be.visible');",
              "err": {},
              "uuid": "be414b3f-1a4c-4c26-b260-28a52a651650",
              "parentUUID": "a2a8922e-c57e-4ada-8269-92a41d7b6ad8",
              "isHook": false,
              "skipped": false
            },
            {
              "title": "Verifica valores iniciais de cada campo",
              "fullTitle": "3 - Crie um filtro para valores numéricos Verifica valores iniciais de cada campo",
              "timedOut": null,
              "duration": 73,
              "state": "passed",
              "speed": "fast",
              "pass": true,
              "fail": false,
              "pending": false,
              "context": null,
              "code": "cy.getByTestId(_dataTestIds.COLUMN_FILTER).should('have.value', 'population');\ncy.getByTestId(_dataTestIds.COMPARISON_FILTER).should('have.value', 'maior que');\ncy.getByTestId(_dataTestIds.VALUE_FILTER).should('have.value', '0');",
              "err": {},
              "uuid": "47170c80-29f0-4b12-bf4f-dd1c4963730f",
              "parentUUID": "a2a8922e-c57e-4ada-8269-92a41d7b6ad8",
              "isHook": false,
              "skipped": false
            },
            {
              "title": "Filtre utilizando apenas o botão de filtrar",
              "fullTitle": "3 - Crie um filtro para valores numéricos Filtre utilizando apenas o botão de filtrar",
              "timedOut": null,
              "duration": 168,
              "state": "passed",
              "speed": "fast",
              "pass": true,
              "fail": false,
              "pending": false,
              "context": null,
              "code": "const DEFAULT_FILTERED_ROWS = 9;\ncy.getByTestId(_dataTestIds.BUTTON_FILTER).click();\ncy.get('table tr').should('have.length', DEFAULT_FILTERED_ROWS);",
              "err": {},
              "uuid": "52ee0f33-6755-4871-86f0-943a105388df",
              "parentUUID": "a2a8922e-c57e-4ada-8269-92a41d7b6ad8",
              "isHook": false,
              "skipped": false
            },
            {
              "title": "Filtre utilizando a comparação \"menor que\"",
              "fullTitle": "3 - Crie um filtro para valores numéricos Filtre utilizando a comparação \"menor que\"",
              "timedOut": null,
              "duration": 10739,
              "state": "failed",
              "speed": null,
              "pass": false,
              "fail": true,
              "pending": false,
              "context": null,
              "code": "const LESS_FILTERED_ROWS = 7;\ncy.addFilter('surface_water', 'menor que', '40');\ncy.get('table tr').should('have.length', LESS_FILTERED_ROWS);",
              "err": {
                "message": "AssertionError: Timed out retrying after 10000ms: Too many elements found. Found '8', expected '7'.",
                "estack": "AssertionError: Timed out retrying after 10000ms: Too many elements found. Found '8', expected '7'.\n    at Context.eval (webpack:///./cypress/e2e/03.starwarsNumericFilter.cy.js:52:23)",
                "diff": "- 8\n+ 7\n"
              },
              "uuid": "f71c3b22-8f89-434b-8dea-24ec09eb7d6e",
              "parentUUID": "a2a8922e-c57e-4ada-8269-92a41d7b6ad8",
              "isHook": false,
              "skipped": false
            },
            {
              "title": "Filtre utilizando a comparação \"maior que\"",
              "fullTitle": "3 - Crie um filtro para valores numéricos Filtre utilizando a comparação \"maior que\"",
              "timedOut": null,
              "duration": 10794,
              "state": "failed",
              "speed": null,
              "pass": false,
              "fail": true,
              "pending": false,
              "context": null,
              "code": "const GREATER_FILTERED_ROWS = 8;\ncy.addFilter('diameter', 'maior que', '8900');\ncy.get('table tr').should('have.length', GREATER_FILTERED_ROWS);",
              "err": {
                "message": "AssertionError: Timed out retrying after 10000ms: Too many elements found. Found '9', expected '8'.",
                "estack": "AssertionError: Timed out retrying after 10000ms: Too many elements found. Found '9', expected '8'.\n    at Context.eval (webpack:///./cypress/e2e/03.starwarsNumericFilter.cy.js:58:23)",
                "diff": "- 9\n+ 8\n"
              },
              "uuid": "46974077-70c5-4cb9-b295-f1c81966862c",
              "parentUUID": "a2a8922e-c57e-4ada-8269-92a41d7b6ad8",
              "isHook": false,
              "skipped": false
            },
            {
              "title": "Filtre utilizando a comparação \"igual a\"",
              "fullTitle": "3 - Crie um filtro para valores numéricos Filtre utilizando a comparação \"igual a\"",
              "timedOut": null,
              "duration": 736,
              "state": "passed",
              "speed": "fast",
              "pass": true,
              "fail": false,
              "pending": false,
              "context": null,
              "code": "const EQUALS_FILTERED_ROWS = 2;\ncy.addFilter('population', 'igual a', '200000');\ncy.get('table tr').should('have.length', EQUALS_FILTERED_ROWS);",
              "err": {},
              "uuid": "1b228a65-64db-4d1f-9d0b-5b9d1d213c7a",
              "parentUUID": "a2a8922e-c57e-4ada-8269-92a41d7b6ad8",
              "isHook": false,
              "skipped": false
            }
          ],
          "suites": [],
          "passes": [
            "fb202b38-ef02-49bf-bd17-63ff4ce1a41d",
            "5bfe8b8e-4bf9-4cac-b17c-34a95c01a8b4",
            "002d21b5-75a9-444b-be42-7ba946ae400e",
            "be414b3f-1a4c-4c26-b260-28a52a651650",
            "47170c80-29f0-4b12-bf4f-dd1c4963730f",
            "52ee0f33-6755-4871-86f0-943a105388df",
            "1b228a65-64db-4d1f-9d0b-5b9d1d213c7a"
          ],
          "failures": [
            "f71c3b22-8f89-434b-8dea-24ec09eb7d6e",
            "46974077-70c5-4cb9-b295-f1c81966862c"
          ],
          "pending": [],
          "skipped": [],
          "duration": 23049,
          "root": false,
          "rootEmpty": false,
          "_timeout": 2000
        }
      ],
      "passes": [],
      "failures": [],
      "pending": [],
      "skipped": [],
      "duration": 0,
      "root": true,
      "rootEmpty": true,
      "_timeout": 2000
    }
  ],
  "meta": {
    "mocha": {
      "version": "7.0.1"
    },
    "mochawesome": {
      "options": {
        "quiet": false,
        "reportFilename": "mochawesome",
        "saveHtml": false,
        "saveJson": true,
        "consoleReporter": "spec",
        "useInlineDiffs": false,
        "code": true
      },
      "version": "7.1.3"
    },
    "marge": {
      "options": {
        "id": "default",
        "reportDir": "cypress/reports",
        "overwrite": false,
        "html": false,
        "json": true
      },
      "version": "6.2.0"
    }
  }
}