{
  "stats": {
    "suites": 1,
    "tests": 1,
    "passes": 0,
    "pending": 0,
    "failures": 1,
    "start": "2023-05-31T22:37:12.812Z",
    "end": "2023-05-31T22:37:14.003Z",
    "duration": 1191,
    "testsRegistered": 2,
    "passPercent": 0,
    "pendingPercent": 0,
    "other": 0,
    "hasOther": false,
    "skipped": 1,
    "hasSkipped": true
  },
  "results": [
    {
      "uuid": "be011b29-1402-43e1-a36a-18e153b69c41",
      "title": "",
      "fullFile": "cypress/e2e/04.multipleFilters.cy.js",
      "file": "cypress/e2e/04.multipleFilters.cy.js",
      "beforeHooks": [],
      "afterHooks": [],
      "tests": [],
      "suites": [
        {
          "uuid": "cfd2308d-f0e1-463f-918f-b7befea2eaf3",
          "title": "4 - Implemente múltiplos filtros numéricos",
          "fullFile": "",
          "file": "",
          "beforeHooks": [],
          "afterHooks": [],
          "tests": [
            {
              "title": "Adicione dois filtros e verifique se a tabela foi atualizada com as informações filtradas",
              "fullTitle": "4 - Implemente múltiplos filtros numéricos Adicione dois filtros e verifique se a tabela foi atualizada com as informações filtradas",
              "timedOut": null,
              "duration": 288,
              "state": "failed",
              "speed": null,
              "pass": false,
              "fail": true,
              "pending": false,
              "context": null,
              "code": "cy.get('table tr').should('have.length', ROWS_TOTAL);\ncy.addFilter('diameter', 'maior que', '9000');\ncy.get('table tr').should('have.length', FILTERED_ROWS);\ncy.addFilter('population', 'menor que', '1000000');\ncy.get('table tr').should('have.length', DOUBLE_FILTERED_ROWS);",
              "err": {
                "message": "TypeError: The following error originated from your application code, not from Cypress.\n\n  > movies.map is not a function\n\nWhen Cypress detects uncaught errors originating from your application it will automatically fail the current test.\n\nThis behavior is configurable, and you can choose to turn this off by listening to the `uncaught:exception` event.\n\nhttps://on.cypress.io/uncaught-exception-from-application\n\nBecause this error occurred during a `before each` hook we are skipping the remaining tests in the current suite: `4 - Implemente múltiplos fi...`",
                "estack": "TypeError: The following error originated from your application code, not from Cypress.\n\n  > movies.map is not a function\n\nWhen Cypress detects uncaught errors originating from your application it will automatically fail the current test.\n\nThis behavior is configurable, and you can choose to turn this off by listening to the `uncaught:exception` event.\n\nhttps://on.cypress.io/uncaught-exception-from-application\n\nBecause this error occurred during a `before each` hook we are skipping the remaining tests in the current suite: `4 - Implemente múltiplos fi...`\n    at Home (http://localhost:3000/static/js/bundle.js:666:24)\n    at renderWithHooks (http://localhost:3000/static/js/bundle.js:24278:22)\n    at updateFunctionComponent (http://localhost:3000/static/js/bundle.js:27160:24)\n    at beginWork (http://localhost:3000/static/js/bundle.js:28872:20)\n    at HTMLUnknownElement.callCallback (http://localhost:3000/static/js/bundle.js:13870:18)\n    at Object.invokeGuardedCallbackDev (http://localhost:3000/static/js/bundle.js:13914:20)\n    at invokeGuardedCallback (http://localhost:3000/static/js/bundle.js:13971:35)\n    at beginWork$1 (http://localhost:3000/static/js/bundle.js:33845:11)\n    at performUnitOfWork (http://localhost:3000/static/js/bundle.js:33092:16)\n    at workLoopSync (http://localhost:3000/static/js/bundle.js:33015:9)",
                "diff": null
              },
              "uuid": "5e31fb48-f27c-4253-95b1-c80b77cd5e23",
              "parentUUID": "cfd2308d-f0e1-463f-918f-b7befea2eaf3",
              "isHook": false,
              "skipped": false
            },
            {
              "title": "Adicione três filtros e verifique se a tabela foi atualizada com as informações filtradas",
              "fullTitle": "4 - Implemente múltiplos filtros numéricos Adicione três filtros e verifique se a tabela foi atualizada com as informações filtradas",
              "timedOut": null,
              "duration": 0,
              "state": "skipped",
              "speed": null,
              "pass": false,
              "fail": false,
              "pending": false,
              "context": null,
              "code": "cy.get('table tr').should('have.length', ROWS_TOTAL);\ncy.addFilter('diameter', 'maior que', '9000');\ncy.get('table tr').should('have.length', FILTERED_ROWS);\ncy.addFilter('population', 'menor que', '1000000');\ncy.get('table tr').should('have.length', DOUBLE_FILTERED_ROWS);\ncy.addFilter('rotation_period', 'igual a', '23');\ncy.get('table tr').should('have.length', TRIPLE_FILTERED_ROWS);",
              "err": {},
              "uuid": "1dc99db7-8f91-4b9e-bcf1-59869e6a9fe4",
              "parentUUID": "cfd2308d-f0e1-463f-918f-b7befea2eaf3",
              "isHook": false,
              "skipped": true
            }
          ],
          "suites": [],
          "passes": [],
          "failures": [
            "5e31fb48-f27c-4253-95b1-c80b77cd5e23"
          ],
          "pending": [],
          "skipped": [
            "1dc99db7-8f91-4b9e-bcf1-59869e6a9fe4"
          ],
          "duration": 288,
          "root": false,
          "rootEmpty": false,
          "_timeout": 2000
        }
      ],
      "passes": [],
      "failures": [],
      "pending": [],
      "skipped": [],
      "duration": 0,
      "root": true,
      "rootEmpty": true,
      "_timeout": 2000
    }
  ],
  "meta": {
    "mocha": {
      "version": "7.0.1"
    },
    "mochawesome": {
      "options": {
        "quiet": false,
        "reportFilename": "mochawesome",
        "saveHtml": false,
        "saveJson": true,
        "consoleReporter": "spec",
        "useInlineDiffs": false,
        "code": true
      },
      "version": "7.1.3"
    },
    "marge": {
      "options": {
        "id": "default",
        "reportDir": "cypress/reports",
        "overwrite": false,
        "html": false,
        "json": true
      },
      "version": "6.2.0"
    }
  }
}