{
  "stats": {
    "suites": 1,
    "tests": 1,
    "passes": 0,
    "pending": 0,
    "failures": 1,
    "start": "2023-05-31T22:31:52.322Z",
    "end": "2023-05-31T22:31:53.540Z",
    "duration": 1218,
    "testsRegistered": 3,
    "passPercent": 0,
    "pendingPercent": 0,
    "other": 0,
    "hasOther": false,
    "skipped": 2,
    "hasSkipped": true
  },
  "results": [
    {
      "uuid": "58aa26f5-3c1c-4ae5-8eba-627e84a0f637",
      "title": "",
      "fullFile": "cypress/e2e/02.filterByName.cy.js",
      "file": "cypress/e2e/02.filterByName.cy.js",
      "beforeHooks": [],
      "afterHooks": [],
      "tests": [],
      "suites": [
        {
          "uuid": "bfd68e93-0aff-4ae0-9e35-7825c77dc5cb",
          "title": "2 - Crie um filtro de texto para a tabela",
          "fullFile": "",
          "file": "",
          "beforeHooks": [],
          "afterHooks": [],
          "tests": [
            {
              "title": "Filtre os planetas que possuem a letra \"o\" no nome",
              "fullTitle": "2 - Crie um filtro de texto para a tabela Filtre os planetas que possuem a letra \"o\" no nome",
              "timedOut": null,
              "duration": 288,
              "state": "failed",
              "speed": null,
              "pass": false,
              "fail": true,
              "pending": false,
              "context": null,
              "code": "cy.getByTestId(_dataTestIds.INPUT_FILTER_NAME).type('o');\ncy.get('table tr').should('have.length', ROWS_WITH_LETTER_O);\nconst planetNames = ['Coruscant', 'Dagobah', 'Endor', 'Hoth', 'Kamino', 'Naboo', 'Tatooine'];\nplanetNames.forEach(planet => {\n  cy.contains(planet);\n});",
              "err": {
                "message": "TypeError: The following error originated from your application code, not from Cypress.\n\n  > movies.map is not a function\n\nWhen Cypress detects uncaught errors originating from your application it will automatically fail the current test.\n\nThis behavior is configurable, and you can choose to turn this off by listening to the `uncaught:exception` event.\n\nhttps://on.cypress.io/uncaught-exception-from-application\n\nBecause this error occurred during a `before each` hook we are skipping the remaining tests in the current suite: `2 - Crie um filtro de texto...`",
                "estack": "TypeError: The following error originated from your application code, not from Cypress.\n\n  > movies.map is not a function\n\nWhen Cypress detects uncaught errors originating from your application it will automatically fail the current test.\n\nThis behavior is configurable, and you can choose to turn this off by listening to the `uncaught:exception` event.\n\nhttps://on.cypress.io/uncaught-exception-from-application\n\nBecause this error occurred during a `before each` hook we are skipping the remaining tests in the current suite: `2 - Crie um filtro de texto...`\n    at Home (http://localhost:3000/static/js/bundle.js:666:24)\n    at renderWithHooks (http://localhost:3000/static/js/bundle.js:24278:22)\n    at updateFunctionComponent (http://localhost:3000/static/js/bundle.js:27160:24)\n    at beginWork (http://localhost:3000/static/js/bundle.js:28872:20)\n    at HTMLUnknownElement.callCallback (http://localhost:3000/static/js/bundle.js:13870:18)\n    at Object.invokeGuardedCallbackDev (http://localhost:3000/static/js/bundle.js:13914:20)\n    at invokeGuardedCallback (http://localhost:3000/static/js/bundle.js:13971:35)\n    at beginWork$1 (http://localhost:3000/static/js/bundle.js:33845:11)\n    at performUnitOfWork (http://localhost:3000/static/js/bundle.js:33092:16)\n    at workLoopSync (http://localhost:3000/static/js/bundle.js:33015:9)",
                "diff": null
              },
              "uuid": "b3de48fd-3e8e-422a-be98-88cd1fc9ade0",
              "parentUUID": "bfd68e93-0aff-4ae0-9e35-7825c77dc5cb",
              "isHook": false,
              "skipped": false
            },
            {
              "title": "Filtre planetas que possuem a letra \"oo\" no nome",
              "fullTitle": "2 - Crie um filtro de texto para a tabela Filtre planetas que possuem a letra \"oo\" no nome",
              "timedOut": null,
              "duration": 0,
              "state": "skipped",
              "speed": null,
              "pass": false,
              "fail": false,
              "pending": false,
              "context": null,
              "code": "cy.getByTestId(_dataTestIds.INPUT_FILTER_NAME).type('oo');\ncy.get('table tr').should('have.length', ROWS_WITH_LETTER_OO);\ncy.contains('Naboo');\ncy.contains('Tatooine');",
              "err": {},
              "uuid": "af5a2963-3c0a-469d-b2a2-8d39d4a7812d",
              "parentUUID": "bfd68e93-0aff-4ae0-9e35-7825c77dc5cb",
              "isHook": false,
              "skipped": true
            },
            {
              "title": "Faça vários filtros em sequência",
              "fullTitle": "2 - Crie um filtro de texto para a tabela Faça vários filtros em sequência",
              "timedOut": null,
              "duration": 0,
              "state": "skipped",
              "speed": null,
              "pass": false,
              "fail": false,
              "pending": false,
              "context": null,
              "code": "cy.getByTestId(_dataTestIds.INPUT_FILTER_NAME).type('o');\ncy.get('table tr').should('have.length', ROWS_WITH_LETTER_O);\nconst planetNames = ['Coruscant', 'Dagobah', 'Endor', 'Hoth', 'Kamino', 'Naboo', 'Tatooine'];\nplanetNames.forEach(planet => {\n  cy.contains(planet);\n});\ncy.getByTestId(_dataTestIds.INPUT_FILTER_NAME).type('o');\ncy.get('table tr').should('have.length', ROWS_WITH_LETTER_OO);\ncy.contains('Naboo');\ncy.contains('Tatooine');\ncy.getByTestId(_dataTestIds.INPUT_FILTER_NAME).clear();\ncy.get('table tr').should('have.length', ROWS_TOTAL);\nplanets.forEach(({\n  name\n}) => {\n  cy.contains(name);\n});",
              "err": {},
              "uuid": "248e542b-4cb3-4bfb-a219-53169cb9e9fd",
              "parentUUID": "bfd68e93-0aff-4ae0-9e35-7825c77dc5cb",
              "isHook": false,
              "skipped": true
            }
          ],
          "suites": [],
          "passes": [],
          "failures": [
            "b3de48fd-3e8e-422a-be98-88cd1fc9ade0"
          ],
          "pending": [],
          "skipped": [
            "af5a2963-3c0a-469d-b2a2-8d39d4a7812d",
            "248e542b-4cb3-4bfb-a219-53169cb9e9fd"
          ],
          "duration": 288,
          "root": false,
          "rootEmpty": false,
          "_timeout": 2000
        }
      ],
      "passes": [],
      "failures": [],
      "pending": [],
      "skipped": [],
      "duration": 0,
      "root": true,
      "rootEmpty": true,
      "_timeout": 2000
    }
  ],
  "meta": {
    "mocha": {
      "version": "7.0.1"
    },
    "mochawesome": {
      "options": {
        "quiet": false,
        "reportFilename": "mochawesome",
        "saveHtml": false,
        "saveJson": true,
        "consoleReporter": "spec",
        "useInlineDiffs": false,
        "code": true
      },
      "version": "7.1.3"
    },
    "marge": {
      "options": {
        "id": "default",
        "reportDir": "cypress/reports",
        "overwrite": false,
        "html": false,
        "json": true
      },
      "version": "6.2.0"
    }
  }
}