{
  "stats": {
    "suites": 1,
    "tests": 4,
    "passes": 0,
    "pending": 0,
    "failures": 4,
    "start": "2023-06-01T21:43:56.384Z",
    "end": "2023-06-01T21:43:56.567Z",
    "duration": 183,
    "testsRegistered": 4,
    "passPercent": 0,
    "pendingPercent": 0,
    "other": 0,
    "hasOther": false,
    "skipped": 0,
    "hasSkipped": false
  },
  "results": [
    {
      "uuid": "c12b407d-ca84-4c99-b0a8-81d559b18620",
      "title": "",
      "fullFile": "cypress/e2e/08.testCoverage60.cy.js",
      "file": "cypress/e2e/08.testCoverage60.cy.js",
      "beforeHooks": [],
      "afterHooks": [],
      "tests": [],
      "suites": [
        {
          "uuid": "13dcb274-02e4-43b5-bf7f-6df44e26006d",
          "title": "8 - Desenvolva testes para atingir 60% de cobertura total da aplicação",
          "fullFile": "",
          "file": "",
          "beforeHooks": [],
          "afterHooks": [],
          "tests": [
            {
              "title": "Cobertura de \"Statements\" total deverá ser maior ou igual a 60.",
              "fullTitle": "8 - Desenvolva testes para atingir 60% de cobertura total da aplicação Cobertura de \"Statements\" total deverá ser maior ou igual a 60.",
              "timedOut": null,
              "duration": 30,
              "state": "failed",
              "speed": null,
              "pass": false,
              "fail": true,
              "pending": false,
              "context": null,
              "code": "cy.getCoverage().its('total.statements.pct', {\n  timeout: 0\n}).should('be.gte', 60.00);",
              "err": {
                "message": "AssertionError: Timed out retrying after 0ms: expected 20 to be at least 60",
                "estack": "AssertionError: Timed out retrying after 0ms: expected 20 to be at least 60\n    at Context.eval (webpack:///./cypress/e2e/08.testCoverage60.cy.js:3:65)",
                "diff": "- 20\n+ 60\n"
              },
              "uuid": "5da9acd2-febe-4dac-aa72-1287611ae792",
              "parentUUID": "13dcb274-02e4-43b5-bf7f-6df44e26006d",
              "isHook": false,
              "skipped": false
            },
            {
              "title": "Cobertura de \"Functions\" total deverá ser maior ou igual a 60.",
              "fullTitle": "8 - Desenvolva testes para atingir 60% de cobertura total da aplicação Cobertura de \"Functions\" total deverá ser maior ou igual a 60.",
              "timedOut": null,
              "duration": 24,
              "state": "failed",
              "speed": null,
              "pass": false,
              "fail": true,
              "pending": false,
              "context": null,
              "code": "cy.getCoverage().its('total.functions.pct', {\n  timeout: 0\n}).should('be.gte', 60.00);",
              "err": {
                "message": "AssertionError: Timed out retrying after 0ms: expected 19.23 to be at least 60",
                "estack": "AssertionError: Timed out retrying after 0ms: expected 19.23 to be at least 60\n    at Context.eval (webpack:///./cypress/e2e/08.testCoverage60.cy.js:7:64)",
                "diff": "- 19.23\n+ 60\n"
              },
              "uuid": "01a156f4-c4e2-4f08-92f8-9553e931dadd",
              "parentUUID": "13dcb274-02e4-43b5-bf7f-6df44e26006d",
              "isHook": false,
              "skipped": false
            },
            {
              "title": "Cobertura de \"Branches\" total deverá ser maior ou igual a 60.",
              "fullTitle": "8 - Desenvolva testes para atingir 60% de cobertura total da aplicação Cobertura de \"Branches\" total deverá ser maior ou igual a 60.",
              "timedOut": null,
              "duration": 24,
              "state": "failed",
              "speed": null,
              "pass": false,
              "fail": true,
              "pending": false,
              "context": null,
              "code": "cy.getCoverage().its('total.branches.pct', {\n  timeout: 0\n}).should('be.gte', 60.00);",
              "err": {
                "message": "AssertionError: Timed out retrying after 0ms: expected 0 to be at least 60",
                "estack": "AssertionError: Timed out retrying after 0ms: expected 0 to be at least 60\n    at Context.eval (webpack:///./cypress/e2e/08.testCoverage60.cy.js:11:63)",
                "diff": null
              },
              "uuid": "c30b37a9-8e55-4ce7-af73-5638c319aeea",
              "parentUUID": "13dcb274-02e4-43b5-bf7f-6df44e26006d",
              "isHook": false,
              "skipped": false
            },
            {
              "title": "Cobertura de \"Lines\" total deverá ser maior ou igual a 60.",
              "fullTitle": "8 - Desenvolva testes para atingir 60% de cobertura total da aplicação Cobertura de \"Lines\" total deverá ser maior ou igual a 60.",
              "timedOut": null,
              "duration": 29,
              "state": "failed",
              "speed": null,
              "pass": false,
              "fail": true,
              "pending": false,
              "context": null,
              "code": "cy.getCoverage().its('total.lines.pct', {\n  timeout: 0\n}).should('be.gte', 60.00);",
              "err": {
                "message": "AssertionError: Timed out retrying after 0ms: expected 21.05 to be at least 60",
                "estack": "AssertionError: Timed out retrying after 0ms: expected 21.05 to be at least 60\n    at Context.eval (webpack:///./cypress/e2e/08.testCoverage60.cy.js:15:60)",
                "diff": "- 21.05\n+ 60\n"
              },
              "uuid": "ddfd84ee-c624-42a2-bdc0-5b292cc300e8",
              "parentUUID": "13dcb274-02e4-43b5-bf7f-6df44e26006d",
              "isHook": false,
              "skipped": false
            }
          ],
          "suites": [],
          "passes": [],
          "failures": [
            "5da9acd2-febe-4dac-aa72-1287611ae792",
            "01a156f4-c4e2-4f08-92f8-9553e931dadd",
            "c30b37a9-8e55-4ce7-af73-5638c319aeea",
            "ddfd84ee-c624-42a2-bdc0-5b292cc300e8"
          ],
          "pending": [],
          "skipped": [],
          "duration": 107,
          "root": false,
          "rootEmpty": false,
          "_timeout": 2000
        }
      ],
      "passes": [],
      "failures": [],
      "pending": [],
      "skipped": [],
      "duration": 0,
      "root": true,
      "rootEmpty": true,
      "_timeout": 2000
    }
  ],
  "meta": {
    "mocha": {
      "version": "7.0.1"
    },
    "mochawesome": {
      "options": {
        "quiet": false,
        "reportFilename": "mochawesome",
        "saveHtml": false,
        "saveJson": true,
        "consoleReporter": "spec",
        "useInlineDiffs": false,
        "code": true
      },
      "version": "7.1.3"
    },
    "marge": {
      "options": {
        "id": "default",
        "reportDir": "cypress/reports",
        "overwrite": false,
        "html": false,
        "json": true
      },
      "version": "6.2.0"
    }
  }
}