{
  "stats": {
    "suites": 1,
    "tests": 4,
    "passes": 0,
    "pending": 0,
    "failures": 4,
    "start": "2023-05-31T22:32:46.298Z",
    "end": "2023-05-31T22:32:46.456Z",
    "duration": 158,
    "testsRegistered": 4,
    "passPercent": 0,
    "pendingPercent": 0,
    "other": 0,
    "hasOther": false,
    "skipped": 0,
    "hasSkipped": false
  },
  "results": [
    {
      "uuid": "e920d1f5-ecda-4c1c-901b-93e8e489bc6b",
      "title": "",
      "fullFile": "cypress/e2e/08.testCoverage60.cy.js",
      "file": "cypress/e2e/08.testCoverage60.cy.js",
      "beforeHooks": [],
      "afterHooks": [],
      "tests": [],
      "suites": [
        {
          "uuid": "c911fc9e-3a3d-4bb0-91e8-171c0e36ff35",
          "title": "8 - Desenvolva testes para atingir 60% de cobertura total da aplicação",
          "fullFile": "",
          "file": "",
          "beforeHooks": [],
          "afterHooks": [],
          "tests": [
            {
              "title": "Cobertura de \"Statements\" total deverá ser maior ou igual a 60.",
              "fullTitle": "8 - Desenvolva testes para atingir 60% de cobertura total da aplicação Cobertura de \"Statements\" total deverá ser maior ou igual a 60.",
              "timedOut": null,
              "duration": 31,
              "state": "failed",
              "speed": null,
              "pass": false,
              "fail": true,
              "pending": false,
              "context": null,
              "code": "cy.getCoverage().its('total.statements.pct', {\n  timeout: 0\n}).should('be.gte', 60.00);",
              "err": {
                "message": "AssertionError: Timed out retrying after 0ms: expected 16.66 to be at least 60",
                "estack": "AssertionError: Timed out retrying after 0ms: expected 16.66 to be at least 60\n    at Context.eval (webpack:///./cypress/e2e/08.testCoverage60.cy.js:3:65)",
                "diff": "- 16.66\n+ 60\n"
              },
              "uuid": "cc50fda1-c9a5-47b0-8f2a-3f62978c3841",
              "parentUUID": "c911fc9e-3a3d-4bb0-91e8-171c0e36ff35",
              "isHook": false,
              "skipped": false
            },
            {
              "title": "Cobertura de \"Functions\" total deverá ser maior ou igual a 60.",
              "fullTitle": "8 - Desenvolva testes para atingir 60% de cobertura total da aplicação Cobertura de \"Functions\" total deverá ser maior ou igual a 60.",
              "timedOut": null,
              "duration": 17,
              "state": "failed",
              "speed": null,
              "pass": false,
              "fail": true,
              "pending": false,
              "context": null,
              "code": "cy.getCoverage().its('total.functions.pct', {\n  timeout: 0\n}).should('be.gte', 60.00);",
              "err": {
                "message": "AssertionError: Timed out retrying after 0ms: expected 25 to be at least 60",
                "estack": "AssertionError: Timed out retrying after 0ms: expected 25 to be at least 60\n    at Context.eval (webpack:///./cypress/e2e/08.testCoverage60.cy.js:7:64)",
                "diff": "- 25\n+ 60\n"
              },
              "uuid": "92cdaabd-0773-4722-bda1-0d863ac9e59b",
              "parentUUID": "c911fc9e-3a3d-4bb0-91e8-171c0e36ff35",
              "isHook": false,
              "skipped": false
            },
            {
              "title": "Cobertura de \"Branches\" total deverá ser maior ou igual a 60.",
              "fullTitle": "8 - Desenvolva testes para atingir 60% de cobertura total da aplicação Cobertura de \"Branches\" total deverá ser maior ou igual a 60.",
              "timedOut": null,
              "duration": 18,
              "state": "failed",
              "speed": null,
              "pass": false,
              "fail": true,
              "pending": false,
              "context": null,
              "code": "cy.getCoverage().its('total.branches.pct', {\n  timeout: 0\n}).should('be.gte', 60.00);",
              "err": {
                "message": "AssertionError: Timed out retrying after 0ms: expected 0 to be at least 60",
                "estack": "AssertionError: Timed out retrying after 0ms: expected 0 to be at least 60\n    at Context.eval (webpack:///./cypress/e2e/08.testCoverage60.cy.js:11:63)",
                "diff": null
              },
              "uuid": "045326cc-62c1-4274-9e6d-6ffddd4ad4b4",
              "parentUUID": "c911fc9e-3a3d-4bb0-91e8-171c0e36ff35",
              "isHook": false,
              "skipped": false
            },
            {
              "title": "Cobertura de \"Lines\" total deverá ser maior ou igual a 60.",
              "fullTitle": "8 - Desenvolva testes para atingir 60% de cobertura total da aplicação Cobertura de \"Lines\" total deverá ser maior ou igual a 60.",
              "timedOut": null,
              "duration": 27,
              "state": "failed",
              "speed": null,
              "pass": false,
              "fail": true,
              "pending": false,
              "context": null,
              "code": "cy.getCoverage().its('total.lines.pct', {\n  timeout: 0\n}).should('be.gte', 60.00);",
              "err": {
                "message": "AssertionError: Timed out retrying after 0ms: expected 16.66 to be at least 60",
                "estack": "AssertionError: Timed out retrying after 0ms: expected 16.66 to be at least 60\n    at Context.eval (webpack:///./cypress/e2e/08.testCoverage60.cy.js:15:60)",
                "diff": "- 16.66\n+ 60\n"
              },
              "uuid": "bcd54b02-917d-4c44-a7a5-f40eaddce154",
              "parentUUID": "c911fc9e-3a3d-4bb0-91e8-171c0e36ff35",
              "isHook": false,
              "skipped": false
            }
          ],
          "suites": [],
          "passes": [],
          "failures": [
            "cc50fda1-c9a5-47b0-8f2a-3f62978c3841",
            "92cdaabd-0773-4722-bda1-0d863ac9e59b",
            "045326cc-62c1-4274-9e6d-6ffddd4ad4b4",
            "bcd54b02-917d-4c44-a7a5-f40eaddce154"
          ],
          "pending": [],
          "skipped": [],
          "duration": 93,
          "root": false,
          "rootEmpty": false,
          "_timeout": 2000
        }
      ],
      "passes": [],
      "failures": [],
      "pending": [],
      "skipped": [],
      "duration": 0,
      "root": true,
      "rootEmpty": true,
      "_timeout": 2000
    }
  ],
  "meta": {
    "mocha": {
      "version": "7.0.1"
    },
    "mochawesome": {
      "options": {
        "quiet": false,
        "reportFilename": "mochawesome",
        "saveHtml": false,
        "saveJson": true,
        "consoleReporter": "spec",
        "useInlineDiffs": false,
        "code": true
      },
      "version": "7.1.3"
    },
    "marge": {
      "options": {
        "id": "default",
        "reportDir": "cypress/reports",
        "overwrite": false,
        "html": false,
        "json": true
      },
      "version": "6.2.0"
    }
  }
}