<?xml version="1.0" encoding="UTF-8"?>
<coverage generated="1685979081377" clover="3.2.0">
  <project timestamp="1685979081377" name="All files">
    <metrics statements="97" coveredstatements="67" conditionals="25" coveredconditionals="8" methods="40" coveredmethods="30" elements="162" coveredelements="105" complexity="0" loc="97" ncloc="97" packages="4" files="12" classes="12"/>
    <package name="src">
      <metrics statements="1" coveredstatements="1" conditionals="0" coveredconditionals="0" methods="1" coveredmethods="1"/>
      <file name="App.js" path="/home/dante/projetos-trybe/sd-030-b-project-starwars-planets-search/src/App.js">
        <metrics statements="1" coveredstatements="1" conditionals="0" coveredconditionals="0" methods="1" coveredmethods="1"/>
        <line num="9" count="7" type="stmt"/>
      </file>
    </package>
    <package name="src.components">
      <metrics statements="29" coveredstatements="22" conditionals="4" coveredconditionals="4" methods="22" coveredmethods="15"/>
      <file name="Filter.js" path="/home/dante/projetos-trybe/sd-030-b-project-starwars-planets-search/src/components/Filter.js">
        <metrics statements="10" coveredstatements="8" conditionals="2" coveredconditionals="2" methods="9" coveredmethods="7"/>
        <line num="6" count="21" type="stmt"/>
        <line num="8" count="21" type="stmt"/>
        <line num="15" count="2" type="stmt"/>
        <line num="21" count="97" type="stmt"/>
        <line num="30" count="1" type="stmt"/>
        <line num="41" count="10" type="stmt"/>
        <line num="46" count="2" type="stmt"/>
        <line num="56" count="8" type="stmt"/>
        <line num="61" count="0" type="stmt"/>
        <line num="72" count="0" type="stmt"/>
      </file>
      <file name="SearchInput.js" path="/home/dante/projetos-trybe/sd-030-b-project-starwars-planets-search/src/components/SearchInput.js">
        <metrics statements="3" coveredstatements="2" conditionals="0" coveredconditionals="0" methods="2" coveredmethods="1"/>
        <line num="5" count="6" type="stmt"/>
        <line num="7" count="6" type="stmt"/>
        <line num="13" count="0" type="stmt"/>
      </file>
      <file name="Sort.js" path="/home/dante/projetos-trybe/sd-030-b-project-starwars-planets-search/src/components/Sort.js">
        <metrics statements="7" coveredstatements="3" conditionals="0" coveredconditionals="0" methods="6" coveredmethods="2"/>
        <line num="6" count="6" type="stmt"/>
        <line num="7" count="6" type="stmt"/>
        <line num="11" count="0" type="stmt"/>
        <line num="17" count="30" type="stmt"/>
        <line num="33" count="0" type="stmt"/>
        <line num="43" count="0" type="stmt"/>
        <line num="48" count="0" type="stmt"/>
      </file>
      <file name="Table.js" path="/home/dante/projetos-trybe/sd-030-b-project-starwars-planets-search/src/components/Table.js">
        <metrics statements="9" coveredstatements="9" conditionals="2" coveredconditionals="2" methods="5" coveredmethods="5"/>
        <line num="8" count="24" type="stmt"/>
        <line num="9" count="23" type="stmt"/>
        <line num="10" count="23" type="stmt"/>
        <line num="11" count="23" type="stmt"/>
        <line num="13" count="23" type="stmt"/>
        <line num="21" count="104" type="stmt"/>
        <line num="30" count="80" type="stmt"/>
        <line num="32" count="53" type="stmt"/>
        <line num="34" count="61" type="stmt"/>
      </file>
    </package>
    <package name="src.context">
      <metrics statements="57" coveredstatements="34" conditionals="21" coveredconditionals="4" methods="13" coveredmethods="10"/>
      <file name="filterContext.js" path="/home/dante/projetos-trybe/sd-030-b-project-starwars-planets-search/src/context/filterContext.js">
        <metrics statements="1" coveredstatements="1" conditionals="0" coveredconditionals="0" methods="0" coveredmethods="0"/>
        <line num="3" count="1" type="stmt"/>
      </file>
      <file name="filterProvider.js" path="/home/dante/projetos-trybe/sd-030-b-project-starwars-planets-search/src/context/filterProvider.js">
        <metrics statements="29" coveredstatements="19" conditionals="6" coveredconditionals="2" methods="9" coveredmethods="7"/>
        <line num="6" count="21" type="stmt"/>
        <line num="12" count="21" type="stmt"/>
        <line num="14" count="21" type="stmt"/>
        <line num="16" count="21" type="stmt"/>
        <line num="19" count="9" type="stmt"/>
        <line num="21" count="2" type="stmt"/>
        <line num="22" count="2" type="stmt"/>
        <line num="30" count="2" type="stmt"/>
        <line num="32" count="2" type="stmt"/>
        <line num="36" count="0" type="cond" truecount="0" falsecount="2"/>
        <line num="37" count="0" type="stmt"/>
        <line num="38" count="0" type="stmt"/>
        <line num="40" count="0" type="stmt"/>
        <line num="41" count="0" type="stmt"/>
        <line num="42" count="0" type="stmt"/>
        <line num="43" count="0" type="stmt"/>
        <line num="48" count="80" type="stmt"/>
        <line num="50" count="80" type="stmt"/>
        <line num="51" count="80" type="cond" truecount="2" falsecount="2"/>
        <line num="53" count="10" type="stmt"/>
        <line num="54" count="10" type="stmt"/>
        <line num="56" count="70" type="stmt"/>
        <line num="57" count="70" type="stmt"/>
        <line num="59" count="0" type="stmt"/>
        <line num="60" count="0" type="stmt"/>
        <line num="62" count="0" type="stmt"/>
        <line num="66" count="80" type="stmt"/>
        <line num="69" count="21" type="stmt"/>
        <line num="86" count="1" type="stmt"/>
      </file>
      <file name="formContext.js" path="/home/dante/projetos-trybe/sd-030-b-project-starwars-planets-search/src/context/formContext.js">
        <metrics statements="1" coveredstatements="1" conditionals="0" coveredconditionals="0" methods="0" coveredmethods="0"/>
        <line num="3" count="1" type="stmt"/>
      </file>
      <file name="formProvider.js" path="/home/dante/projetos-trybe/sd-030-b-project-starwars-planets-search/src/context/formProvider.js">
        <metrics statements="5" coveredstatements="4" conditionals="0" coveredconditionals="0" methods="2" coveredmethods="1"/>
        <line num="6" count="6" type="stmt"/>
        <line num="8" count="6" type="stmt"/>
        <line num="9" count="0" type="stmt"/>
        <line num="12" count="6" type="stmt"/>
        <line num="19" count="1" type="stmt"/>
      </file>
      <file name="sortContext.js" path="/home/dante/projetos-trybe/sd-030-b-project-starwars-planets-search/src/context/sortContext.js">
        <metrics statements="1" coveredstatements="1" conditionals="0" coveredconditionals="0" methods="0" coveredmethods="0"/>
        <line num="3" count="1" type="stmt"/>
      </file>
      <file name="sortProvider.js" path="/home/dante/projetos-trybe/sd-030-b-project-starwars-planets-search/src/context/sortProvider.js">
        <metrics statements="20" coveredstatements="8" conditionals="15" coveredconditionals="2" methods="2" coveredmethods="2"/>
        <line num="6" count="6" type="stmt"/>
        <line num="13" count="6" type="stmt"/>
        <line num="14" count="6" type="stmt"/>
        <line num="16" count="6" type="stmt"/>
        <line num="19" count="53" type="cond" truecount="2" falsecount="2"/>
        <line num="20" count="53" type="stmt"/>
        <line num="22" count="0" type="cond" truecount="0" falsecount="3"/>
        <line num="24" count="0" type="cond" truecount="0" falsecount="2"/>
        <line num="25" count="0" type="stmt"/>
        <line num="26" count="0" type="cond" truecount="0" falsecount="2"/>
        <line num="27" count="0" type="stmt"/>
        <line num="29" count="0" type="stmt"/>
        <line num="31" count="0" type="cond" truecount="0" falsecount="2"/>
        <line num="32" count="0" type="stmt"/>
        <line num="33" count="0" type="cond" truecount="0" falsecount="2"/>
        <line num="34" count="0" type="stmt"/>
        <line num="36" count="0" type="stmt"/>
        <line num="38" count="0" type="stmt"/>
        <line num="42" count="6" type="stmt"/>
        <line num="59" count="1" type="stmt"/>
      </file>
    </package>
    <package name="src.hooks">
      <metrics statements="10" coveredstatements="10" conditionals="0" coveredconditionals="0" methods="4" coveredmethods="4"/>
      <file name="useFetch.js" path="/home/dante/projetos-trybe/sd-030-b-project-starwars-planets-search/src/hooks/useFetch.js">
        <metrics statements="10" coveredstatements="10" conditionals="0" coveredconditionals="0" methods="4" coveredmethods="4"/>
        <line num="4" count="24" type="stmt"/>
        <line num="6" count="23" type="stmt"/>
        <line num="7" count="6" type="stmt"/>
        <line num="8" count="3" type="stmt"/>
        <line num="10" count="3" type="stmt"/>
        <line num="11" count="30" type="stmt"/>
        <line num="13" count="3" type="stmt"/>
        <line num="16" count="23" type="stmt"/>
        <line num="17" count="6" type="stmt"/>
        <line num="20" count="23" type="stmt"/>
      </file>
    </package>
  </project>
</coverage>
