{"total": {"lines":{"total":97,"covered":67,"skipped":0,"pct":69.07},"statements":{"total":100,"covered":70,"skipped":0,"pct":70},"functions":{"total":40,"covered":30,"skipped":0,"pct":75},"branches":{"total":25,"covered":8,"skipped":0,"pct":32},"branchesTrue":{"total":0,"covered":0,"skipped":0,"pct":100}}
,"/home/dante/projetos-trybe/sd-030-b-project-starwars-planets-search/src/App.js": {"lines":{"total":1,"covered":1,"skipped":0,"pct":100},"functions":{"total":1,"covered":1,"skipped":0,"pct":100},"statements":{"total":1,"covered":1,"skipped":0,"pct":100},"branches":{"total":0,"covered":0,"skipped":0,"pct":100}}
,"/home/dante/projetos-trybe/sd-030-b-project-starwars-planets-search/src/components/Filter.js": {"lines":{"total":10,"covered":8,"skipped":0,"pct":80},"functions":{"total":9,"covered":7,"skipped":0,"pct":77.77},"statements":{"total":10,"covered":8,"skipped":0,"pct":80},"branches":{"total":2,"covered":2,"skipped":0,"pct":100}}
,"/home/dante/projetos-trybe/sd-030-b-project-starwars-planets-search/src/components/SearchInput.js": {"lines":{"total":3,"covered":2,"skipped":0,"pct":66.66},"functions":{"total":2,"covered":1,"skipped":0,"pct":50},"statements":{"total":3,"covered":2,"skipped":0,"pct":66.66},"branches":{"total":0,"covered":0,"skipped":0,"pct":100}}
,"/home/dante/projetos-trybe/sd-030-b-project-starwars-planets-search/src/components/Sort.js": {"lines":{"total":7,"covered":3,"skipped":0,"pct":42.85},"functions":{"total":6,"covered":2,"skipped":0,"pct":33.33},"statements":{"total":7,"covered":3,"skipped":0,"pct":42.85},"branches":{"total":0,"covered":0,"skipped":0,"pct":100}}
,"/home/dante/projetos-trybe/sd-030-b-project-starwars-planets-search/src/components/Table.js": {"lines":{"total":9,"covered":9,"skipped":0,"pct":100},"functions":{"total":5,"covered":5,"skipped":0,"pct":100},"statements":{"total":9,"covered":9,"skipped":0,"pct":100},"branches":{"total":2,"covered":2,"skipped":0,"pct":100}}
,"/home/dante/projetos-trybe/sd-030-b-project-starwars-planets-search/src/context/filterContext.js": {"lines":{"total":1,"covered":1,"skipped":0,"pct":100},"functions":{"total":0,"covered":0,"skipped":0,"pct":100},"statements":{"total":1,"covered":1,"skipped":0,"pct":100},"branches":{"total":0,"covered":0,"skipped":0,"pct":100}}
,"/home/dante/projetos-trybe/sd-030-b-project-starwars-planets-search/src/context/filterProvider.js": {"lines":{"total":29,"covered":19,"skipped":0,"pct":65.51},"functions":{"total":9,"covered":7,"skipped":0,"pct":77.77},"statements":{"total":31,"covered":21,"skipped":0,"pct":67.74},"branches":{"total":6,"covered":2,"skipped":0,"pct":33.33}}
,"/home/dante/projetos-trybe/sd-030-b-project-starwars-planets-search/src/context/formContext.js": {"lines":{"total":1,"covered":1,"skipped":0,"pct":100},"functions":{"total":0,"covered":0,"skipped":0,"pct":100},"statements":{"total":1,"covered":1,"skipped":0,"pct":100},"branches":{"total":0,"covered":0,"skipped":0,"pct":100}}
,"/home/dante/projetos-trybe/sd-030-b-project-starwars-planets-search/src/context/formProvider.js": {"lines":{"total":5,"covered":4,"skipped":0,"pct":80},"functions":{"total":2,"covered":1,"skipped":0,"pct":50},"statements":{"total":5,"covered":4,"skipped":0,"pct":80},"branches":{"total":0,"covered":0,"skipped":0,"pct":100}}
,"/home/dante/projetos-trybe/sd-030-b-project-starwars-planets-search/src/context/sortContext.js": {"lines":{"total":1,"covered":1,"skipped":0,"pct":100},"functions":{"total":0,"covered":0,"skipped":0,"pct":100},"statements":{"total":1,"covered":1,"skipped":0,"pct":100},"branches":{"total":0,"covered":0,"skipped":0,"pct":100}}
,"/home/dante/projetos-trybe/sd-030-b-project-starwars-planets-search/src/context/sortProvider.js": {"lines":{"total":20,"covered":8,"skipped":0,"pct":40},"functions":{"total":2,"covered":2,"skipped":0,"pct":100},"statements":{"total":20,"covered":8,"skipped":0,"pct":40},"branches":{"total":15,"covered":2,"skipped":0,"pct":13.33}}
,"/home/dante/projetos-trybe/sd-030-b-project-starwars-planets-search/src/hooks/useFetch.js": {"lines":{"total":10,"covered":10,"skipped":0,"pct":100},"functions":{"total":4,"covered":4,"skipped":0,"pct":100},"statements":{"total":11,"covered":11,"skipped":0,"pct":100},"branches":{"total":0,"covered":0,"skipped":0,"pct":100}}
}
