{"/home/dante/projetos-trybe/sd-030-b-project-starwars-planets-search/src/App.js": {"path":"/home/dante/projetos-trybe/sd-030-b-project-starwars-planets-search/src/App.js","statementMap":{"0":{"start":{"line":9,"column":2},"end":{"line":18,"column":4}}},"fnMap":{"0":{"name":"App","decl":{"start":{"line":8,"column":9},"end":{"line":8,"column":12}},"loc":{"start":{"line":8,"column":15},"end":{"line":19,"column":1}},"line":8}},"branchMap":{},"s":{"0":7},"f":{"0":7},"b":{},"_coverageSchema":"1a1c01bbd47fc00a2c39e90264f33305004495a9","hash":"ba6557f1f21cc7afcc26f47be3e919669109c35a"}
,"/home/dante/projetos-trybe/sd-030-b-project-starwars-planets-search/src/components/Filter.js": {"path":"/home/dante/projetos-trybe/sd-030-b-project-starwars-planets-search/src/components/Filter.js","statementMap":{"0":{"start":{"line":6,"column":45},"end":{"line":6,"column":70}},"1":{"start":{"line":8,"column":2},"end":{"line":78,"column":4}},"2":{"start":{"line":15,"column":28},"end":{"line":15,"column":80}},"3":{"start":{"line":21,"column":16},"end":{"line":23,"column":25}},"4":{"start":{"line":30,"column":28},"end":{"line":30,"column":84}},"5":{"start":{"line":41,"column":28},"end":{"line":41,"column":79}},"6":{"start":{"line":46,"column":26},"end":{"line":46,"column":55}},"7":{"start":{"line":56,"column":14},"end":{"line":66,"column":20}},"8":{"start":{"line":61,"column":36},"end":{"line":61,"column":64}},"9":{"start":{"line":72,"column":24},"end":{"line":72,"column":39}}},"fnMap":{"0":{"name":"Filter","decl":{"start":{"line":4,"column":9},"end":{"line":4,"column":15}},"loc":{"start":{"line":4,"column":18},"end":{"line":79,"column":1}},"line":4},"1":{"name":"(anonymous_1)","decl":{"start":{"line":15,"column":21},"end":{"line":15,"column":22}},"loc":{"start":{"line":15,"column":28},"end":{"line":15,"column":80}},"line":15},"2":{"name":"(anonymous_2)","decl":{"start":{"line":20,"column":19},"end":{"line":20,"column":20}},"loc":{"start":{"line":21,"column":16},"end":{"line":23,"column":25}},"line":21},"3":{"name":"(anonymous_3)","decl":{"start":{"line":30,"column":21},"end":{"line":30,"column":22}},"loc":{"start":{"line":30,"column":28},"end":{"line":30,"column":84}},"line":30},"4":{"name":"(anonymous_4)","decl":{"start":{"line":41,"column":21},"end":{"line":41,"column":22}},"loc":{"start":{"line":41,"column":28},"end":{"line":41,"column":79}},"line":41},"5":{"name":"(anonymous_5)","decl":{"start":{"line":46,"column":20},"end":{"line":46,"column":21}},"loc":{"start":{"line":46,"column":26},"end":{"line":46,"column":55}},"line":46},"6":{"name":"(anonymous_6)","decl":{"start":{"line":55,"column":32},"end":{"line":55,"column":33}},"loc":{"start":{"line":56,"column":14},"end":{"line":66,"column":20}},"line":56},"7":{"name":"(anonymous_7)","decl":{"start":{"line":61,"column":30},"end":{"line":61,"column":31}},"loc":{"start":{"line":61,"column":36},"end":{"line":61,"column":64}},"line":61},"8":{"name":"(anonymous_8)","decl":{"start":{"line":72,"column":18},"end":{"line":72,"column":19}},"loc":{"start":{"line":72,"column":24},"end":{"line":72,"column":39}},"line":72}},"branchMap":{"0":{"loc":{"start":{"line":51,"column":8},"end":{"line":69,"column":9}},"type":"binary-expr","locations":[{"start":{"line":51,"column":8},"end":{"line":51,"column":32}},{"start":{"line":53,"column":10},"end":{"line":68,"column":16}}],"line":51}},"s":{"0":21,"1":21,"2":2,"3":97,"4":1,"5":10,"6":2,"7":8,"8":0,"9":0},"f":{"0":21,"1":2,"2":97,"3":1,"4":10,"5":2,"6":8,"7":0,"8":0},"b":{"0":[21,7]},"_coverageSchema":"1a1c01bbd47fc00a2c39e90264f33305004495a9","hash":"1603a81147d1d61053336858d7367a9d309582e0"}
,"/home/dante/projetos-trybe/sd-030-b-project-starwars-planets-search/src/components/SearchInput.js": {"path":"/home/dante/projetos-trybe/sd-030-b-project-starwars-planets-search/src/components/SearchInput.js","statementMap":{"0":{"start":{"line":5,"column":35},"end":{"line":5,"column":58}},"1":{"start":{"line":7,"column":2},"end":{"line":18,"column":4}},"2":{"start":{"line":13,"column":35},"end":{"line":13,"column":61}}},"fnMap":{"0":{"name":"SearchInput","decl":{"start":{"line":4,"column":9},"end":{"line":4,"column":20}},"loc":{"start":{"line":4,"column":23},"end":{"line":19,"column":1}},"line":4},"1":{"name":"(anonymous_1)","decl":{"start":{"line":13,"column":19},"end":{"line":13,"column":20}},"loc":{"start":{"line":13,"column":35},"end":{"line":13,"column":61}},"line":13}},"branchMap":{},"s":{"0":6,"1":6,"2":0},"f":{"0":6,"1":0},"b":{},"_coverageSchema":"1a1c01bbd47fc00a2c39e90264f33305004495a9","hash":"4776a1a26f0cf9e47e00308a5cdc25c4266e6ea3"}
,"/home/dante/projetos-trybe/sd-030-b-project-starwars-planets-search/src/components/Sort.js": {"path":"/home/dante/projetos-trybe/sd-030-b-project-starwars-planets-search/src/components/Sort.js","statementMap":{"0":{"start":{"line":6,"column":26},"end":{"line":6,"column":49}},"1":{"start":{"line":7,"column":2},"end":{"line":53,"column":4}},"2":{"start":{"line":11,"column":26},"end":{"line":11,"column":55}},"3":{"start":{"line":17,"column":12},"end":{"line":22,"column":21}},"4":{"start":{"line":33,"column":26},"end":{"line":33,"column":50}},"5":{"start":{"line":43,"column":26},"end":{"line":43,"column":50}},"6":{"start":{"line":48,"column":24},"end":{"line":48,"column":79}}},"fnMap":{"0":{"name":"Sort","decl":{"start":{"line":4,"column":9},"end":{"line":4,"column":13}},"loc":{"start":{"line":4,"column":16},"end":{"line":54,"column":1}},"line":4},"1":{"name":"(anonymous_1)","decl":{"start":{"line":11,"column":19},"end":{"line":11,"column":20}},"loc":{"start":{"line":11,"column":26},"end":{"line":11,"column":55}},"line":11},"2":{"name":"(anonymous_2)","decl":{"start":{"line":16,"column":15},"end":{"line":16,"column":16}},"loc":{"start":{"line":17,"column":12},"end":{"line":22,"column":21}},"line":17},"3":{"name":"(anonymous_3)","decl":{"start":{"line":33,"column":19},"end":{"line":33,"column":20}},"loc":{"start":{"line":33,"column":26},"end":{"line":33,"column":50}},"line":33},"4":{"name":"(anonymous_4)","decl":{"start":{"line":43,"column":19},"end":{"line":43,"column":20}},"loc":{"start":{"line":43,"column":26},"end":{"line":43,"column":50}},"line":43},"5":{"name":"(anonymous_5)","decl":{"start":{"line":48,"column":18},"end":{"line":48,"column":19}},"loc":{"start":{"line":48,"column":24},"end":{"line":48,"column":79}},"line":48}},"branchMap":{},"s":{"0":6,"1":6,"2":0,"3":30,"4":0,"5":0,"6":0},"f":{"0":6,"1":0,"2":30,"3":0,"4":0,"5":0},"b":{},"_coverageSchema":"1a1c01bbd47fc00a2c39e90264f33305004495a9","hash":"d8a23107bb9306458eff84e34c1a2b382e25fac7"}
,"/home/dante/projetos-trybe/sd-030-b-project-starwars-planets-search/src/components/Table.js": {"path":"/home/dante/projetos-trybe/sd-030-b-project-starwars-planets-search/src/components/Table.js","statementMap":{"0":{"start":{"line":8,"column":19},"end":{"line":8,"column":29}},"1":{"start":{"line":9,"column":21},"end":{"line":9,"column":44}},"2":{"start":{"line":10,"column":32},"end":{"line":10,"column":57}},"3":{"start":{"line":11,"column":21},"end":{"line":11,"column":44}},"4":{"start":{"line":13,"column":2},"end":{"line":57,"column":4}},"5":{"start":{"line":21,"column":18},"end":{"line":25,"column":23}},"6":{"start":{"line":30,"column":40},"end":{"line":30,"column":82}},"7":{"start":{"line":32,"column":32},"end":{"line":32,"column":44}},"8":{"start":{"line":34,"column":18},"end":{"line":48,"column":23}}},"fnMap":{"0":{"name":"Table","decl":{"start":{"line":7,"column":9},"end":{"line":7,"column":14}},"loc":{"start":{"line":7,"column":17},"end":{"line":58,"column":1}},"line":7},"1":{"name":"(anonymous_1)","decl":{"start":{"line":20,"column":43},"end":{"line":20,"column":44}},"loc":{"start":{"line":21,"column":18},"end":{"line":25,"column":23}},"line":21},"2":{"name":"(anonymous_2)","decl":{"start":{"line":30,"column":28},"end":{"line":30,"column":29}},"loc":{"start":{"line":30,"column":40},"end":{"line":30,"column":82}},"line":30},"3":{"name":"(anonymous_3)","decl":{"start":{"line":32,"column":22},"end":{"line":32,"column":23}},"loc":{"start":{"line":32,"column":32},"end":{"line":32,"column":44}},"line":32},"4":{"name":"(anonymous_4)","decl":{"start":{"line":33,"column":21},"end":{"line":33,"column":22}},"loc":{"start":{"line":34,"column":18},"end":{"line":48,"column":23}},"line":34}},"branchMap":{"0":{"loc":{"start":{"line":15,"column":8},"end":{"line":55,"column":9}},"type":"cond-expr","locations":[{"start":{"line":17,"column":10},"end":{"line":51,"column":18}},{"start":{"line":54,"column":10},"end":{"line":54,"column":27}}],"line":15}},"s":{"0":24,"1":23,"2":23,"3":23,"4":23,"5":104,"6":80,"7":53,"8":61},"f":{"0":24,"1":104,"2":80,"3":53,"4":61},"b":{"0":[8,15]},"_coverageSchema":"1a1c01bbd47fc00a2c39e90264f33305004495a9","hash":"278d546ecb2da26d5ed4115a6f65bcfddbc12ef9"}
,"/home/dante/projetos-trybe/sd-030-b-project-starwars-planets-search/src/context/filterContext.js": {"path":"/home/dante/projetos-trybe/sd-030-b-project-starwars-planets-search/src/context/filterContext.js","statementMap":{"0":{"start":{"line":3,"column":22},"end":{"line":3,"column":37}}},"fnMap":{},"branchMap":{},"s":{"0":1},"f":{},"b":{},"_coverageSchema":"1a1c01bbd47fc00a2c39e90264f33305004495a9","hash":"3d1f073d5b329d5aa157db1137dd5a0bb51c374d"}
,"/home/dante/projetos-trybe/sd-030-b-project-starwars-planets-search/src/context/filterProvider.js": {"path":"/home/dante/projetos-trybe/sd-030-b-project-starwars-planets-search/src/context/filterProvider.js","statementMap":{"0":{"start":{"line":6,"column":34},"end":{"line":10,"column":4}},"1":{"start":{"line":12,"column":25},"end":{"line":13,"column":51}},"2":{"start":{"line":14,"column":32},"end":{"line":14,"column":56}},"3":{"start":{"line":16,"column":44},"end":{"line":16,"column":56}},"4":{"start":{"line":19,"column":23},"end":{"line":19,"column":64}},"5":{"start":{"line":19,"column":50},"end":{"line":19,"column":63}},"6":{"start":{"line":21,"column":4},"end":{"line":21,"column":27}},"7":{"start":{"line":22,"column":4},"end":{"line":26,"column":7}},"8":{"start":{"line":30,"column":4},"end":{"line":30,"column":51}},"9":{"start":{"line":32,"column":4},"end":{"line":32,"column":21}},"10":{"start":{"line":36,"column":4},"end":{"line":44,"column":5}},"11":{"start":{"line":37,"column":6},"end":{"line":37,"column":27}},"12":{"start":{"line":38,"column":6},"end":{"line":38,"column":33}},"13":{"start":{"line":40,"column":31},"end":{"line":41,"column":53}},"14":{"start":{"line":41,"column":28},"end":{"line":41,"column":52}},"15":{"start":{"line":42,"column":6},"end":{"line":42,"column":41}},"16":{"start":{"line":43,"column":6},"end":{"line":43,"column":39}},"17":{"start":{"line":48,"column":23},"end":{"line":48,"column":25}},"18":{"start":{"line":50,"column":4},"end":{"line":64,"column":7}},"19":{"start":{"line":51,"column":6},"end":{"line":63,"column":7}},"20":{"start":{"line":53,"column":8},"end":{"line":53,"column":78}},"21":{"start":{"line":54,"column":8},"end":{"line":54,"column":14}},"22":{"start":{"line":56,"column":8},"end":{"line":56,"column":78}},"23":{"start":{"line":57,"column":8},"end":{"line":57,"column":14}},"24":{"start":{"line":59,"column":8},"end":{"line":59,"column":80}},"25":{"start":{"line":60,"column":8},"end":{"line":60,"column":14}},"26":{"start":{"line":62,"column":8},"end":{"line":62,"column":20}},"27":{"start":{"line":66,"column":4},"end":{"line":66,"column":42}},"28":{"start":{"line":66,"column":37},"end":{"line":66,"column":40}},"29":{"start":{"line":69,"column":2},"end":{"line":83,"column":4}},"30":{"start":{"line":86,"column":0},"end":{"line":88,"column":2}}},"fnMap":{"0":{"name":"FilterProvider","decl":{"start":{"line":5,"column":9},"end":{"line":5,"column":23}},"loc":{"start":{"line":5,"column":38},"end":{"line":84,"column":1}},"line":5},"1":{"name":"RemoveOption","decl":{"start":{"line":18,"column":11},"end":{"line":18,"column":23}},"loc":{"start":{"line":18,"column":28},"end":{"line":27,"column":3}},"line":18},"2":{"name":"(anonymous_2)","decl":{"start":{"line":19,"column":38},"end":{"line":19,"column":39}},"loc":{"start":{"line":19,"column":50},"end":{"line":19,"column":63}},"line":19},"3":{"name":"HandleFilter","decl":{"start":{"line":29,"column":11},"end":{"line":29,"column":23}},"loc":{"start":{"line":29,"column":28},"end":{"line":33,"column":3}},"line":29},"4":{"name":"RemoveFilters","decl":{"start":{"line":35,"column":11},"end":{"line":35,"column":24}},"loc":{"start":{"line":35,"column":33},"end":{"line":45,"column":3}},"line":35},"5":{"name":"(anonymous_5)","decl":{"start":{"line":41,"column":16},"end":{"line":41,"column":17}},"loc":{"start":{"line":41,"column":28},"end":{"line":41,"column":52}},"line":41},"6":{"name":"HandleFilterCases","decl":{"start":{"line":47,"column":11},"end":{"line":47,"column":28}},"loc":{"start":{"line":47,"column":37},"end":{"line":67,"column":3}},"line":47},"7":{"name":"(anonymous_7)","decl":{"start":{"line":50,"column":26},"end":{"line":50,"column":27}},"loc":{"start":{"line":50,"column":38},"end":{"line":64,"column":5}},"line":50},"8":{"name":"(anonymous_8)","decl":{"start":{"line":66,"column":28},"end":{"line":66,"column":29}},"loc":{"start":{"line":66,"column":37},"end":{"line":66,"column":40}},"line":66}},"branchMap":{"0":{"loc":{"start":{"line":36,"column":4},"end":{"line":44,"column":5}},"type":"if","locations":[{"start":{"line":36,"column":4},"end":{"line":44,"column":5}},{"start":{"line":39,"column":11},"end":{"line":44,"column":5}}],"line":36},"1":{"loc":{"start":{"line":51,"column":6},"end":{"line":63,"column":7}},"type":"switch","locations":[{"start":{"line":52,"column":6},"end":{"line":54,"column":14}},{"start":{"line":55,"column":6},"end":{"line":57,"column":14}},{"start":{"line":58,"column":6},"end":{"line":60,"column":14}},{"start":{"line":61,"column":6},"end":{"line":62,"column":20}}],"line":51}},"s":{"0":21,"1":21,"2":21,"3":21,"4":2,"5":9,"6":2,"7":2,"8":2,"9":2,"10":0,"11":0,"12":0,"13":0,"14":0,"15":0,"16":0,"17":80,"18":80,"19":80,"20":10,"21":10,"22":70,"23":70,"24":0,"25":0,"26":0,"27":80,"28":78,"29":21,"30":1},"f":{"0":21,"1":2,"2":9,"3":2,"4":0,"5":0,"6":80,"7":80,"8":78},"b":{"0":[0,0],"1":[10,70,0,0]},"_coverageSchema":"1a1c01bbd47fc00a2c39e90264f33305004495a9","hash":"beff227998ed3581eb9044d0fd019edc7ea52d16"}
,"/home/dante/projetos-trybe/sd-030-b-project-starwars-planets-search/src/context/formContext.js": {"path":"/home/dante/projetos-trybe/sd-030-b-project-starwars-planets-search/src/context/formContext.js","statementMap":{"0":{"start":{"line":3,"column":20},"end":{"line":3,"column":35}}},"fnMap":{},"branchMap":{},"s":{"0":1},"f":{},"b":{},"_coverageSchema":"1a1c01bbd47fc00a2c39e90264f33305004495a9","hash":"495da946a05b5a39100bfb673034eda016e14d69"}
,"/home/dante/projetos-trybe/sd-030-b-project-starwars-planets-search/src/context/formProvider.js": {"path":"/home/dante/projetos-trybe/sd-030-b-project-starwars-planets-search/src/context/formProvider.js","statementMap":{"0":{"start":{"line":6,"column":30},"end":{"line":6,"column":42}},"1":{"start":{"line":8,"column":23},"end":{"line":10,"column":3}},"2":{"start":{"line":9,"column":4},"end":{"line":9,"column":21}},"3":{"start":{"line":12,"column":2},"end":{"line":16,"column":4}},"4":{"start":{"line":19,"column":0},"end":{"line":21,"column":2}}},"fnMap":{"0":{"name":"FormProvider","decl":{"start":{"line":5,"column":9},"end":{"line":5,"column":21}},"loc":{"start":{"line":5,"column":36},"end":{"line":17,"column":1}},"line":5},"1":{"name":"(anonymous_1)","decl":{"start":{"line":8,"column":23},"end":{"line":8,"column":24}},"loc":{"start":{"line":8,"column":34},"end":{"line":10,"column":3}},"line":8}},"branchMap":{},"s":{"0":6,"1":6,"2":0,"3":6,"4":1},"f":{"0":6,"1":0},"b":{},"_coverageSchema":"1a1c01bbd47fc00a2c39e90264f33305004495a9","hash":"e9f4b15010343b6f459f5ab7782650cff972687d"}
,"/home/dante/projetos-trybe/sd-030-b-project-starwars-planets-search/src/context/sortContext.js": {"path":"/home/dante/projetos-trybe/sd-030-b-project-starwars-planets-search/src/context/sortContext.js","statementMap":{"0":{"start":{"line":3,"column":20},"end":{"line":3,"column":35}}},"fnMap":{},"branchMap":{},"s":{"0":1},"f":{},"b":{},"_coverageSchema":"1a1c01bbd47fc00a2c39e90264f33305004495a9","hash":"69ae48856f0fe512aa0f472fc8f14cb05a8d67ab"}
,"/home/dante/projetos-trybe/sd-030-b-project-starwars-planets-search/src/context/sortProvider.js": {"path":"/home/dante/projetos-trybe/sd-030-b-project-starwars-planets-search/src/context/sortProvider.js","statementMap":{"0":{"start":{"line":6,"column":26},"end":{"line":11,"column":4}},"1":{"start":{"line":13,"column":38},"end":{"line":13,"column":60}},"2":{"start":{"line":14,"column":28},"end":{"line":14,"column":40}},"3":{"start":{"line":16,"column":14},"end":{"line":16,"column":16}},"4":{"start":{"line":19,"column":4},"end":{"line":21,"column":5}},"5":{"start":{"line":20,"column":6},"end":{"line":20,"column":18}},"6":{"start":{"line":22,"column":4},"end":{"line":39,"column":5}},"7":{"start":{"line":24,"column":6},"end":{"line":26,"column":7}},"8":{"start":{"line":25,"column":8},"end":{"line":25,"column":17}},"9":{"start":{"line":26,"column":8},"end":{"line":28,"column":7}},"10":{"start":{"line":27,"column":8},"end":{"line":27,"column":19}},"11":{"start":{"line":29,"column":6},"end":{"line":29,"column":69}},"12":{"start":{"line":31,"column":6},"end":{"line":33,"column":7}},"13":{"start":{"line":32,"column":8},"end":{"line":32,"column":17}},"14":{"start":{"line":33,"column":8},"end":{"line":35,"column":7}},"15":{"start":{"line":34,"column":8},"end":{"line":34,"column":19}},"16":{"start":{"line":36,"column":6},"end":{"line":36,"column":69}},"17":{"start":{"line":38,"column":6},"end":{"line":38,"column":12}},"18":{"start":{"line":42,"column":2},"end":{"line":56,"column":4}},"19":{"start":{"line":59,"column":0},"end":{"line":61,"column":2}}},"fnMap":{"0":{"name":"SortProvider","decl":{"start":{"line":5,"column":9},"end":{"line":5,"column":21}},"loc":{"start":{"line":5,"column":36},"end":{"line":57,"column":1}},"line":5},"1":{"name":"SortBy","decl":{"start":{"line":18,"column":11},"end":{"line":18,"column":17}},"loc":{"start":{"line":18,"column":36},"end":{"line":40,"column":3}},"line":18}},"branchMap":{"0":{"loc":{"start":{"line":19,"column":4},"end":{"line":21,"column":5}},"type":"if","locations":[{"start":{"line":19,"column":4},"end":{"line":21,"column":5}},{"start":{},"end":{}}],"line":19},"1":{"loc":{"start":{"line":19,"column":8},"end":{"line":19,"column":46}},"type":"binary-expr","locations":[{"start":{"line":19,"column":8},"end":{"line":19,"column":26}},{"start":{"line":19,"column":30},"end":{"line":19,"column":46}}],"line":19},"2":{"loc":{"start":{"line":22,"column":4},"end":{"line":39,"column":5}},"type":"switch","locations":[{"start":{"line":23,"column":4},"end":{"line":29,"column":69}},{"start":{"line":30,"column":4},"end":{"line":36,"column":69}},{"start":{"line":37,"column":4},"end":{"line":38,"column":12}}],"line":22},"3":{"loc":{"start":{"line":24,"column":6},"end":{"line":26,"column":7}},"type":"if","locations":[{"start":{"line":24,"column":6},"end":{"line":26,"column":7}},{"start":{},"end":{}}],"line":24},"4":{"loc":{"start":{"line":26,"column":8},"end":{"line":28,"column":7}},"type":"if","locations":[{"start":{"line":26,"column":8},"end":{"line":28,"column":7}},{"start":{},"end":{}}],"line":26},"5":{"loc":{"start":{"line":31,"column":6},"end":{"line":33,"column":7}},"type":"if","locations":[{"start":{"line":31,"column":6},"end":{"line":33,"column":7}},{"start":{},"end":{}}],"line":31},"6":{"loc":{"start":{"line":33,"column":8},"end":{"line":35,"column":7}},"type":"if","locations":[{"start":{"line":33,"column":8},"end":{"line":35,"column":7}},{"start":{},"end":{}}],"line":33}},"s":{"0":6,"1":6,"2":6,"3":6,"4":53,"5":53,"6":0,"7":0,"8":0,"9":0,"10":0,"11":0,"12":0,"13":0,"14":0,"15":0,"16":0,"17":0,"18":6,"19":1},"f":{"0":6,"1":53},"b":{"0":[53,0],"1":[53,0],"2":[0,0,0],"3":[0,0],"4":[0,0],"5":[0,0],"6":[0,0]},"_coverageSchema":"1a1c01bbd47fc00a2c39e90264f33305004495a9","hash":"aefcb0b19e8ad7b4a70b24260b043f06a6f7b305"}
,"/home/dante/projetos-trybe/sd-030-b-project-starwars-planets-search/src/hooks/useFetch.js": {"path":"/home/dante/projetos-trybe/sd-030-b-project-starwars-planets-search/src/hooks/useFetch.js","statementMap":{"0":{"start":{"line":4,"column":26},"end":{"line":4,"column":38}},"1":{"start":{"line":6,"column":20},"end":{"line":14,"column":3}},"2":{"start":{"line":7,"column":21},"end":{"line":7,"column":65}},"3":{"start":{"line":8,"column":25},"end":{"line":8,"column":46}},"4":{"start":{"line":10,"column":24},"end":{"line":10,"column":36}},"5":{"start":{"line":11,"column":4},"end":{"line":11,"column":57}},"6":{"start":{"line":11,"column":32},"end":{"line":11,"column":55}},"7":{"start":{"line":13,"column":4},"end":{"line":13,"column":21}},"8":{"start":{"line":16,"column":2},"end":{"line":18,"column":9}},"9":{"start":{"line":17,"column":4},"end":{"line":17,"column":16}},"10":{"start":{"line":20,"column":2},"end":{"line":22,"column":4}}},"fnMap":{"0":{"name":"useFetch","decl":{"start":{"line":3,"column":9},"end":{"line":3,"column":17}},"loc":{"start":{"line":3,"column":20},"end":{"line":23,"column":1}},"line":3},"1":{"name":"(anonymous_1)","decl":{"start":{"line":6,"column":20},"end":{"line":6,"column":21}},"loc":{"start":{"line":6,"column":32},"end":{"line":14,"column":3}},"line":6},"2":{"name":"(anonymous_2)","decl":{"start":{"line":11,"column":20},"end":{"line":11,"column":21}},"loc":{"start":{"line":11,"column":32},"end":{"line":11,"column":55}},"line":11},"3":{"name":"(anonymous_3)","decl":{"start":{"line":16,"column":12},"end":{"line":16,"column":13}},"loc":{"start":{"line":16,"column":18},"end":{"line":18,"column":3}},"line":16}},"branchMap":{},"s":{"0":24,"1":23,"2":6,"3":3,"4":3,"5":3,"6":30,"7":3,"8":23,"9":6,"10":23},"f":{"0":24,"1":6,"2":30,"3":6},"b":{},"_coverageSchema":"1a1c01bbd47fc00a2c39e90264f33305004495a9","hash":"92a8307f6aba947b97d2f976367590e7a65bc7ff"}
}
