TN:
SF:src/App.js
FN:8,App
FNF:1
FNH:1
FNDA:7,App
DA:9,7
LF:1
LH:1
BRF:0
BRH:0
end_of_record
TN:
SF:src/components/Filter.js
FN:4,Filter
FN:15,(anonymous_1)
FN:20,(anonymous_2)
FN:30,(anonymous_3)
FN:41,(anonymous_4)
FN:46,(anonymous_5)
FN:55,(anonymous_6)
FN:61,(anonymous_7)
FN:72,(anonymous_8)
FNF:9
FNH:7
FNDA:21,Filter
FNDA:2,(anonymous_1)
FNDA:97,(anonymous_2)
FNDA:1,(anonymous_3)
FNDA:10,(anonymous_4)
FNDA:2,(anonymous_5)
FNDA:8,(anonymous_6)
FNDA:0,(anonymous_7)
FNDA:0,(anonymous_8)
DA:6,21
DA:8,21
DA:15,2
DA:21,97
DA:30,1
DA:41,10
DA:46,2
DA:56,8
DA:61,0
DA:72,0
LF:10
LH:8
BRDA:51,0,0,21
BRDA:51,0,1,7
BRF:2
BRH:2
end_of_record
TN:
SF:src/components/SearchInput.js
FN:4,SearchInput
FN:13,(anonymous_1)
FNF:2
FNH:1
FNDA:6,SearchInput
FNDA:0,(anonymous_1)
DA:5,6
DA:7,6
DA:13,0
LF:3
LH:2
BRF:0
BRH:0
end_of_record
TN:
SF:src/components/Sort.js
FN:4,Sort
FN:11,(anonymous_1)
FN:16,(anonymous_2)
FN:33,(anonymous_3)
FN:43,(anonymous_4)
FN:48,(anonymous_5)
FNF:6
FNH:2
FNDA:6,Sort
FNDA:0,(anonymous_1)
FNDA:30,(anonymous_2)
FNDA:0,(anonymous_3)
FNDA:0,(anonymous_4)
FNDA:0,(anonymous_5)
DA:6,6
DA:7,6
DA:11,0
DA:17,30
DA:33,0
DA:43,0
DA:48,0
LF:7
LH:3
BRF:0
BRH:0
end_of_record
TN:
SF:src/components/Table.js
FN:7,Table
FN:20,(anonymous_1)
FN:30,(anonymous_2)
FN:32,(anonymous_3)
FN:33,(anonymous_4)
FNF:5
FNH:5
FNDA:24,Table
FNDA:104,(anonymous_1)
FNDA:80,(anonymous_2)
FNDA:53,(anonymous_3)
FNDA:61,(anonymous_4)
DA:8,24
DA:9,23
DA:10,23
DA:11,23
DA:13,23
DA:21,104
DA:30,80
DA:32,53
DA:34,61
LF:9
LH:9
BRDA:15,0,0,8
BRDA:15,0,1,15
BRF:2
BRH:2
end_of_record
TN:
SF:src/context/filterContext.js
FNF:0
FNH:0
DA:3,1
LF:1
LH:1
BRF:0
BRH:0
end_of_record
TN:
SF:src/context/filterProvider.js
FN:5,FilterProvider
FN:18,RemoveOption
FN:19,(anonymous_2)
FN:29,HandleFilter
FN:35,RemoveFilters
FN:41,(anonymous_5)
FN:47,HandleFilterCases
FN:50,(anonymous_7)
FN:66,(anonymous_8)
FNF:9
FNH:7
FNDA:21,FilterProvider
FNDA:2,RemoveOption
FNDA:9,(anonymous_2)
FNDA:2,HandleFilter
FNDA:0,RemoveFilters
FNDA:0,(anonymous_5)
FNDA:80,HandleFilterCases
FNDA:80,(anonymous_7)
FNDA:78,(anonymous_8)
DA:6,21
DA:12,21
DA:14,21
DA:16,21
DA:19,9
DA:21,2
DA:22,2
DA:30,2
DA:32,2
DA:36,0
DA:37,0
DA:38,0
DA:40,0
DA:41,0
DA:42,0
DA:43,0
DA:48,80
DA:50,80
DA:51,80
DA:53,10
DA:54,10
DA:56,70
DA:57,70
DA:59,0
DA:60,0
DA:62,0
DA:66,80
DA:69,21
DA:86,1
LF:29
LH:19
BRDA:36,0,0,0
BRDA:36,0,1,0
BRDA:51,1,0,10
BRDA:51,1,1,70
BRDA:51,1,2,0
BRDA:51,1,3,0
BRF:6
BRH:2
end_of_record
TN:
SF:src/context/formContext.js
FNF:0
FNH:0
DA:3,1
LF:1
LH:1
BRF:0
BRH:0
end_of_record
TN:
SF:src/context/formProvider.js
FN:5,FormProvider
FN:8,(anonymous_1)
FNF:2
FNH:1
FNDA:6,FormProvider
FNDA:0,(anonymous_1)
DA:6,6
DA:8,6
DA:9,0
DA:12,6
DA:19,1
LF:5
LH:4
BRF:0
BRH:0
end_of_record
TN:
SF:src/context/sortContext.js
FNF:0
FNH:0
DA:3,1
LF:1
LH:1
BRF:0
BRH:0
end_of_record
TN:
SF:src/context/sortProvider.js
FN:5,SortProvider
FN:18,SortBy
FNF:2
FNH:2
FNDA:6,SortProvider
FNDA:53,SortBy
DA:6,6
DA:13,6
DA:14,6
DA:16,6
DA:19,53
DA:20,53
DA:22,0
DA:24,0
DA:25,0
DA:26,0
DA:27,0
DA:29,0
DA:31,0
DA:32,0
DA:33,0
DA:34,0
DA:36,0
DA:38,0
DA:42,6
DA:59,1
LF:20
LH:8
BRDA:19,0,0,53
BRDA:19,0,1,0
BRDA:19,1,0,53
BRDA:19,1,1,0
BRDA:22,2,0,0
BRDA:22,2,1,0
BRDA:22,2,2,0
BRDA:24,3,0,0
BRDA:24,3,1,0
BRDA:26,4,0,0
BRDA:26,4,1,0
BRDA:31,5,0,0
BRDA:31,5,1,0
BRDA:33,6,0,0
BRDA:33,6,1,0
BRF:15
BRH:2
end_of_record
TN:
SF:src/hooks/useFetch.js
FN:3,useFetch
FN:6,(anonymous_1)
FN:11,(anonymous_2)
FN:16,(anonymous_3)
FNF:4
FNH:4
FNDA:24,useFetch
FNDA:6,(anonymous_1)
FNDA:30,(anonymous_2)
FNDA:6,(anonymous_3)
DA:4,24
DA:6,23
DA:7,6
DA:8,3
DA:10,3
DA:11,30
DA:13,3
DA:16,23
DA:17,6
DA:20,23
LF:10
LH:10
BRF:0
BRH:0
end_of_record
